 Maintaining 16 concurrent writes of 4096 bytes for up to 1000 seconds or 0 objects
 Object prefix: benchmark_data_hjem_3552409
   sec Cur ops   started  finished  avg MB/s  cur MB/s  last lat   avg lat
     0       0         0         0         0         0         -         0
     1      16       108        92  0.359344  0.359375  0.049097  0.158304
     2      16       274       258  0.503867  0.648438 0.0504786   0.12246
     3      16       363       347  0.451789  0.347656 0.0291057  0.114555
     4      16       384       368  0.359348 0.0820312  0.489644   0.14471
     5      16       399       383  0.299197 0.0585938  0.160208   0.18648
     6      16       424       408  0.265606 0.0976562   1.12714  0.222549
     7      16       494       478  0.266722  0.273438  0.052104    0.2279
     8      16       578       562  0.274394  0.328125 0.0532743  0.226092
     9      16       615       599  0.259964  0.144531  0.261461  0.234082
    10      16       622       606  0.236702 0.0273438 0.0497577  0.234235
    11      16       637       621   0.22051 0.0585938    1.8999  0.272297
    12      16       643       627  0.204087 0.0234375  0.378694  0.274532
    13      16       650       634  0.190491 0.0273438   1.54425  0.291787
    14      16       656       640  0.178559 0.0234375   3.14795  0.309113
    15      16       667       651  0.169519 0.0429688   1.54411   0.33595
    16      16       673       657  0.160389 0.0234375   1.82745  0.347918
    17      16       681       665  0.152792   0.03125   1.42975  0.365972
    18      16       686       670  0.145389 0.0195312   1.46919  0.383853
    19      16       698       682  0.140204  0.046875  0.415329  0.398843
2016-04-12 15:30:45.139078min lat: 0.0233454 max lat: 6.47867 avg lat: 0.415462
   sec Cur ops   started  finished  avg MB/s  cur MB/s  last lat   avg lat
    20      16       706       690  0.134756   0.03125   1.92673  0.415462
    21      16       720       704  0.130943 0.0546875  0.621393  0.456459
    22      16       727       711  0.126233 0.0273438   1.19734  0.470399
    23      16       758       742   0.12601  0.121094 0.0980254  0.491644
    24      16       829       813  0.132314  0.277344 0.0246618   0.46579
    25      16       913       897  0.140146  0.328125 0.0459068  0.444734
    26      16      1061      1045   0.15699  0.578125 0.0506931   0.39762
    27      16      1139      1123  0.162459  0.304688 0.0501113  0.373447
    28      16      1158      1142  0.159307 0.0742188    1.5224  0.386107
    29      16      1202      1186   0.15974  0.171875  0.254685  0.390985
    30      16      1277      1261   0.16418  0.292969 0.0501464  0.373291
    31      16      1299      1283  0.161656 0.0859375  0.278354  0.381492
    32      16      1436      1420  0.173327  0.535156 0.0383076  0.360295
    33      16      1760      1744  0.206424   1.26562 0.0290862  0.302667
    34      16      1931      1915  0.219997  0.667969 0.0238028  0.279817
    35      16      1946      1930  0.215385 0.0585938 0.0105921  0.281755
    36      16      1984      1968  0.213526  0.148438 0.0178095  0.292469
    37      16      2231      2215   0.23383  0.964844 0.0503487  0.267252
    38      16      2548      2532   0.26026   1.23828 0.0113895  0.240025
    39      16      2789      2773  0.277723  0.9414060.00624306  0.224415
2016-04-12 15:31:05.140634min lat: 0.00624306 max lat: 12.0244 avg lat: 0.220785
   sec Cur ops   started  finished  avg MB/s  cur MB/s  last lat   avg lat
    40      16      2893      2877  0.280936   0.40625  0.298583  0.220785
    41      16      2906      2890  0.275322 0.0507812  0.221292  0.220219
    42      16      2924      2908  0.270441 0.0703125  0.291459  0.223454
    43      16      2939      2923  0.265514 0.0585938  0.116154  0.226952
    44      16      2997      2981  0.264629  0.226562  0.123768  0.233726
    45      16      3035      3019  0.262046  0.148438 0.0227919  0.233836
    46      16      3069      3053  0.259237  0.132812 0.0189527  0.237904
    47      16      3238      3222  0.267766  0.660156 0.0168278  0.233328
    48      16      3851      3835   0.31207   2.39453 0.0806984  0.200135
    49      16      4048      4032  0.321405  0.769531  0.150164  0.194226
    50      16      4270      4254  0.332319  0.867188 0.0286091  0.188005
    51      16      4462      4446  0.340508      0.75  0.052316  0.183506
    52      16      4832      4816  0.361752   1.44531 0.0173634  0.172314
    53      16      5047      5031  0.370771  0.839844 0.0477681  0.168423
    54      16      5308      5292  0.382784   1.01953 0.0475163  0.163218
    55      16      5502      5486  0.389602  0.757812 0.0540444  0.160375
    56      16      5698      5682  0.396316  0.765625 0.0607779  0.157641
    57      16      5935      5919  0.405603  0.925781 0.0115488   0.15403
    58      16      6287      6271  0.422315     1.375 0.0444956   0.14797
    59      16      6559      6543  0.433164    1.0625 0.0771579  0.144217
2016-04-12 15:31:25.142063min lat: 0.00624306 max lat: 12.0244 avg lat: 0.14163
   sec Cur ops   started  finished  avg MB/s  cur MB/s  last lat   avg lat
    60      16      6790      6774  0.440983  0.902344 0.0507077   0.14163
    61      16      7005      6989  0.447521  0.839844 0.0698939  0.139565
    62      16      7214      7198   0.45347  0.816406 0.0344711  0.137749
    63      16      7559      7543  0.467661   1.34766  0.022788  0.133599
    64      16      7830      7814  0.476894   1.05859 0.0168962  0.130972
    65      16      8138      8122  0.488065   1.20312 0.0515686  0.127959
    66      16      8365      8349  0.494104  0.886719  0.055105  0.126435
    67      16      8646      8630  0.503111   1.09766 0.0585333  0.124175
    68      16      8850      8834   0.50743  0.796875 0.0506544   0.12312
    69      16      8967      8951    0.5067  0.457031 0.0416751  0.122548
    70      16      8983      8967  0.500354    0.0625  0.141221  0.123083
    71      16      8986      8970  0.493472 0.0117188  0.558156  0.123378
    72      16      9002      8986  0.487486    0.0625  0.090994  0.125204
    73      16      9024      9008  0.481985 0.0859375  0.066799  0.128821
    74      16      9033      9017  0.475947 0.0351562 0.0479753  0.129408
    75      16      9039      9023  0.469913 0.0234375  0.227878  0.129575
    76      16      9051      9035  0.464347  0.046875  0.135045  0.130807
    77      16      9252      9236  0.468513  0.785156 0.0169182  0.133301
    78      16      9806      9790  0.490248   2.16406 0.0282314  0.127465
    79      16     10008      9992   0.49403  0.789062 0.0476756  0.126418
2016-04-12 15:31:45.143495min lat: 0.00624306 max lat: 12.0244 avg lat: 0.124579
   sec Cur ops   started  finished  avg MB/s  cur MB/s  last lat   avg lat
    80      16     10286     10270  0.501428   1.08594 0.0208758  0.124579
    81      16     10572     10556  0.509029   1.11719 0.0515665  0.122737
    82      16     10820     10804  0.514635   0.96875 0.0606412  0.121381
    83      16     11102     11086  0.521705   1.10156 0.0255133  0.119749
    84      16     11430     11414  0.530746   1.28125 0.0112789  0.117542
    85      16     11731     11715  0.538334   1.17578  0.059001  0.116055
    86      16     12053     12037  0.546699   1.25781  0.022494  0.114297
    87      16     12310     12294  0.551953   1.00391  0.125779  0.113149
    88      16     12509     12493  0.554514  0.777344 0.0660303  0.112675
    89      16     12839     12823  0.562766   1.28906 0.0117982  0.111007
    90      16     13083     13067  0.567103  0.953125  0.116782  0.110179
    91      16     13428     13412  0.575679   1.34766 0.0623402  0.108538
    92      16     13694     13678  0.580715   1.03906 0.0527585   0.10757
    93      16     13921     13905  0.584005  0.886719  0.117694  0.106971
    94      16     14239     14223  0.591006   1.24219 0.0162555  0.105721
    95      16     14558     14542    0.5979   1.24609  0.151109  0.104513
    96      16     14823     14807  0.602454   1.03516 0.0625995  0.103705
    97      16     15092     15076  0.607076   1.05078 0.0533458  0.102915
    98      16     15353     15337  0.611284   1.01953  0.052902  0.102135
    99      16     15491     15475  0.610554  0.539062 0.0107276  0.102268
2016-04-12 15:32:05.144908min lat: 0.00590679 max lat: 12.0244 avg lat: 0.102268
   sec Cur ops   started  finished  avg MB/s  cur MB/s  last lat   avg lat
   100      16     15647     15631  0.610542  0.609375 0.0692088  0.102268
   101      16     15724     15708  0.607474  0.300781  0.360769   0.10247
   102      16     15742     15726  0.602208 0.0703125  0.106408  0.102676
   103      16     15770     15754  0.597423  0.109375 0.0730482  0.103767
   104      16     15797     15781  0.592693  0.105469  0.141904  0.104497
   105      16     15840     15824  0.588648  0.167969  0.549258  0.105364
   106      16     15886     15870  0.584789  0.179688 0.0652512  0.106378
   107      16     15945     15929  0.581478  0.230469 0.0166875  0.107205
   108      16     16033     16017  0.579277   0.34375 0.0750076  0.107066
   109      16     16470     16454  0.589622   1.70703 0.0177739  0.105993
   110      16     16883     16867  0.598927   1.61328 0.0688266  0.104311
   111      16     17117     17101  0.601765  0.914062 0.0610362  0.103824
   112      16     17330     17314  0.603821  0.832031 0.0975226  0.103373
   113      16     17587     17571  0.607361   1.00391 0.0107654  0.102855
   114      16     17876     17860  0.611935   1.12891 0.0168807  0.102104
   115      16     18255     18239  0.619486   1.48047 0.0277694   0.10085
   116      16     18540     18524  0.623743   1.11328 0.0295584  0.100172
   117      16     18789     18773  0.626724  0.972656 0.0725262 0.0997054
   118      16     18966     18950  0.627272  0.691406 0.0614977 0.0995987
   119      16     19166     19150  0.628565   0.78125 0.0218938 0.0994124
2016-04-12 15:32:25.146291min lat: 0.00438898 max lat: 12.0244 avg lat: 0.0980008
   sec Cur ops   started  finished  avg MB/s  cur MB/s  last lat   avg lat
   120      16     19605     19589  0.637617   1.71484 0.0289736 0.0980008
   121      16     19917     19901  0.642419   1.21875 0.0826427 0.0972587
   122      16     20153     20137  0.644709  0.921875 0.0583485 0.0969171
   123      16     20384     20368  0.646803  0.902344 0.0623804 0.0966164
   124      16     20615     20599  0.648863  0.902344 0.0196503 0.0962926
   125      16     20979     20963  0.655046   1.42188 0.0173956 0.0953994
   126      16     21326     21310  0.660605   1.35547 0.0494676 0.0945843
   127      16     21569     21553  0.662877  0.949219 0.0485653 0.0942577
   128      16     21796     21780  0.664625  0.886719 0.0499741 0.0939173
   129      16     21877     21861  0.661925  0.316406 0.0352229 0.0940038
   130      16     21891     21875  0.657254 0.0546875  0.286143 0.0942907
   131      16     21902     21886  0.652565 0.0429688  0.473805 0.0946762
   132      16     21919     21903  0.648124 0.0664062 0.0803896 0.0954121
   133      16     21929     21913  0.643545 0.0390625  0.957433 0.0959559
   134      16     21978     21962  0.640171  0.191406  0.264778 0.0974773
   135      16     21986     21970   0.63566   0.03125  0.271598 0.0975143
   136      16     22038     22022   0.63248  0.203125 0.0570346 0.0984542
   137      16     22103     22087  0.629716  0.253906 0.0983739 0.0992353
   138      16     22680     22664  0.641485   2.25391 0.0255191 0.0974194
   139      16     22979     22963  0.645272   1.16797    0.0664 0.0968464
2016-04-12 15:32:45.147742min lat: 0.00438898 max lat: 12.0244 avg lat: 0.0967061
   sec Cur ops   started  finished  avg MB/s  cur MB/s  last lat   avg lat
   140      16     23177     23161  0.646187  0.773438 0.0388062 0.0967061
   141      16     23495     23479  0.650413   1.24219  0.018702  0.096069
   142      16     23855     23839  0.655735   1.40625 0.0605357 0.0952828
   143      16     24073     24057  0.657104  0.851562 0.0836481 0.0950793
   144      16     24308     24292  0.658915  0.917969 0.0433842 0.0948395
   145      16     24489     24473  0.659247  0.707031 0.0176545  0.094769
   146      16     24910     24894  0.665994   1.64453 0.0289603 0.0938235
   147      16     25252     25236  0.670551   1.33594 0.0579186   0.09318
   148      16     25485     25469   0.67217  0.910156 0.0443248 0.0929479
   149      16     25715     25699  0.673688  0.898438 0.0784314 0.0927428
   150      16     25919     25903  0.674509  0.796875 0.0410013  0.092604
   151      16     26318     26302  0.680363   1.55859   0.08353 0.0918431
   152      16     26697     26681  0.685626   1.48047 0.0578549 0.0911376
   153      16     26953     26937   0.68768         1 0.0619109 0.0908391
   154      16     27161     27145   0.68849    0.8125 0.0935832 0.0907629
   155      16     27364     27348  0.689164  0.792969  0.115306 0.0906708
   156      16     27602     27586  0.690705  0.929688 0.0324962 0.0904699
   157      16     28005     27989  0.696332   1.57422 0.0494586 0.0897427
   158      16     28282     28266  0.698773   1.08203 0.0708565 0.0894209
   159      16     28382     28366  0.696835  0.390625 0.0596202  0.089509
2016-04-12 15:33:05.149158min lat: 0.00438898 max lat: 12.0244 avg lat: 0.089752
   sec Cur ops   started  finished  avg MB/s  cur MB/s  last lat   avg lat
   160      16     28409     28393  0.693139  0.105469  0.188776  0.089752
   161      16     28421     28405  0.689124  0.046875  0.796355  0.090119
   162      16     28426     28410  0.684991 0.0195312  0.342619 0.0901717
   163      16     28433     28417  0.680956 0.0273438   2.19277 0.0906477
   164      16     28475     28459  0.677805  0.164062  0.103618 0.0917744
   165      16     28502     28486  0.674336  0.105469 0.0101937 0.0922805
   166      16     28532     28516   0.67098  0.117188 0.0583759 0.0925648
   167      16     28549     28533  0.667359 0.0664062 0.0896635 0.0928076
   168      16     28677     28661  0.666363       0.5 0.0682174 0.0937814
   169      16     29109     29093  0.672404    1.6875 0.0083192 0.0929061
   170      16     29522     29506  0.677938   1.61328 0.0692984 0.0921688
   171      16     29800     29784  0.680324   1.08594 0.0169325 0.0918507
   172      16     30083     30067  0.682795   1.10547 0.0665242  0.091526
   173      16     30273     30257  0.683138  0.742188 0.0635952 0.0914743
   174      16     30500     30484  0.684308  0.886719 0.0479955 0.0913154
   175      16     30809     30793  0.687294   1.20703 0.0266204 0.0909105
   176      16     31123     31107  0.690358   1.22656 0.0344262 0.0905204
   177      16     31444     31428  0.693541   1.25391 0.0473875 0.0900901
   178      16     31685     31669  0.694933  0.941406 0.0719533 0.0899198
   179      16     31904     31888   0.69583  0.855469 0.0806416 0.0898017
2016-04-12 15:33:25.150600min lat: 0.00438898 max lat: 12.0244 avg lat: 0.0896872
   sec Cur ops   started  finished  avg MB/s  cur MB/s  last lat   avg lat
   180      16     32122     32106  0.696695  0.851562 0.0829268 0.0896872
   181      16     32513     32497  0.701283   1.52734 0.0166509 0.0890527
   182      16     32821     32805   0.70404   1.20312  0.101938 0.0887543
   183      16     33053     33037  0.705145   0.90625 0.0618648 0.0886284
   184      16     33296     33280  0.706471  0.949219 0.0404693  0.088459
   185      16     33479     33463  0.706516  0.714844 0.0408232 0.0884498
   186      16     33927     33911  0.712125      1.75 0.0698891 0.0877532
   187      16     34228     34212  0.714604   1.17578 0.0368609 0.0874274
   188      16     34498     34482  0.716413   1.05469 0.0512902  0.087225
   189      16     34587     34571  0.714462  0.347656  0.312087 0.0872109
   190      16     34600     34584  0.710968 0.0507812 0.0830611 0.0874122
   191      16     34603     34587  0.707307 0.0117188   1.51422 0.0875458
   192      16     34620     34604  0.703969 0.0664062 0.0957963 0.0882154
   193      16     34630     34614  0.700524 0.0390625  0.291265 0.0882833
   194      16     34655     34639  0.697417 0.0976562   4.25188  0.089348
   195      16     34668     34652  0.694101 0.0507812 0.0574204 0.0894922
   196      16     34702     34686  0.691237  0.132812  0.159461 0.0901517
   197      16     34733     34717  0.688343  0.121094  0.320335 0.0902479
   198      16     34816     34800  0.686503  0.324219  0.184845 0.0908582
   199      16     35278     35262  0.692122   1.80469 0.0164887 0.0902962
2016-04-12 15:33:45.152060min lat: 0.00438898 max lat: 12.0244 avg lat: 0.0897632
   sec Cur ops   started  finished  avg MB/s  cur MB/s  last lat   avg lat
   200      16     35664     35648    0.6962   1.50781 0.0781969 0.0897632
   201      16     36132     36116  0.701831   1.82812  0.017096 0.0890477
   202      16     36393     36377  0.703403   1.01953 0.0503534 0.0888337
   203      16     36648     36632  0.704844  0.996094 0.0315934 0.0886596
   204      16     36858     36842   0.70541  0.820312 0.0551759 0.0885923
   205      16     37105     37089  0.706675  0.964844 0.0185058 0.0884375
   206      16     37452     37436  0.709824   1.35547 0.0186365 0.0880436
   207      16     37746     37730  0.711943   1.14844 0.0584833 0.0877573
   208      16     38011     37995  0.713496   1.03516 0.0434005 0.0875737
   209      16     38243     38227  0.714418   0.90625 0.0725148 0.0874751
   210      16     38496     38480  0.715722  0.988281 0.0449052 0.0873153
   211      16     38846     38830  0.718809   1.36719 0.0402493 0.0869373
   212      16     39248     39232  0.722825   1.57031  0.049374 0.0864487
   213      16     39486     39470  0.723796  0.929688 0.0414423 0.0863328
   214      16     39743     39727  0.725105   1.00391 0.0749844 0.0861711
   215      16     39969     39953  0.725838  0.882812 0.0301354 0.0860573
   216      16     40276     40260  0.728029   1.19922 0.0409992  0.085815
   217      16     40641     40625  0.731244   1.42578 0.0593614 0.0854593
   218      16     40907     40891  0.732656   1.03906 0.0668892 0.0852976
   219      16     40989     40973  0.730773  0.320312   0.18991 0.0852926
2016-04-12 15:34:05.153492min lat: 0.00438898 max lat: 12.0244 avg lat: 0.0853786
   sec Cur ops   started  finished  avg MB/s  cur MB/s  last lat   avg lat
   220      16     40997     40981  0.727593   0.03125  0.186786 0.0853786
   221      16     41003     40987  0.724407 0.0234375   1.26192 0.0855827
   222      16     41011     40995  0.721285   0.03125   2.14545 0.0858231
   223      16     41017     41001  0.718155 0.0234375  0.131769 0.0860199
   224      16     41043     41027  0.715403  0.101562 0.0892773 0.0870302
   225      16     41050     41034  0.712344 0.0273438   2.02995  0.087229
   226      16     41058     41042  0.709331   0.03125   2.11844 0.0873746
   227      16     41109     41093  0.707084  0.199219 0.0113538 0.0876033
   228      16     41204     41188   0.70561  0.371094 0.0300618 0.0885683
   229      16     41815     41799   0.71295   2.38672 0.0162005 0.0876567
   230      16     42069     42053  0.714164  0.992188 0.0556043 0.0874991
   231      16     42338     42322  0.715621   1.05078 0.0577838 0.0873178
   232      16     42720     42704  0.718968   1.49219 0.0313735 0.0869048
   233      16     43031     43015  0.721095   1.21484 0.0580971 0.0866581
   234      16     43296     43280  0.722437   1.03516 0.0324036 0.0865091
   235      16     43515     43499  0.723003  0.855469  0.068759 0.0864269
   236      16     43737     43721  0.723614  0.867188 0.0196043 0.0863579
   237      16     44044     44028   0.72562   1.19922 0.0192837 0.0861287
   238      16     44383     44367  0.728135   1.32422 0.0633828 0.0858286
   239      16     44577     44561  0.728259  0.757812 0.0634748 0.0857961
2016-04-12 15:34:25.154954min lat: 0.00438898 max lat: 12.0244 avg lat: 0.0856633
   sec Cur ops   started  finished  avg MB/s  cur MB/s  last lat   avg lat
   240      16     44842     44826  0.729537   1.03516 0.0585016 0.0856633
   241      16     45073     45057  0.730254  0.902344 0.0402681 0.0855624
   242      16     45422     45406  0.732869   1.36328  0.159359 0.0852724
   243      16     45829     45813  0.736396   1.58984 0.0584092 0.0848639
   244      16     46078     46062  0.737364  0.972656 0.0322914  0.084736
   245      16     46304     46288  0.737957  0.882812 0.0524198  0.084684
   246      16     46522     46506  0.738419  0.851562 0.0420439 0.0846259
   247      16     46761     46745  0.739208  0.933594 0.0327541 0.0845444
   248      16     47159     47143  0.742496   1.55469 0.0168055 0.0841579
   249      16     47337     47321  0.742307  0.695312 0.0925943 0.0841816
   250      16     47387     47371  0.740118  0.195312  0.066949 0.0842071
   251      16     47403     47387  0.737419    0.0625   0.47115 0.0843542
   252      16     47411     47395  0.734617   0.03125  0.496738 0.0845744
   253      16     47436     47420  0.732099 0.0976562 0.0907001 0.0850681
   254      16     47448     47432  0.729401  0.046875 0.0820698 0.0853422
   255      16     47460     47444  0.726725  0.046875   1.26311 0.0854793
   256      16     47466     47450  0.723977 0.0234375  0.123452 0.0855079
   257      16     47528     47512  0.722103  0.242188  0.168358 0.0861417
   258      16     47552     47536  0.719667   0.09375 0.0146335 0.0864418
   259      16     48027     48011  0.724052   1.85547 0.0946863  0.086296
2016-04-12 15:34:45.156358min lat: 0.00438898 max lat: 12.0244 avg lat: 0.0859228
   sec Cur ops   started  finished  avg MB/s  cur MB/s  last lat   avg lat
   260      16     48429     48413  0.727306   1.57031 0.0422128 0.0859228
   261      16     48639     48623  0.727662  0.820312 0.0527205 0.0858564
   262      16     48897     48881  0.728731   1.00781  0.026925  0.085754
   263      16     49181     49165  0.730179   1.10938 0.0317523 0.0855811
   264      16     49507     49491  0.732236   1.27344 0.0318286 0.0853508
   265      16     49841     49825  0.734396   1.30469 0.0658588 0.0850959
   266      16     50145     50129  0.736099    1.1875 0.0265816 0.0849009
   267      16     50333     50317  0.736092  0.734375 0.0686855 0.0848963
   268      16     50643     50627  0.737864   1.21094 0.0508113 0.0846881
   269      16     50888     50872  0.738678  0.957031 0.0499312 0.0846047
   270      16     51239     51223   0.74102   1.37109 0.0914447   0.08433
   271      16     51609     51593  0.743619   1.44531 0.0320823 0.0840322
   272      16     51837     51821  0.744159  0.890625 0.0558747 0.0839794
   273      16     52111     52095  0.745353   1.07031 0.0589205  0.083837
   274      16     52380     52364  0.746468   1.05078 0.0516825  0.083714
   275      16     52660     52644   0.74773   1.09375  0.117202 0.0835726
   276      16     52927     52911    0.7488   1.04297 0.0167488 0.0834518
   277      16     53215     53199  0.750157     1.125 0.0355433 0.0832908
   278      16     53499     53483  0.751449   1.10938 0.0133976 0.0831593
   279      16     53616     53600  0.750394  0.457031 0.0471864 0.0832382
2016-04-12 15:35:05.157796min lat: 0.00438898 max lat: 12.0244 avg lat: 0.0832999
   sec Cur ops   started  finished  avg MB/s  cur MB/s  last lat   avg lat
   280      16     53639     53623  0.748035 0.0898438 0.0958765 0.0832999
   281      16     53640     53624  0.7453870.00390625   1.28455 0.0833223
   282      16     53641     53625  0.7427570.00390625  0.655312 0.0833329
   283      16     53654     53638  0.740312 0.0507812    3.5334 0.0838716
   284      16     53663     53647  0.737829 0.0351562   5.26446 0.0841344
   285      16     53689     53673  0.735597  0.101562   2.39373 0.0847689
   286      16     53714     53698  0.733366 0.0976562 0.0373446 0.0849575
   287      16     53759     53743  0.731423  0.175781 0.0898388 0.0852263
   288      16     53795     53779  0.729372  0.140625  0.123316 0.0856779
   289      16     54396     54380  0.734971   2.34766 0.0189483 0.0850356
   290      16     54711     54695  0.736679   1.23047 0.0477723 0.0848179
   291      16     54963     54947   0.73753  0.984375 0.0340122 0.0847337
   292      16     55184     55168  0.737961  0.863281 0.0283724 0.0846715
   293      16     55563     55547  0.740494   1.48047  0.018666 0.0843887
   294      16     55818     55802  0.741364  0.996094   0.05075 0.0842947
   295      16     56068     56052  0.742161  0.976562   0.05827    0.0842
   296      16     56341     56325  0.743256   1.06641 0.0323042 0.0840853
   297      16     56643     56627  0.744725   1.17969 0.0538198 0.0839117
   298      16     56859     56843  0.745057   0.84375 0.0420861 0.0838798
   299      16     57089     57073   0.74557  0.898438  0.050124  0.083814
2016-04-12 15:35:25.159222min lat: 0.00438898 max lat: 12.0244 avg lat: 0.083666
   sec Cur ops   started  finished  avg MB/s  cur MB/s  last lat   avg lat
   300      16     57389     57373  0.746991   1.17188  0.029793  0.083666
   301      16     57694     57678  0.748467   1.19141  0.029334 0.0834967
   302      16     57969     57953  0.749545   1.07422 0.0499176 0.0833758
   303      16     58165     58149  0.749598  0.765625 0.0654474  0.083371
   304      16     58426     58410  0.750486   1.01953 0.0340213 0.0832727
   305      16     58725     58709  0.751854   1.16797 0.0177141 0.0831114
   306      16     58999     58983  0.752895   1.07031 0.0300634 0.0829829
   307      16     59308     59292  0.754374   1.20703 0.0521447 0.0828294
   308      16     59533     59517  0.754778  0.878906 0.0571003 0.0827919
   309      16     59624     59608  0.753485  0.355469 0.0695009 0.0827902
   310      16     59625     59609  0.7510670.00390625  0.889537 0.0828037
   311      16     59636     59620  0.748791 0.0429688  0.386525 0.0830746
   312      16     59645     59629  0.746503 0.0351562   1.44788 0.0833446
   313      16     59652     59636  0.744206 0.0273438  0.251771 0.0833835
   314      16     59675     59659  0.742122 0.0898438  0.294093 0.0839978
   315      16     59697     59681  0.740039 0.0859375  0.490152 0.0842544
   316      16     59718     59702  0.737956 0.0820312   0.16071 0.0844554
   317      16     59762     59746   0.73617  0.171875   2.30833 0.0847051
   318      16     59767     59751  0.733917 0.0195312 0.0457582 0.0847651
   319      16     60137     60121  0.736147   1.44531 0.0193768 0.0848977
2016-04-12 15:35:45.160659min lat: 0.00438898 max lat: 12.0244 avg lat: 0.0844086
   sec Cur ops   started  finished  avg MB/s  cur MB/s  last lat   avg lat
   320      16     60667     60651  0.740315   2.07031 0.0318228 0.0844086
   321      15     60888     60873   0.74071  0.867188 0.0656805 0.0843686
   322      16     61126     61110  0.741285  0.925781 0.0702489 0.0843004
   323      16     61390     61374  0.742182   1.03125   0.04945 0.0841967
   324      16     61620     61604  0.742665  0.898438 0.0156744 0.0841499
   325      16     62015     61999  0.745127   1.54297 0.0206596 0.0838684
   326      16     62297     62281   0.74622   1.10156 0.0500399 0.0837489
   327      16     62528     62512  0.746697  0.902344 0.0351192 0.0836947
   328      16     62766     62750  0.747255  0.929688 0.0263183  0.083634
   329      16     62978     62962    0.7475  0.828125 0.0341246 0.0836073
   330      16     63366     63350  0.749828   1.515620.00751869 0.0833336
   331      16     63640     63624  0.750796   1.07031 0.0358827 0.0832388
   332      16     63864     63848   0.75117     0.875 0.0562894 0.0831954
   333      16     64110     64094  0.751799  0.960938  0.048618 0.0831195
   334      16     64367     64351  0.752554   1.00391 0.0476199 0.0830424
   335      16     64717     64701  0.754388   1.36719 0.0287546 0.0828408
   336      16     65048     65032  0.755991   1.29297 0.0580575 0.0826678
   337      16     65272     65256  0.756344     0.875 0.0594864 0.0826178
   338      16     65524     65508  0.757018  0.984375 0.0425819 0.0825556
   339      16     65630     65614  0.756007  0.414062  0.168163 0.0825392
2016-04-12 15:36:05.162064min lat: 0.00438898 max lat: 12.0244 avg lat: 0.0825963
   sec Cur ops   started  finished  avg MB/s  cur MB/s  last lat   avg lat
   340      16     65636     65620  0.753852 0.0234375  0.114121 0.0825963
   341      16     65638     65622  0.751664 0.0078125  0.414565 0.0826066
   342      16     65655     65639  0.749661 0.0664062   0.22065 0.0830189
   343      16     65657     65641  0.747498 0.0078125  0.453229 0.0830273
   344      16     65667     65651  0.745438 0.0390625   1.88295 0.0833496
   345      16     65687     65671  0.743504  0.078125  0.422504 0.0838375
   346      16     65713     65697  0.741649  0.101562   0.19188 0.0840977
   347      16     65748     65732  0.739906  0.136719  0.142708 0.0842087
   348      16     65765     65749   0.73797 0.06640620.00839254 0.0843839
   349      16     66189     66173  0.740601   1.65625 0.0209024 0.0843867
   350      16     66586     66570  0.742915   1.55078 0.0627672 0.0841076
   351      16     66778     66762  0.742935      0.75 0.0506987 0.0841069
   352      16     67237     67221  0.745918   1.79297 0.0164844 0.0837844
   353      16     67603     67587  0.747855   1.42969 0.0788513 0.0835673
   354      16     67803     67787  0.747949   0.78125 0.0366297 0.0835509
   355      16     68064     68048  0.748714   1.01953 0.0856289  0.083471
   356      16     68248     68232   0.74863   0.71875 0.0334452 0.0834657
   357      16     68685     68669  0.751314   1.707030.00808293 0.0831659
   358      16     69129     69113  0.754059   1.73438 0.0205616 0.0828787
   359      16     69360     69344  0.754472  0.902344 0.0518316 0.0828273
2016-04-12 15:36:25.163457min lat: 0.00438898 max lat: 12.0244 avg lat: 0.0827791
   sec Cur ops   started  finished  avg MB/s  cur MB/s  last lat   avg lat
   360      16     69594     69578  0.754915  0.914062 0.0801576 0.0827791
   361      16     69795     69779  0.754999  0.785156 0.0420673 0.0827668
   362      16     70161     70145  0.756863   1.42969 0.0347951 0.0825741
   363      16     70505     70489  0.758479   1.34375 0.0288264 0.0823969
   364      16     70769     70753  0.759228   1.03125 0.0550709 0.0823102
   365      16     70982     70966  0.759428  0.832031 0.0437384 0.0822904
   366      16     71229     71213  0.759989  0.964844 0.0322057   0.08223
   367      16     71460     71444  0.760376  0.902344 0.0168605 0.0821925
   368      16     71969     71953  0.763713   1.98828  0.079604 0.0818352
   369      16     72179     72163  0.763866  0.820312 0.0631558 0.0818086
   370      16     72317     72301  0.763258  0.539062 0.0786088 0.0818703
   371      16     72395     72379  0.762022  0.304688   0.16336 0.0819227
   372      16     72427     72411   0.76031     0.125  0.139564  0.081992
   373      16     72458     72442  0.758596  0.121094  0.136102 0.0821472
   374      16     72468     72452  0.756672 0.0390625  0.131217 0.0823175
   375      16     72480     72464  0.754779  0.046875   0.29646 0.0825466
   376      16     72493     72477  0.752907 0.0507812  0.441876 0.0827563
   377      16     72495     72479  0.750931 0.0078125   1.19421 0.0827751
   378      16     72515     72499  0.749151  0.078125   5.33335  0.083215
   379      16     72542     72526  0.747452  0.105469 0.0791656  0.083382
2016-04-12 15:36:45.164869min lat: 0.00438898 max lat: 12.0244 avg lat: 0.0834167
   sec Cur ops   started  finished  avg MB/s  cur MB/s  last lat   avg lat
   380      16     72546     72530  0.745526  0.015625  0.141579 0.0834167
   381      16     72641     72625  0.744543  0.371094 0.0262283 0.0839349
   382      16     73136     73120  0.747656   1.93359 0.0182327 0.0835919
   383      16     73527     73511  0.749691   1.52734 0.0685551 0.0833629
   384      16     73757     73741  0.750078  0.898438 0.0883262 0.0833184
   385      16     73980     73964  0.750393  0.871094 0.0674539 0.0832784
   386      16     74295     74279  0.751636   1.23047 0.0280015 0.0831455
   387      16     74610     74594  0.752873   1.23047 0.0167123 0.0830058
   388      16     74871     74855   0.75356   1.01953 0.0507515 0.0829127
   389      16     75157     75141  0.754495   1.11719 0.0423747 0.0828289
   390      16     75379     75363  0.754784  0.867188 0.0492144 0.0827943
   391      16     75635     75619  0.755411         1 0.0138705 0.0827316
   392      16     75909     75893  0.756214   1.07031 0.0288606 0.0826433
   393      16     76201     76185  0.757192   1.14062 0.0862197 0.0825312
   394      16     76469     76453  0.757927   1.04688 0.0670343  0.082452
   395      16     76749     76733  0.758777   1.09375 0.0549453 0.0823635
   396      16     76968     76952  0.759021  0.855469 0.0281063 0.0823226
   397      16     77248     77232  0.759864   1.09375 0.0376112  0.082244
   398      16     77605     77589  0.761458   1.39453 0.0246363 0.0820688
   399      16     77840     77824   0.76185  0.917969 0.0821092 0.0820206
2016-04-12 15:37:05.166355min lat: 0.00438898 max lat: 12.0244 avg lat: 0.0820772
   sec Cur ops   started  finished  avg MB/s  cur MB/s  last lat   avg lat
   400      16     77987     77971  0.761381  0.574219  0.113022 0.0820772
   401      16     78016     78000  0.759765  0.113281  0.402441 0.0820973
   402      16     78018     78002  0.757894 0.0078125   1.09977 0.0821195
   403      16     78031     78015  0.756139 0.0507812  0.102431 0.0823319
   404      16     78052     78036  0.754471 0.0820312  0.236031 0.0825472
   405      16     78077     78061  0.752849 0.0976562  0.471186  0.082878
   406      16     78107     78091  0.751283  0.117188  0.286302 0.0829871
   407      16     78159     78143  0.749937  0.203125 0.0165259 0.0833353
   408      16     78489     78473  0.751258   1.28906 0.0274023 0.0831916
   409      16     78916     78900  0.753499   1.66797 0.0225822 0.0829433
   410      16     79170     79154  0.754081  0.992188 0.0489561 0.0828774
   411      16     79403     79387   0.75446  0.910156 0.0482639 0.0828311
   412      16     79662     79646  0.755085   1.01172 0.0614392 0.0827674
   413      16     79976     79960  0.756226   1.22656 0.0256545 0.0826383
   414      16     80318     80302  0.757626   1.33594 0.0569023 0.0824886
   415      16     80572     80556  0.758191  0.992188  0.056329 0.0824274
   416      16     80823     80807  0.758725  0.980469 0.0639359 0.0823673
   417      16     81111     81095  0.759603     1.125 0.0254522 0.0822714
   418      16     81369     81353  0.760197   1.00781 0.0529934 0.0822093
   419      16     81681     81665  0.761291   1.21875 0.0159426 0.0820856
2016-04-12 15:37:25.167794min lat: 0.00438898 max lat: 12.0244 avg lat: 0.0819376
   sec Cur ops   started  finished  avg MB/s  cur MB/s  last lat   avg lat
   420      16     82030     82014  0.762724   1.36328 0.0619087 0.0819376
   421      16     82263     82247  0.763074  0.910156 0.0479896 0.0818968
   422      16     82474     82458  0.763219  0.824219  0.160239 0.0818714
   423      16     82768     82752   0.76413   1.14844 0.0714374 0.0817826
   424      16     82982     82966  0.764299  0.835938 0.0159708 0.0817593
   425      16     83385     83369  0.766204   1.57422 0.0288597 0.0815655
   426      16     83664     83648  0.766964   1.08984 0.0329831 0.0814795
   427      16     83909     83893  0.767409  0.957031 0.0355245 0.0814373
   428      16     84151     84135  0.767824  0.945312 0.0465901 0.0813888
   429      16     84339     84323  0.767746  0.734375 0.0502283 0.0813593
   430      16     84407     84391  0.766578  0.265625  0.222872 0.0814157
   431      16     84441     84425  0.765108  0.132812  0.201157 0.0815395
   432      16     84450     84434  0.763418 0.0351562  0.765437 0.0816639
   433      16     84460     84444  0.761745 0.0390625   1.28251 0.0818122
   434      16     84479     84463  0.760161 0.0742188   3.21125 0.0820146
   435      16     84492     84476   0.75853 0.0507812   1.19773 0.0822252
   436      16     84507     84491  0.756925 0.0585938 0.0177974 0.0823844
   437      16     84522     84506  0.755327 0.0585938   1.75212  0.082446
   438      16     84581     84565  0.754129  0.230469 0.0596283  0.082762
   439      16     84833     84817  0.754653  0.984375  0.102042 0.0828172
2016-04-12 15:37:45.169223min lat: 0.00438898 max lat: 12.0244 avg lat: 0.0824897
   sec Cur ops   started  finished  avg MB/s  cur MB/s  last lat   avg lat
   440      16     85347     85331  0.757501   2.00781 0.0265512 0.0824897
   441      16     85660     85644  0.758555   1.22266 0.0416611 0.0823893
   442      16     85919     85903  0.759128   1.01172 0.0299354 0.0823217
   443      16     86200     86184  0.759892   1.09766 0.0776117 0.0822439
   444      16     86410     86394  0.760028  0.820312  0.150588 0.0822264
   445      16     86679     86663  0.760681   1.05078 0.0182717 0.0821604
   446      16     87027     87011  0.762023   1.35938 0.0168794 0.0820103
   447      16     87407     87391  0.763639   1.48438  0.057051 0.0818407
   448      16     87668     87652   0.76421   1.01953 0.0560162 0.0817794
   449      16     87887     87871  0.764413  0.855469  0.181971 0.0817551
   450      15     88130     88115  0.764832  0.953125 0.0535956 0.0817106
   451      16     88437     88421  0.765787   1.19531 0.0153526 0.0815931
   452      16     88851     88835   0.76767   1.61719 0.0805157 0.0814085
   453      16     89127     89111  0.768355   1.07812 0.0591726 0.0813365
   454      16     89380     89364  0.768839  0.988281 0.0887962 0.0812846
   455      16     89555     89539  0.768652  0.683594 0.0170035 0.0813056
   456      16     89838     89822   0.76939   1.10547  0.017657 0.0812237
   457      16     90305     90289  0.771698   1.82422 0.0277092 0.0809842
   458      16     90566     90550  0.772239   1.01953 0.0471042 0.0809227
   459      16     90756     90740  0.772174  0.742188 0.0658397 0.0809241
2016-04-12 15:38:05.170637min lat: 0.00438898 max lat: 12.0244 avg lat: 0.0809296
   sec Cur ops   started  finished  avg MB/s  cur MB/s  last lat   avg lat
   460      16     90763     90747  0.770554 0.0273438  0.229956 0.0809296
   461      16     90765     90749    0.7689 0.0078125   1.81733  0.080969
   462      16     90771     90755  0.767286 0.0234375   2.96783 0.0811158
   463      16     90775     90759  0.765663  0.015625   1.90321 0.0811779
   464      16     90791     90775  0.764147    0.0625  0.299149 0.0815971
   465      16     90826     90810  0.762798  0.136719 0.0399268 0.0817631
   466      16     90845     90829   0.76132 0.0742188  0.150373 0.0818264
   467      16     90897     90881  0.760125  0.203125    2.6288 0.0820322
   468      16     90902     90886  0.758543 0.01953120.00750392 0.0820988
   469      16     91181     91165  0.759249   1.08984 0.0584456 0.0823121
   470      16     91546     91530  0.760667   1.42578 0.0160616 0.0821555
   471      16     91930     91914  0.762236       1.5 0.0590969 0.0819923
   472      16     92182     92166  0.762707  0.984375 0.0537086 0.0819376
   473      16     92408     92392  0.762961  0.882812  0.084618 0.0819126
   474      16     92573     92557  0.762711  0.644531 0.0594703 0.0819268
   475      16     92862     92846  0.763481   1.12891 0.0202302 0.0818571
   476      16     93437     93421  0.766596   2.24609  0.092114 0.0815228
   477      16     93690     93674   0.76706  0.988281 0.0654893  0.081474
   478      16     93919     93903  0.767327  0.894531 0.0595048 0.0814452
   479      16     94135     94119  0.767486   0.84375 0.0689113 0.0814297
2016-04-12 15:38:25.172058min lat: 0.00438898 max lat: 12.0244 avg lat: 0.0813896
   sec Cur ops   started  finished  avg MB/s  cur MB/s  last lat   avg lat
   480      16     94348     94332  0.767621  0.832031 0.0907991 0.0813896
   481      16     94827     94811  0.769915   1.87109 0.0162106 0.0811752
   482      16     95183     95167  0.771202   1.39062 0.0196093 0.0810372
   483      16     95419     95403  0.771514  0.921875 0.0547908  0.081006
   484      16     95619     95603  0.771534   0.78125  0.068669 0.0809911
   485      16     95829     95813  0.771634  0.820312 0.0650847 0.0809879
   486      16     96201     96185  0.773036   1.45312 0.0307178 0.0808475
   487      16     96662     96646  0.775147   1.80078 0.0488329 0.0806248
   488      16     96887     96871  0.775359  0.878906 0.0687291 0.0805998
   489      16     97029     97013  0.774908  0.554688  0.252254  0.080588
   490      16     97036     97020  0.773382 0.0273438 0.0330607 0.0806314
   491      16     97040     97024  0.771839  0.015625   2.22021 0.0806992
   492      16     97047     97031  0.770326 0.0273438   3.39443 0.0808746
   493      16     97057     97041  0.768842 0.0390625  0.386515 0.0810903
   494      16     97069     97053  0.767381  0.046875  0.501872 0.0811629
   495      16     97096     97080  0.766044  0.105469  0.138702 0.0815106
   496      16     97125     97109  0.764727  0.113281 0.0504223 0.0815983
   497      16     97155     97139  0.763425  0.117188 0.0114662 0.0817132
   498      16     97247     97231  0.762613  0.359375 0.0149975 0.0819458
   499      16     97712     97696  0.764725   1.81641 0.0265144 0.0817186
2016-04-12 15:38:45.173492min lat: 0.00438898 max lat: 12.0244 avg lat: 0.0816217
   sec Cur ops   started  finished  avg MB/s  cur MB/s  last lat   avg lat
   500      16     98025     98009   0.76564   1.22266 0.0342024 0.0816217
   501      16     98291     98275  0.766186   1.03906 0.0344697 0.0815677
   502      16     98568     98552  0.766815   1.08203 0.0188931 0.0815009
   503      16     98863     98847  0.767581   1.15234 0.0485592 0.0814206
   504      16     99055     99039  0.767546      0.75 0.0173112  0.081423
   505      16     99320     99304  0.768076   1.03516 0.0390513 0.0813544
   506      16     99629     99613  0.768943   1.20703 0.0168694 0.0812757
   507      16    100022    100006  0.770454   1.53516 0.0590922 0.0811141
   508      16    100285    100269   0.77096   1.02734 0.0515221 0.0810538
   509      16    100513    100497  0.771195  0.890625 0.0586378 0.0810387
   510      16    100801    100785  0.771889     1.125 0.0176788 0.0809652
   511      16    101020    101004  0.772052  0.855469 0.0386738 0.0809385
   512      16    101461    101445  0.773908   1.72266 0.0390838 0.0807483
   513      16    101761    101745  0.774684   1.17188 0.0809319 0.0806702
   514      16    101982    101966  0.774856  0.863281  0.108303 0.0806463
   515      16    102220    102204  0.775157  0.929688 0.0621455 0.0806205
   516      16    102523    102507  0.775948   1.18359 0.0418935 0.0805393
   517      16    102911    102895  0.777379   1.51562 0.0243151 0.0803917
   518      16    103274    103258  0.778615   1.41797 0.0414403 0.0802614
   519      16    103422    103406  0.778229  0.578125 0.0503703 0.0802815
2016-04-12 15:39:05.174922min lat: 0.00438898 max lat: 12.0244 avg lat: 0.0803072
   sec Cur ops   started  finished  avg MB/s  cur MB/s  last lat   avg lat
   520      16    103429    103413  0.776785 0.0273438  0.462492 0.0803072
   521      16    103434    103418  0.775331 0.0195312  0.216572 0.0803636
   522      16    103441    103425  0.773898 0.0273438   2.84866 0.0804848
   523      16    103455    103439  0.772523 0.0546875  0.240914 0.0806336
   524      16    103473    103457  0.771183 0.0703125  0.793615 0.0808499
   525      16    103499    103483  0.769908  0.101562  0.459258 0.0809218
   526      16    103561    103545  0.768904  0.242188 0.0311194 0.0812209
   527      16    103572    103556  0.767527 0.0429688  0.016764 0.0812851
   528      16    103990    103974  0.769165   1.63281 0.0176204 0.0812469
   529      16    104405    104389  0.770776   1.62109 0.0161195 0.0810841
   530      16    104646    104630  0.771097  0.941406 0.0425858 0.0810468
   531      16    104896    104880  0.771484  0.976562   0.16595 0.0810027
   532      16    105178    105162  0.772105   1.10156 0.0260739 0.0809412
   533      16    105447    105431  0.772627   1.05078 0.0530076 0.0808888
   534      16    105776    105760  0.773587   1.28516 0.0369321 0.0807893
   535      16    106010    105994  0.773849  0.914062 0.0383497 0.0807611
   536      16    106257    106241  0.774205  0.964844 0.0550763 0.0807201
   537      16    106487    106471  0.774437  0.898438 0.0410106    0.0807
   538      16    106793    106777  0.775219   1.19531 0.0427385 0.0806047
   539      16    107066    107050  0.775759   1.06641 0.0187894  0.080564
2016-04-12 15:39:25.176360min lat: 0.00438898 max lat: 12.0244 avg lat: 0.0804467
   sec Cur ops   started  finished  avg MB/s  cur MB/s  last lat   avg lat
   540      16    107402    107386  0.776753    1.3125 0.0880935 0.0804467
   541      16    107657    107641  0.777158  0.996094 0.0477729 0.0804116
   542      16    107844    107828  0.777072  0.730469 0.0546907 0.0804245
   543      16    108174    108158  0.778015   1.28906 0.0164383 0.0803227
   544      16    108386    108370  0.778107  0.828125 0.0247832 0.0803176
   545      16    108686    108670  0.778829   1.17188 0.0165864 0.0802427
   546      16    109008    108992  0.779706   1.25781 0.0166966 0.0801557
   547      16    109308    109292  0.780423   1.17188 0.0482238 0.0800692
   548      16    109556    109540  0.780766   0.96875 0.0530485 0.0800465
   549      16    109732    109716  0.780596    0.6875 0.0746782 0.0800153
   550      16    109736    109720  0.779205  0.015625  0.334377 0.0800248
   551      16    109739    109723  0.777813 0.0117188   1.57485 0.0800747
   552      16    109750    109734  0.776481 0.0429688   3.06941 0.0801764
   553      16    109754    109738  0.775105  0.015625  0.356753 0.0801875
   554      16    109787    109771  0.773939  0.128906 0.0512741 0.0806833
   555      16    109814    109798  0.772735  0.105469 0.0542621  0.080727
   556      16    109866    109850   0.77171  0.203125 0.0123575 0.0809239
   557      16    109882    109866  0.770437    0.0625 0.0824159 0.0809309
   558      16    110305    110289  0.772017   1.65234 0.0420885 0.0809516
   559      16    110738    110722  0.773662   1.69141 0.0555178 0.0807765
2016-04-12 15:39:45.177790min lat: 0.00438898 max lat: 12.0244 avg lat: 0.0807783
   sec Cur ops   started  finished  avg MB/s  cur MB/s  last lat   avg lat
   560      16    110937    110921  0.773668  0.777344 0.0659489 0.0807783
   561      16    111252    111236  0.774482   1.23047 0.0170159 0.0806969
   562      16    111683    111667    0.7761   1.68359 0.0164543  0.080526
   563      16    111909    111893  0.776289  0.882812 0.0464177 0.0805081
   564      16    112134    112118  0.776471  0.878906 0.0740022 0.0804869
   565      16    112341    112325  0.776528  0.808594 0.0170385 0.0804792
   566      16    112668    112652  0.777412   1.27734  0.195271 0.0803877
   567      16    112976    112960  0.778163   1.20312 0.0155103 0.0803077
   568      16    113220    113204  0.778471  0.953125 0.0545108 0.0802744
   569      16    113518    113502  0.779148   1.16406 0.0413412 0.0802092
   570      16    113752    113736  0.779385  0.914062 0.0474422 0.0801847
   571      16    114024    114008  0.779881    1.0625 0.0822725 0.0801379
   572      16    114345    114329  0.780709   1.25391 0.0123841 0.0800531
   573      16    114635    114619  0.781323   1.13281 0.0458637 0.0799867
   574      16    114856    114840  0.781466  0.863281  0.088656 0.0799705
   575      16    115102    115086  0.781778  0.960938  0.175645 0.0799329
   576      16    115373    115357  0.782259   1.05859 0.0640814 0.0798891
   577      16    115626    115610  0.782616  0.988281 0.0227725 0.0798559
   578      16    116066    116050  0.784235   1.71875 0.0697106 0.0796899
   579      16    116193    116177  0.783737  0.496094 0.0301721 0.0796851
2016-04-12 15:40:05.179217min lat: 0.00438898 max lat: 12.0244 avg lat: 0.07972
   sec Cur ops   started  finished  avg MB/s  cur MB/s  last lat   avg lat
   580      16    116204    116188   0.78246 0.0429688  0.377714   0.07972
   581      16    116210    116194  0.781154 0.0234375  0.317389 0.0797563
   582      16    116225    116209  0.779912 0.0585938  0.187645 0.0799207
   583      16    116239    116223  0.778665 0.0546875  0.675704 0.0800876
   584      16    116248    116232  0.777392 0.0351562  0.959328 0.0801756
   585      16    116294    116278   0.77637  0.179688 0.0358193 0.0804441
   586      16    116329    116313  0.775279  0.136719 0.0175258 0.0804469
   587      16    116367    116351  0.774211  0.148438  0.067982 0.0806461
   588      16    116733    116717  0.775326   1.42969 0.0166511 0.0806002
   589      16    117044    117028  0.776072   1.21484 0.0166214 0.0805309
   590      16    117413    117397  0.777199   1.44141 0.0190568 0.0804156
   591      16    117712    117696   0.77786   1.16797 0.0546744 0.0803459
   592      16    117954    117938  0.778143  0.945312 0.0556702 0.0803155
   593      16    118184    118168  0.778346  0.898438 0.0805679 0.0802962
   594      16    118420    118404  0.778587  0.921875 0.0589176 0.0802693
   595      16    118759    118743  0.779504   1.32422 0.0362717 0.0801717
   596      16    119114    119098  0.780523   1.38672 0.0279926 0.0800708
   597      16    119406    119390  0.781126   1.14062 0.0505517 0.0800079
   598      16    119632    119616  0.781296  0.882812 0.0536101 0.0799905
   599      16    119857    119841  0.781459  0.878906  0.107493 0.0799732
2016-04-12 15:40:25.182751min lat: 0.00438898 max lat: 12.0244 avg lat: 0.0798632
   sec Cur ops   started  finished  avg MB/s  cur MB/s  last lat   avg lat
   600      16    120224    120208  0.782545   1.43359  0.039985 0.0798632
   601      16    120596    120580  0.783661   1.45312 0.0506895  0.079748
   602      16    120838    120822  0.783929  0.945312 0.0849157 0.0797222
   603      16    121066    121050  0.784106  0.890625 0.0684841 0.0797018
   604      16    121261    121245  0.784069  0.761719 0.0573733 0.0796918
   605      16    121531    121515  0.784516   1.05469 0.0421052  0.079664
   606      16    121822    121806  0.785097   1.13672 0.0113237 0.0795963
   607      16    122159    122143  0.785972   1.31641 0.0703382 0.0795157
   608      16    122419    122403   0.78635   1.01562 0.0439862  0.079478
   609      16    122555    122539  0.785931   0.53125 0.0497874 0.0795011
   610      16    122573    122557  0.784758 0.0703125  0.057877 0.0795331
   611      16    122586    122570  0.783557 0.0507812  0.476776 0.0795877
   612      16    122605    122589  0.782398 0.0742188   0.17136 0.0797835
   613      16    122622    122606   0.78123 0.0664062   1.10423 0.0798684
   614      16    122637    122621  0.780053 0.0585938  0.212287 0.0799965
   615      16    122663    122647  0.778949  0.101562  0.196053 0.0801316
   616      16    122771    122755   0.77837  0.421875 0.0170012 0.0802596
   617      16    122800    122784  0.777292  0.113281  0.929221 0.0803693
   618      16    122859    122843  0.776407  0.230469 0.0106243 0.0803675
   619      16    122903    122887   0.77543  0.171875 0.0769129 0.0804607
2016-04-12 15:40:45.184187min lat: 0.00438898 max lat: 12.0244 avg lat: 0.0805974
   sec Cur ops   started  finished  avg MB/s  cur MB/s  last lat   avg lat
   620      16    123103    123087   0.77544   0.78125  0.105891 0.0805974
   621      16    123485    123469  0.776593   1.49219  0.118102 0.0804645
   622      16    123812    123796  0.777398   1.27734 0.0554848 0.0803867
   623      16    124080    124064  0.777831   1.04688 0.0667928 0.0803472
   624      16    124349    124333  0.778268   1.05078 0.0661148 0.0803023
   625      16    124627    124611   0.77876   1.08594 0.0253674 0.0802538
   626      16    124887    124871  0.779139   1.01562 0.0521883 0.0802149
   627      16    125125    125109  0.779379  0.929688  0.052988  0.080188
   628      16    125427    125411  0.780016   1.17969 0.0214949 0.0801204
   629      16    125731    125715  0.780664    1.1875 0.0700805 0.0800556
   630      16    125957    125941  0.780826  0.882812 0.0721886 0.0800382
   631      16    126250    126234  0.781402   1.14453 0.0485248 0.0799777
   632      16    126533    126517  0.781914   1.10547 0.0168299 0.0799252
   633      16    126824    126808  0.782475   1.13672  0.038101 0.0798647
   634      16    127171    127155  0.783378   1.35547 0.0189826 0.0797797
   635      16    127377    127361  0.783412  0.804688 0.0889452 0.0797708
   636      16    127618    127602   0.78366  0.941406 0.0113142  0.079739
   637      16    127874    127858     0.784         1 0.0363786 0.0797131
   638      16    128269    128253  0.785189   1.54297 0.0176969 0.0795968
   639      16    128413    128397  0.784841    0.5625 0.0347876 0.0796019
2016-04-12 15:41:05.185636min lat: 0.00438898 max lat: 12.0244 avg lat: 0.0796175
   sec Cur ops   started  finished  avg MB/s  cur MB/s  last lat   avg lat
   640      16    128421    128405  0.783663   0.03125  0.337739 0.0796175
   641      16    128423    128407  0.782453 0.0078125    2.1976 0.0796399
   642      16    128439    128423  0.781331    0.0625  0.185175 0.0798355
   643      16    128447    128431  0.780165   0.03125  0.181724 0.0799016
   644      16    128478    128462  0.779141  0.121094  0.251969 0.0801665
   645      16    128501    128485  0.778073 0.0898438 0.0949178 0.0802125
   646      16    128539    128523  0.777098  0.148438 0.0116945 0.0802475
   647      16    128549    128533  0.775957 0.0390625 0.0136419 0.0803114
   648      16    128848    128832  0.776562   1.16797 0.0160336 0.0804804
   649      16    129409    129393  0.778742   2.19141  0.041979 0.0802508
   650      16    129599    129583  0.778686  0.742188  0.055575   0.08026
   651      16    129893    129877  0.779253   1.14844 0.0212996 0.0802007
   652      16    130326    130310  0.780652   1.69141 0.0698754  0.080055
   653      16    130576    130560  0.780952  0.976562 0.0563234 0.0800259
   654      16    130854    130838  0.781418   1.08594 0.0506555 0.0799749
   655      16    131066    131050   0.78149  0.828125 0.0499991  0.079968
   656      16    131352    131336  0.782001   1.11719 0.0462038 0.0799185
   657      16    131621    131605   0.78241   1.05078 0.0313433 0.0798742
   658      16    131906    131890  0.782913   1.11328 0.0565888 0.0798085
   659      16    132195    132179  0.783438   1.12891 0.0390584 0.0797695
2016-04-12 15:41:25.187083min lat: 0.00438898 max lat: 12.0244 avg lat: 0.0797596
   sec Cur ops   started  finished  avg MB/s  cur MB/s  last lat   avg lat
   660      16    132403    132387  0.783482    0.8125  0.127805 0.0797596
   661      16    132720    132704   0.78417   1.23828 0.0171818 0.0796955
   662      16    133068    133052  0.785038   1.35938 0.0409094 0.0796101
   663      16    133440    133424  0.786046   1.45312 0.0780449  0.079508
   664      16    133682    133666  0.786286  0.945312 0.0629578  0.079483
   665      16    133921    133905  0.786507  0.933594 0.0550007 0.0794554
   666      16    134140    134124  0.786611  0.855469 0.0741269  0.079451
   667      16    134467    134451  0.787346   1.27734 0.0173525 0.0793776
   668      16    134814    134798  0.788196   1.35547 0.0190288 0.0792913
   669      16    134965    134949    0.7879  0.589844 0.0517653 0.0792713
   670      16    134974    134958  0.786776 0.0351562 0.0737812  0.079337
   671      16    134976    134960  0.785616 0.0078125  0.229943 0.0793382
   672      16    134991    134975  0.784534 0.0585938  0.469205 0.0794931
   673      16    135002    134986  0.783432 0.0429688 0.0931131 0.0795636
   674      16    135013    134997  0.782333 0.0429688  0.292099 0.0796421
   675      16    135021    135005   0.78122   0.03125  0.325192 0.0797675
   676      16    135091    135075  0.780469  0.273438  0.112061 0.0799989
   677      16    135103    135087  0.779386  0.046875  0.587174 0.0800125
   678      16    135451    135435  0.780241   1.35938 0.0177076 0.0801017
   679      16    135984    135968  0.782158   2.08203 0.0825885 0.0799029
2016-04-12 15:41:45.188497min lat: 0.00438898 max lat: 12.0244 avg lat: 0.0798607
   sec Cur ops   started  finished  avg MB/s  cur MB/s  last lat   avg lat
   680      16    136256    136240   0.78257    1.0625 0.0167269 0.0798607
   681      16    136503    136487  0.782838  0.964844 0.0668082  0.079833
   682      16    136795    136779  0.783362   1.14062 0.0767211 0.0797786
   683      16    137028    137012  0.783548  0.910156 0.0454417 0.0797621
   684      16    137285    137269   0.78387   1.00391  0.091978 0.0797249
   685      16    137645    137629  0.784778   1.40625 0.0176672 0.0796386
   686      16    137880    137864  0.784972  0.917969 0.0326165 0.0796162
   687      16    138183    138167  0.785552   1.18359  0.101878 0.0795563
   688      16    138438    138422  0.785858  0.996094 0.0699225 0.0795252
   689      16    138757    138741  0.786526   1.24609  0.112251 0.0794592
   690      16    139015    138999  0.786847   1.00781 0.0112188 0.0794244
   691      16    139352    139336  0.787613   1.31641 0.0592946 0.0793399
   692      16    139636    139620  0.788078   1.10938 0.0275184 0.0793029
   693      16    139914    139898  0.788508   1.08594   0.03721 0.0792575
   694      16    140201    140185  0.788987   1.12109 0.0345509  0.079212
   695      16    140467    140451  0.789346   1.03906 0.0656868 0.0791764
   696      16    140777    140761  0.789952   1.21094 0.0180276 0.0791157
   697      16    141069    141053  0.790455   1.14062 0.0210759 0.0790644
   698      16    141389    141373  0.791113      1.25 0.0190688 0.0789978
   699      16    141562    141546  0.790948  0.675781 0.0442689 0.0790017
2016-04-12 15:42:05.189924min lat: 0.00438898 max lat: 12.0244 avg lat: 0.0790205
   sec Cur ops   started  finished  avg MB/s  cur MB/s  last lat   avg lat
   700      16    141577    141561  0.789902 0.0585938  0.512798 0.0790205
   701      16    141579    141563  0.788786 0.0078125   2.02578 0.0790369
   702      16    141586    141570  0.787702 0.0273438   2.32586 0.0791291
   703      16    141591    141575  0.786609 0.0195312  0.441771 0.0792008
   704      16    141609    141593  0.785591 0.0703125  0.100057 0.0793821
   705      16    141661    141645  0.784765  0.203125 0.0122757 0.0795773
   706      16    141677    141661  0.783742    0.0625  0.108221 0.0796138
   707      16    141739    141723  0.782976  0.242188 0.0478627 0.0797906
   708      16    141752    141736  0.781942 0.0507812  0.865585 0.0798085
   709      16    141798    141782  0.781092  0.179688 0.0124964 0.0799796
   710      16    142174    142158  0.782061   1.46875 0.0105643 0.0799155
   711      16    142588    142572  0.783235   1.61719 0.0168735  0.079792
   712      16    142829    142813  0.783457  0.941406  0.108653  0.079769
   713      16    143095    143079  0.783816   1.03906 0.0430375 0.0797343
   714      16    143322    143306   0.78396  0.886719  0.155595 0.0797205
   715      16    143630    143614  0.784546   1.20312 0.0703402 0.0796572
   716      16    143984    143968  0.785381   1.38281   0.05789 0.0795754
   717      16    144263    144247  0.785806   1.08984 0.0180725 0.0795317
   718      16    144546    144530  0.786251   1.10547 0.0507944 0.0794855
   719      16    144805    144789  0.786564   1.01172 0.0606623 0.0794546
2016-04-12 15:42:25.191371min lat: 0.00438898 max lat: 12.0244 avg lat: 0.0794272
   sec Cur ops   started  finished  avg MB/s  cur MB/s  last lat   avg lat
   720      16    145058    145042  0.786844  0.988281 0.0439419 0.0794272
   721      16    145398    145382  0.787595   1.32812 0.0226157 0.0793504
   722      16    145701    145685  0.788143   1.18359 0.0490356 0.0792871
   723      16    145972    145956  0.788517   1.05859 0.0251743 0.0792576
   724      16    146254    146238   0.78895   1.10156 0.0239833 0.0792182
   725      16    146555    146539  0.789483   1.17578 0.0700584 0.0791604
   726      16    146813    146797  0.789784   1.00781 0.0361093 0.0791308
   727      16    147072    147056  0.790089   1.01172  0.267013 0.0790993
   728      16    147315    147299  0.790307  0.949219 0.0160421 0.0790787
   729      16    147556    147540  0.790515  0.941406 0.0539539 0.0790497
   730      16    147585    147569  0.789587  0.113281 0.0356429 0.0790738
   731      16    147591    147575  0.788539 0.0234375  0.445501 0.0791084
   732      16    147602    147586   0.78752 0.0429688  0.426961 0.0792025
   733      16    147615    147599  0.786515 0.0507812   0.17851 0.0793231
   734      16    147622    147606  0.785481 0.0273438  0.455722 0.0793377
   735      16    147637    147621  0.784492 0.0585938  0.192573 0.0794971
   736      16    147658    147642  0.783537 0.0820312  0.161254 0.0795589
   737      16    147776    147760    0.7831  0.460938  0.183466 0.0797698
   738      16    147846    147830  0.782409  0.273438  0.126324 0.0798253
   739      16    148325    148309  0.783882   1.87109  0.018683 0.0797292
2016-04-12 15:42:45.192816min lat: 0.00438898 max lat: 12.0244 avg lat: 0.0796491
   sec Cur ops   started  finished  avg MB/s  cur MB/s  last lat   avg lat
   740      16    148672    148656  0.784654   1.35547  0.052676 0.0796491
   741      16    148885    148869  0.784718  0.832031 0.0570391 0.0796412
   742      16    149271    149255  0.785693   1.50781 0.0149411 0.0795446
   743      16    149550    149534  0.786102   1.08984 0.0352227 0.0794972
   744      16    149817    149801  0.786447   1.04297 0.0422134 0.0794665
   745      16    150053    150037  0.786629  0.921875 0.0820623 0.0794464
   746      16    150297    150281  0.786852  0.953125 0.0509384 0.0794204
   747      16    150577    150561  0.787263   1.093750.00828373 0.0793777
   748      16    151045    151029  0.788654   1.82812  0.018343 0.0792471
   749      16    151279    151263  0.788821  0.914062  0.034155 0.0792287
   750      16    151543    151527  0.789144   1.03125 0.0508521 0.0791969
   751      16    151777    151761  0.789311  0.914062 0.0290953 0.0791776
   752      16    151988    151972  0.789357  0.824219 0.0199841 0.0791712
   753      16    152408    152392  0.790487   1.64062 0.0599021 0.0790625
   754      16    152742    152726  0.791169   1.30469 0.0490957 0.0789914
   755      16    152984    152968  0.791373  0.945312 0.0301581 0.0789734
   756      16    153212    153196  0.791504  0.890625 0.0607872 0.0789593
   757      16    153420    153404  0.791532    0.8125   0.01762 0.0789572
   758      16    153830    153814  0.792601   1.60156 0.0182751 0.0788521
   759      16    154083    154067  0.792858  0.988281 0.0993683 0.0788123
2016-04-12 15:43:05.194204min lat: 0.00438898 max lat: 12.0244 avg lat: 0.0788632
   sec Cur ops   started  finished  avg MB/s  cur MB/s  last lat   avg lat
   760      16    154202    154186  0.792427  0.464844   0.19748 0.0788632
   761      16    154243    154227  0.791596  0.160156  0.688305 0.0788988
   762      16    154260    154244  0.790644 0.0664062  0.665371  0.078939
   763      16    154274    154258   0.78968 0.0546875   3.28577 0.0790147
   764      16    154276    154260  0.788656 0.0078125   1.66313 0.0790294
   765      16    154306    154290  0.787778  0.117188  0.346088 0.0791505
   766      16    154332    154316  0.786883  0.101562  0.156355 0.0791975
   767      16    154355    154339  0.785974 0.0898438   6.26783 0.0794247
   768      16    154361    154345  0.784981 0.0234375  0.591541 0.0794445
   769      16    154467    154451  0.784498  0.414062 0.0958072 0.0796093
   770      16    154702    154686  0.784672  0.917969 0.0159064 0.0796492
   771      16    155161    155145  0.785979   1.79297  0.155929  0.079515
   772      16    155455    155439  0.786449   1.14844 0.0497105 0.0794685
   773      16    155640    155624  0.786366  0.722656 0.0167997  0.079472
   774      16    155926    155910  0.786793   1.11719 0.0552093 0.0794307
   775      16    156147    156131  0.786892  0.863281 0.0803181  0.079417
   776      16    156477    156461  0.787539   1.28906  0.053892 0.0793551
   777      16    156768    156752  0.787988   1.13672  0.021135  0.079313
   778      16    157013    156997  0.788206  0.957031  0.175456 0.0792901
   779      16    157285    157269  0.788558    1.0625 0.0588294 0.0792557
2016-04-12 15:43:25.195604min lat: 0.00438898 max lat: 12.0244 avg lat: 0.0792205
   sec Cur ops   started  finished  avg MB/s  cur MB/s  last lat   avg lat
   780      16    157555    157539  0.788899   1.05469 0.0432493 0.0792205
   781      16    157854    157838  0.789384   1.167970.00880994 0.0791687
   782      16    158129    158113  0.789748   1.07422 0.0866881 0.0791343
   783      16    158530    158514   0.79074   1.56641 0.0537956 0.0790376
   784      16    158798    158782  0.791066   1.04688 0.0522395 0.0790045
   785      16    159038    159022  0.791253    0.9375 0.0814713 0.0789867
   786      16    159274    159258  0.791419  0.921875 0.0162673 0.0789675
   787      16    159605    159589  0.792056   1.29297 0.0244867 0.0789037
   788      16    159949    159933  0.792756   1.34375 0.0538195 0.0788343
   789      16    160116    160100  0.792578  0.652344 0.0503811 0.0788302
   790      16    160120    160104  0.791595  0.015625  0.516688 0.0788414
   791      16    160122    160106  0.790604 0.0078125 0.0765852 0.0788428
   792      16    160126    160110  0.789625  0.015625   3.02191  0.078906
   793      16    160133    160117  0.788664 0.0273438  0.426127  0.078986
   794      16    160140    160124  0.787705 0.0273438   5.13215 0.0790683
   795      16    160148    160132  0.786754   0.03125  0.142179 0.0791462
   796      16    160182    160166  0.785932  0.132812 0.0629308 0.0794775
   797      16    160308    160292  0.785564  0.492188 0.0165154 0.0795402
   798      16    160371    160355  0.784888  0.2460940.00999702 0.0795695
   799      16    160688    160672  0.785455   1.23828 0.0170187 0.0795699
2016-04-12 15:43:45.196994min lat: 0.00438898 max lat: 12.0244 avg lat: 0.0794448
   sec Cur ops   started  finished  avg MB/s  cur MB/s  last lat   avg lat
   800      16    161138    161122   0.78667   1.75781 0.0550384 0.0794448
   801      16    161374    161358  0.786839  0.921875  0.131425 0.0794241
   802      16    161600    161584  0.786958  0.882812 0.0591665 0.0794152
   803      16    161882    161866   0.78735   1.10156 0.0166938  0.079375
   804      16    162154    162138  0.787692    1.0625 0.0509847 0.0793383
   805      16    162438    162422  0.788092   1.10938 0.0578314 0.0793024
   806      16    162685    162669  0.788311  0.964844 0.0513182 0.0792803
   807      16    162932    162916   0.78853  0.964844 0.0193969 0.0792574
   808      16    163281    163265  0.789241   1.36328 0.0531942 0.0791881
   809      16    163522    163506  0.789429  0.941406 0.0198026 0.0791611
   810      16    163779    163763  0.789694   1.00391   0.06749 0.0791414
   811      16    164016    164000  0.789861  0.925781 0.0502693 0.0791238
   812      16    164234    164218  0.789937  0.851562  0.116139 0.0791106
   813      16    164545    164529   0.79046   1.21484 0.0526126 0.0790644
   814      16    164879    164863  0.791091   1.30469 0.0325636 0.0790019
   815      16    165141    165125  0.791376   1.02344 0.0563721  0.078972
   816      16    165364    165348  0.791474  0.871094  0.035596 0.0789634
   817      16    165603    165587  0.791648  0.933594 0.0309802 0.0789449
   818      16    165856    165840  0.791888  0.988281  0.031062 0.0789227
   819      16    166047    166031  0.791832  0.746094 0.0802665 0.0789171
2016-04-12 15:44:05.198443min lat: 0.00438898 max lat: 12.0244 avg lat: 0.0789695
   sec Cur ops   started  finished  avg MB/s  cur MB/s  last lat   avg lat
   820      16    166146    166130  0.791338  0.386719  0.114041 0.0789695
   821      16    166186    166170  0.790564   0.15625  0.111058 0.0789925
   822      16    166199    166183  0.789664 0.0507812  0.449393 0.0790414
   823      16    166216    166200  0.788786 0.0664062    0.4363 0.0791162
   824      16    166226    166210  0.787876 0.0390625  0.557427 0.0791808
   825      16    166240    166224  0.786987 0.0546875  0.573735  0.079299
   826      16    166252    166236  0.786091  0.046875  0.134575 0.0793838
   827      16    166282    166266  0.785282  0.117188 0.0106477 0.0794513
   828      16    166285    166269  0.784348 0.0117188 0.0119605 0.0794517
   829      16    166449    166433  0.784175  0.640625 0.0256094 0.0796978
   830      16    166951    166935  0.785592   1.96094 0.0130773 0.0795552
   831      16    167271    167255  0.786151      1.25 0.0130141 0.0794982
   832      16    167523    167507  0.786389  0.984375 0.0145555 0.0794747
   833      16    167825    167809  0.786861   1.17969 0.0654782 0.0794258
   834      16    168032    168016  0.786887  0.808594  0.173836 0.0794178
   835      16    168275    168259  0.787081  0.949219 0.0591539    0.0794
   836      16    168591    168575  0.787616   1.23438  0.016723 0.0793521
   837      16    168927    168911  0.788243    1.3125 0.0289786 0.0792879
   838      16    169239    169223  0.788757   1.21875 0.0705217 0.0792337
   839      16    169523    169507  0.789139   1.10938 0.0173168 0.0791971
2016-04-12 15:44:25.199845min lat: 0.00438898 max lat: 12.0244 avg lat: 0.0791969
   sec Cur ops   started  finished  avg MB/s  cur MB/s  last lat   avg lat
   840      16    169727    169711  0.789148  0.796875 0.0470104 0.0791969
   841      16    169969    169953  0.789334  0.945312  0.067838 0.0791767
   842      16    170271    170255  0.789797   1.17969 0.0426761 0.0791329
   843      16    170738    170722  0.791024   1.82422 0.0180928 0.0790095
   844      16    171009    170993  0.791341   1.05859 0.0252442 0.0789769
   845      16    171202    171186  0.791297  0.753906 0.0666168 0.0789804
   846      16    171452    171436  0.791516  0.976562 0.0320828 0.0789605
   847      16    171855    171839   0.79244   1.57422 0.0151709 0.0788637
   848      16    172198    172182  0.793085   1.33984 0.0488794 0.0788021
   849      16    172372    172356  0.792951  0.679688 0.0692163 0.0787929
   850      16    172376    172360  0.792037  0.015625 0.0792933 0.0788006
   851      16    172385    172369  0.791148 0.0351562 0.0429884 0.0788611
   852      16    172394    172378   0.79026 0.0351562 0.0822885 0.0789113
   853      16    172399    172383  0.789357 0.0195312  0.899153 0.0789442
   854      16    172407    172391  0.788469   0.03125   3.19461 0.0790534
   855      16    172426    172410  0.787634 0.0742188  0.257529 0.0792349
   856      16    172454    172438  0.786841  0.109375  0.146006 0.0793867
   857      16    172530    172514  0.786269  0.2968750.00835718 0.0794398
   858      16    172532    172516  0.785362 0.0078125 0.0118239 0.0794396
   859      16    172695    172679  0.785189  0.636719 0.0156258 0.0795971
2016-04-12 15:44:45.201279min lat: 0.00438898 max lat: 12.0244 avg lat: 0.0794274
   sec Cur ops   started  finished  avg MB/s  cur MB/s  last lat   avg lat
   860      16    173256    173240  0.786824   2.19141 0.0403566 0.0794274
   861      16    173503    173487  0.787031  0.964844 0.0549161 0.0794094
   862      16    173877    173861  0.787812   1.46094 0.0174877 0.0793315
   863      16    174184    174168  0.788289   1.19922 0.0507481 0.0792813
   864      16    174421    174405  0.788448  0.925781  0.138957 0.0792666
   865      16    174658    174642  0.788607  0.925781 0.0635341 0.0792487
   866      16    174893    174877  0.788756  0.917969 0.0468771 0.0792333
   867      16    175201    175185  0.789234   1.20312  0.017727 0.0791857
   868      16    175570    175554  0.789985   1.44141 0.0178735 0.0791136
   869      16    175818    175802  0.790191   0.96875 0.0469921  0.079093
   870      16    176088    176072  0.790495   1.05469  0.048598 0.0790577
   871      16    176325    176309   0.79065  0.925781 0.0304188 0.0790457
   872      16    176631    176615  0.791114   1.19531 0.0408944 0.0790007
   873      16    177039    177023  0.792033   1.59375 0.0175729 0.0789096
   874      16    177286    177270  0.792231  0.964844 0.0329322 0.0788879
   875      16    177496    177480  0.792263  0.820312 0.0654933  0.078883
   876      16    177742    177726  0.792455  0.960938  0.042934 0.0788677
   877      16    178028    178012  0.792825   1.11719  0.110385 0.0788272
   878      16    178410    178394  0.793622   1.49219 0.0222365 0.0787505
   879      16    178695    178679  0.793985   1.11328   0.11888 0.0787012
2016-04-12 15:45:05.202723min lat: 0.00438898 max lat: 12.0244 avg lat: 0.0787345
   sec Cur ops   started  finished  avg MB/s  cur MB/s  last lat   avg lat
   880      16    178716    178700  0.793176 0.0820312 0.0792624 0.0787345
   881      16    178722    178706  0.792303 0.0234375  0.171614 0.0787538
   882      16    178735    178719  0.791462 0.0507812  0.163599 0.0788401
   883      16    178739    178723  0.790583  0.015625   1.59165 0.0788835
   884      16    178749    178733  0.789733 0.0390625  0.427716 0.0789821
   885      16    178759    178743  0.788885 0.0390625   2.88547 0.0791209
   886      16    178788    178772  0.788122  0.113281  0.424335 0.0792394
   887      16    178844    178828  0.787481   0.21875 0.0462446 0.0793634
   888      16    178908    178892  0.786875      0.25 0.0275852 0.0793674
   889      16    179011    178995  0.786443  0.402344 0.0286117 0.0794435
   890      16    179584    179568  0.788074   2.23828 0.0166448 0.0792962
   891      16    179855    179839  0.788377   1.05859 0.0603274 0.0792746
   892      16    180141    180125  0.788746   1.11719 0.0299751 0.0792309
   893      16    180469    180453  0.789297   1.28125  0.023699 0.0791818
   894      16    180680    180664  0.789336  0.824219 0.0446753 0.0791778
   895      16    180927    180911  0.789532  0.964844 0.0468526 0.0791561
   896      16    181168    181152  0.789702  0.941406 0.0147845 0.0791423
   897      16    181611    181595   0.79075   1.73047 0.0131836 0.0790324
   898      16    181938    181922  0.791292   1.27734 0.0411648 0.0789825
   899      16    182167    182151  0.791407  0.894531 0.0786372 0.0789694
2016-04-12 15:45:25.204175min lat: 0.00438898 max lat: 12.0244 avg lat: 0.0789661
   sec Cur ops   started  finished  avg MB/s  cur MB/s  last lat   avg lat
   900      16    182376    182360  0.791435  0.816406 0.0926219 0.0789661
   901      16    182612    182596  0.791579  0.921875 0.0479271  0.078954
   902      16    182991    182975  0.792343   1.48047  0.012147 0.0788774
   903      16    183263    183247  0.792642    1.0625 0.0320399 0.0788483
   904      16    183503    183487  0.792802    0.9375 0.0539553 0.0788283
   905      16    183724    183708   0.79288  0.863281   0.04658 0.0788227
   906      16    183974    183958  0.793083  0.976562  0.172656 0.0788011
   907      16    184394    184378  0.794017   1.64062 0.0614034 0.0787086
   908      16    184750    184734  0.794674   1.39062 0.0171737 0.0786455
   909      16    184927    184911   0.79456  0.691406  0.136442 0.0786472
   910      16    184959    184943  0.793824     0.125 0.0778479 0.0786948
   911      16    184972    184956  0.793009 0.0507812 0.0614077 0.0786975
   912      16    184978    184962  0.792165 0.0234375   1.61598 0.0787556
   913      16    184981    184965   0.79131 0.0117188   2.57087  0.078798
   914      16    184989    184973  0.790479   0.03125  0.426925 0.0788776
   915      16    185001    184985  0.789666  0.046875  0.327915 0.0789153
   916      16    185029    185013  0.788923  0.109375  0.375314 0.0791408
   917      16    185049    185033  0.788148  0.078125   1.58273 0.0791853
   918      16    185077    185061  0.787409  0.109375   2.78581 0.0792371
   919      16    185326    185310   0.78761  0.972656 0.0350469  0.079352
2016-04-12 15:45:45.205648min lat: 0.00438898 max lat: 12.0244 avg lat: 0.0792011
   sec Cur ops   started  finished  avg MB/s  cur MB/s  last lat   avg lat
   920      16    185875    185859  0.789085   2.14453  0.106919 0.0792011
   921      16    186105    186089  0.789203  0.898438 0.0172669 0.0791913
   922      16    186379    186363  0.789508   1.07031 0.0249498 0.0791575
   923      16    186654    186638  0.789817   1.07422 0.0446701 0.0791289
   924      16    186885    186869  0.789938  0.902344  0.130415  0.079117
   925      16    187151    187135  0.790208   1.03906 0.0305995 0.0790897
   926      16    187321    187305  0.790071  0.664062 0.0166145 0.0791009
   927      16    187824    187808  0.791338   1.96484 0.0404045  0.078977
   928      16    188105    188089  0.791668   1.09766 0.0867334 0.0789416
   929      16    188320    188304   0.79172  0.839844 0.0596039 0.0789389
   930      16    188571    188555  0.791923  0.980469 0.0449968 0.0789154
   931      16    188798    188782  0.792025  0.886719 0.0412976 0.0789086
   932      16    189250    189234  0.793069   1.76562  0.118756 0.0788047
   933      16    189539    189523  0.793429   1.12891 0.0121025 0.0787685
   934      16    189751    189735  0.793466  0.828125 0.0833644 0.0787644
   935      16    189939    189923  0.793403  0.734375 0.0681567 0.0787693
   936      16    190209    190193  0.793682   1.05469 0.0375583 0.0787431
   937      16    190584    190568  0.794398   1.46484  0.017077 0.0786742
   938      16    190968    190952   0.79515       1.5 0.0987685    0.0786
   939      16    191166    191150  0.795127  0.773438   0.20792 0.0785971
2016-04-12 15:46:05.207082min lat: 0.00438898 max lat: 12.0244 avg lat: 0.0786216
   sec Cur ops   started  finished  avg MB/s  cur MB/s  last lat   avg lat
   940      16    191192    191176  0.794389  0.101562  0.163941 0.0786216
   941      16    191194    191178  0.793554 0.0078125 0.0673201 0.0786223
   942      16    191210    191194  0.792777    0.0625  0.371356 0.0787615
   943      16    191213    191197  0.791949 0.0117188   1.28394 0.0787723
   944      16    191226    191210  0.791164 0.0507812  0.153212 0.0788507
   945      16    191242    191226  0.790393    0.0625  0.805558 0.0789495
   946      16    191264    191248  0.789648 0.0859375  0.445671  0.079007
   947      16    191283    191267  0.788893 0.0742188  0.109445 0.0790884
   948      16    191294    191278  0.788106 0.0429688 0.0248681 0.0791176
   949      16    191349    191333  0.787502  0.214844 0.0290726 0.0792856
   950      16    191781    191765  0.788449    1.6875 0.0169995 0.0792675
   951      16    192171    192155  0.789222   1.52344 0.0174474 0.0791905
   952      16    192458    192442   0.78957   1.12109 0.0426969 0.0791544
   953      16    192732    192716  0.789865   1.07031 0.0466263 0.0791234
   954      16    192949    192933  0.789925  0.847656 0.0849926  0.079118
   955      16    193185    193169  0.790064  0.921875 0.0392791  0.079105
   956      16    193538    193522  0.790679   1.37891 0.0564497 0.0790423
   957      16    193753    193737  0.790731  0.839844  0.126389 0.0790351
   958      16    194051    194035   0.79112   1.16406 0.0888637 0.0789998
   959      16    194261    194245  0.791151  0.820312 0.0788763  0.078996
2016-04-12 15:46:25.208560min lat: 0.00438898 max lat: 12.0244 avg lat: 0.0789779
   sec Cur ops   started  finished  avg MB/s  cur MB/s  last lat   avg lat
   960      16    194503    194487  0.791311  0.945312 0.0359447 0.0789779
   961      16    194780    194764  0.791614   1.08203 0.0636991 0.0789506
   962      16    195070    195054  0.791968   1.13281 0.0674357 0.0789122
   963      16    195381    195365  0.792407   1.21484 0.0213945 0.0788723
   964      16    195633    195617  0.792606  0.984375 0.0634326 0.0788481
   965      16    195907    195891  0.792894   1.07031 0.0604369 0.0788196
   966      16    196150    196134  0.793056  0.949219 0.0428653 0.0788064
   967      16    196433    196417  0.793379   1.10547 0.0105595 0.0787736
   968      16    196757    196741  0.793866   1.26562 0.0497469 0.0787256
   969      16    196981    196965   0.79395     0.875  0.142849 0.0787127
   970      16    197024    197008  0.793305  0.167969 0.0751636 0.0787364
   971      16    197028    197012  0.792504  0.015625  0.372167 0.0787439
   972      16    197037    197021  0.791725 0.0351562  0.419059 0.0787905
   973      16    197045    197029  0.790943   0.03125   1.61761 0.0788491
   974      16    197050    197034  0.790151 0.0195312  0.481629 0.0788626
   975      16    197063    197047  0.789393 0.0507812   5.68335 0.0790399
   976      16    197102    197086   0.78874  0.152344 0.0551485 0.0791835
   977      16    197133    197117  0.788057  0.121094 0.0102477 0.0792255
   978      16    197158    197142  0.787351 0.09765620.00819851 0.0792615
   979      16    197341    197325  0.787277  0.714844 0.0560904 0.0793833
2016-04-12 15:46:45.209994min lat: 0.00438898 max lat: 12.0244 avg lat: 0.0792392
   sec Cur ops   started  finished  avg MB/s  cur MB/s  last lat   avg lat
   980      16    197895    197879  0.788681   2.16406   0.03276 0.0792392
   981      16    198151    198135  0.788897         1 0.0509759 0.0792206
   982      16    198396    198380  0.789068  0.957031 0.0329486 0.0792034
   983      16    198689    198673  0.789429   1.14453 0.0216364 0.0791684
   984      16    198964    198948  0.789719   1.07422  0.128806 0.0791382
   985      16    199229    199213  0.789968   1.03516 0.0344411 0.0791134
   986      16    199506    199490  0.790264   1.08203  0.147051 0.0790841
   987      16    199740    199724  0.790389  0.914062 0.0169761 0.0790729
   988      15    200152    200137  0.791222   1.61328 0.0179469 0.0789895
   989      16    200466    200450  0.791658   1.22266 0.0536528 0.0789429
   990      16    200647    200631  0.791573  0.707031   0.11579 0.0789544
   991      16    200930    200914  0.791889   1.10547 0.0504798 0.0789201
   992      16    201169    201153  0.792032  0.933594 0.0330647 0.0789055
   993      16    201486    201470  0.792481   1.23828 0.0721486 0.0788637
   994      16    201813    201797  0.792969   1.27734 0.0169024 0.0788155
   995      16    202036    202020  0.793048  0.871094 0.0382322 0.0788059
   996      16    202272    202256  0.793177  0.921875 0.0654756 0.0787943
   997      16    202496    202480  0.793259     0.875  0.107186 0.0787849
   998      16    202885    202869  0.793987   1.51953 0.0638583 0.0787149
   999      16    203109    203093  0.794068     0.875  0.164373 0.0786987
2016-04-12 15:47:05.211446min lat: 0.00438898 max lat: 12.0244 avg lat: 0.0787098
   sec Cur ops   started  finished  avg MB/s  cur MB/s  last lat   avg lat
  1000      16    203124    203108  0.793332 0.0585938  0.960126 0.0787098
  1001      16    203124    203108   0.79254         0         - 0.0787098
  1002      11    203124    203113  0.7917680.00976562   3.21868 0.0787678
  1003       7    203124    203117  0.790994  0.015625   3.70028 0.0788341
  1004       4    203124    203120  0.790218 0.0117188    4.1848 0.0788947
 Total time run:         1004.223461
Total writes made:      203124
Write size:             4096
Bandwidth (MB/sec):     0.790 

Stddev Bandwidth:       0.54553
Max bandwidth (MB/sec): 2.39453
Min bandwidth (MB/sec): 0
Average Latency:        0.0789896
Stddev Latency:         0.243953
Max latency:            12.0244
Min latency:            0.00438898
