 Maintaining 16 concurrent writes of 4194304 bytes for up to 1000 seconds or 0 objects
 Object prefix: benchmark_data_hjem_1853476
   sec Cur ops   started  finished  avg MB/s  cur MB/s  last lat   avg lat
     0       0         0         0         0         0         -         0
     1      16        32        16   63.9937        64  0.974024  0.907628
     2      16        78        62   123.989       184  0.496082  0.494996
     3      16       116       100   133.321       152  0.446123  0.444894
     4      16       150       134   133.988       136  0.375207  0.451776
     5      16       182       166   132.789       128  0.519502  0.454383
     6      16       198       182   121.323        64  0.945362  0.460086
     7      16       219       203   115.991        84  0.737862  0.517723
     8      16       239       223   111.491        80  0.616143  0.559891
     9      16       246       230   102.214        28   1.14667  0.566623
    10      16       268       252   100.792        88  0.574383  0.606492
    11      16       291       275    99.992        92  0.310352  0.618168
    12      16       308       292   97.3256        68     1.117  0.629618
    13      16       323       307   94.4541        60   1.21786  0.651488
    14      16       352       336   95.9924       116  0.539314  0.656706
    15      16       359       343   91.4595        28  0.340857   0.65359
    16      16       378       362   90.4929        76   0.73062  0.695097
    17      16       387       371   87.2875        36  0.558461  0.690677
    18      16       401       385    85.549        56   1.66308  0.724398
    19      16       416       400   84.2041        60   1.04474  0.746662
2016-04-11 21:44:11.822209min lat: 0.119102 max lat: 3.57232 avg lat: 0.735547
   sec Cur ops   started  finished  avg MB/s  cur MB/s  last lat   avg lat
    20      16       447       431   86.1933       124   0.15712  0.735547
    21      16       481       465   88.5641       136   0.70377  0.711757
    22      16       494       478   86.9018        52   1.08856  0.714838
    23      16       526       510   88.6883       128  0.506489  0.713553
    24      16       557       541   90.1592       124  0.139452  0.697873
    25      16       573       557   89.1127        64   1.38324  0.701871
    26      16       593       577   88.7619        80   1.03232  0.707092
    27      16       607       591   87.5482        56    1.1476  0.713938
    28      16       630       614    87.707        92    0.6391   0.72105
    29      16       653       637   87.8548        92  0.568227  0.722862
    30      16       679       663   88.3927       104  0.902934  0.716504
    31      16       695       679   87.6057        64  0.349754  0.717442
    32      16       716       700   87.4928        84  0.803858  0.721827
    33      16       725       709   85.9324        36   0.86634   0.72706
    34      16       743       727   85.5225        72  0.613409  0.736701
    35      16       750       734   83.8789        28   1.46853  0.741084
    36      16       767       751   83.4377        68  0.990738  0.759145
    37      16       776       760   82.1555        36   1.08217  0.760367
    38      16       801       785   82.6249       100  0.583194  0.768514
    39      16       841       825   84.6085       160  0.265976  0.752403
2016-04-11 21:44:31.823913min lat: 0.118219 max lat: 3.57232 avg lat: 0.747882
   sec Cur ops   started  finished  avg MB/s  cur MB/s  last lat   avg lat
    40      16       863       847   84.6931        88  0.700313  0.747882
    41      16       887       871   84.9687        96  0.650864  0.746448
    42      16       897       881   83.8979        40  0.690915  0.743915
    43      16       905       889   82.6909        32  0.116456  0.748367
    44      16       930       914   83.0842       100   0.34215  0.762711
    45      16       961       945   83.9932       124  0.785866  0.756899
    46      16       984       968   84.1671        92  0.604494  0.754638
    47      16       995       979   83.3124        44   1.19373  0.754907
    48      16      1005       989     82.41        40   1.21812  0.755785
    49      16      1019      1003   81.8709        56  0.786182  0.768522
    50      16      1033      1017   81.3534        56   1.70343  0.774901
    51      16      1049      1033    81.013        64   2.42115  0.783568
    52      16      1057      1041   80.0704        32  0.210001  0.782292
    53      16      1092      1076    81.201       140  0.458525  0.785466
    54      16      1112      1096   81.1786        80  0.320556  0.779166
    55      16      1123      1107   80.5026        44   1.74622   0.78131
    56      16      1149      1133   80.9221       104  0.504767    0.7876
    57      16      1178      1162   81.5373       116    0.6786  0.780181
    58      16      1209      1193   82.2692       124  0.547542  0.773701
    59      16      1235      1219   82.6374       104  0.435958  0.768998
2016-04-11 21:44:51.825506min lat: 0.116456 max lat: 4.13746 avg lat: 0.765948
   sec Cur ops   started  finished  avg MB/s  cur MB/s  last lat   avg lat
    60      16      1260      1244   82.9266       100  0.674827  0.765948
    61      16      1278      1262   82.7474        72   1.17519  0.765982
    62      16      1292      1276   82.3159        56   1.00072  0.770701
    63      16      1312      1296    82.279        80  0.618098  0.768949
    64      16      1338      1322   82.6183       104  0.220933  0.770898
    65      16      1347      1331   81.9011        36   0.11034  0.768227
    66      16      1371      1355   82.1146        96  0.433333  0.772509
    67      16      1395      1379   82.3217        96  0.870385  0.772671
    68      16      1417      1401   82.4051        88  0.212938  0.773595
    69      16      1438      1422   82.4281        84  0.325277  0.771228
    70      16      1444      1428   81.5934        24  0.965861  0.771143
    71      16      1459      1443   81.2892        60  0.118045  0.775692
    72      16      1463      1447   80.3824        16   1.04006  0.778604
    73      16      1463      1447   79.2813         0         -  0.778604
    74      16      1473      1457   78.7505        20  0.181899  0.792167
    75      16      1504      1488   79.3537       124  0.210972  0.803365
    76      16      1534      1518   79.8884       120  0.248703  0.794611
    77      16      1551      1535   79.7339        68  0.723757  0.792828
    78      16      1575      1559   79.9423        96  0.501306  0.792248
    79      16      1596      1580   79.9936        84   4.77295  0.793188
2016-04-11 21:45:11.827024min lat: 0.0976373 max lat: 4.77295 avg lat: 0.795694
   sec Cur ops   started  finished  avg MB/s  cur MB/s  last lat   avg lat
    80      16      1617      1601   80.0436        84  0.947662  0.795694
    81      16      1645      1629    80.438       112  0.427714  0.791754
    82      16      1661      1645   80.2375        64   0.30499  0.791414
    83      16      1681      1665   80.2346        80  0.257637  0.792961
    84      16      1697      1681   80.0413        64   1.07527  0.795969
    85      16      1715      1699   79.9466        72  0.660797  0.796116
    86      16      1742      1726   80.2727       108  0.639026  0.793081
    87      16      1765      1749   80.4075        92  0.960047  0.792972
    88      16      1784      1768   80.3573        76  0.523463  0.792385
    89      16      1790      1774   79.7241        24   1.32839  0.792505
    90      16      1803      1787    79.416        52   0.74292  0.798668
    91      16      1809      1793    78.807        24  0.748249  0.798834
    92      16      1829      1813   78.8199        80  0.606335  0.807567
    93      16      1851      1835   78.9185        88  0.544329  0.806872
    94      16      1864      1848   78.6321        52   1.42794  0.808253
    95      16      1892      1876   78.9831       112   0.54885  0.808612
    96      16      1920      1904   79.3269       112  0.464303  0.803575
    97      16      1938      1922   79.2513        72   1.51982  0.804042
    98      16      1954      1938   79.0956        64    1.1218  0.805935
    99      16      1990      1974   79.7511       144  0.383702  0.801491
2016-04-11 21:45:31.828798min lat: 0.0976373 max lat: 4.77295 avg lat: 0.79737
   sec Cur ops   started  finished  avg MB/s  cur MB/s  last lat   avg lat
   100      16      2016      2000   79.9935       104  0.604081   0.79737
   101      16      2039      2023   80.1123        92   0.22023  0.796075
   102      16      2046      2030   79.6014        28  0.638224  0.794462
   103      16      2065      2049   79.5664        76  0.197586  0.796253
   104      16      2074      2058   79.1474        36  0.214802   0.79368
   105      16      2090      2074   79.0031        64  0.231322   0.79926
   106      16      2104      2088   78.7861        56   0.33376  0.796197
   107      16      2134      2118   79.1712       120  0.593214  0.801609
   108      16      2162      2146    79.475       112  0.446606  0.803178
   109      16      2188      2172      79.7       104  0.276167  0.799655
   110      16      2194      2178   79.1936        24  0.186627  0.799772
   111      16      2207      2191   78.9486        52   0.26271  0.803629
   112      16      2210      2194   78.3508        12  0.819923  0.803616
   113      16      2224      2208    78.153        56  0.596677  0.812119
   114      16      2235      2219   77.8534        44   1.01483  0.816189
   115      16      2266      2250   78.2546       124  0.255918  0.816632
   116      16      2292      2276   78.4764       104  0.576121  0.813728
   117      16      2322      2306   78.8313       120  0.625991  0.808936
   118      16      2340      2324   78.7733        72  0.240036    0.8074
   119      16      2355      2339   78.6155        60   1.70075  0.808753
2016-04-11 21:45:51.830317min lat: 0.0976373 max lat: 6.06883 avg lat: 0.808718
   sec Cur ops   started  finished  avg MB/s  cur MB/s  last lat   avg lat
   120      16      2385      2369   78.9603       120  0.447558  0.808718
   121      16      2406      2390   79.0019        84  0.358684  0.806915
   122      16      2433      2417   79.2395       108  0.320868  0.805101
   123      16      2464      2448   79.6034       124  0.647442  0.801595
   124      16      2479      2463   79.4452        60  0.206986  0.801924
   125      16      2506      2490   79.6736       108  0.980899  0.801332
   126      16      2534      2518   79.9301       112  0.541687   0.79912
   127      16      2557      2541   80.0251        92  0.540749  0.796176
   128      16      2558      2542   79.4311         4  0.371239  0.796009
   129      16      2558      2542   78.8154         0         -  0.796009
   130      16      2566      2550   78.4552        16   3.77514  0.803579
   131      16      2578      2562   78.2227        48  0.508296  0.809101
   132      16      2603      2587   78.3876       100  0.454505  0.813475
   133      16      2626      2610   78.4899        92  0.577691  0.812044
   134      16      2655      2639   78.7698       116  0.256533  0.810176
   135      16      2691      2675   79.2529       144  0.473174  0.805951
   136      16      2714      2698   79.3465        92  0.288791  0.802745
   137      16      2735      2719   79.3805        84  0.255561  0.801982
   138      16      2764      2748   79.6458       116  0.512707  0.799332
   139      16      2785      2769    79.677        84  0.967193  0.800767
2016-04-11 21:46:11.831955min lat: 0.0976373 max lat: 6.06883 avg lat: 0.800394
   sec Cur ops   started  finished  avg MB/s  cur MB/s  last lat   avg lat
   140      16      2801      2785    79.565        64  0.171977  0.800394
   141      16      2824      2808   79.6532        92  0.387115  0.801387
   142      16      2854      2838   79.9372       120  0.299762  0.797857
   143      16      2870      2854   79.8258        64   1.24323  0.798454
   144      16      2892      2876   79.8825        88  0.246569   0.79746
   145      16      2912      2896   79.8832        80  0.338004  0.798691
   146      16      2916      2900   79.4457        16   1.03947  0.799062
   147      16      2931      2915   79.3134        60   1.21759   0.80232
   148      16      2932      2916   78.8045         4  0.901115  0.802354
   149      16      2936      2920    78.383        16   1.84187  0.804314
   150      16      2942      2926   78.0204        24   3.21344   0.80905
   151      16      2968      2952   78.1924       104  0.174623  0.816581
   152      16      2995      2979   78.3885       108  0.180109  0.814383
   153      16      3029      3013   78.7649       136  0.366332  0.810844
   154      16      3063      3047   79.1365       136  0.338091  0.807671
   155      16      3081      3065   79.0905        72  0.888822  0.806836
   156      16      3104      3088   79.1732        92  0.479559  0.805739
   157      16      3139      3123   79.5605       140   0.42964  0.803232
   158      16      3162      3146   79.6392        92  0.264247  0.801057
   159      16      3191      3175   79.8678       116  0.321044  0.799582
2016-04-11 21:46:31.833442min lat: 0.0976373 max lat: 6.06883 avg lat: 0.800015
   sec Cur ops   started  finished  avg MB/s  cur MB/s  last lat   avg lat
   160      16      3204      3188   79.6936        52  0.986547  0.800015
   161      16      3228      3212   79.7949        96  0.553148  0.799703
   162      16      3244      3228   79.6973        64    1.1698  0.799648
   163      16      3253      3237   79.4292        36   1.00735  0.801435
   164      16      3260      3244   79.1156        28   3.19846  0.803874
   165      16      3262      3246   78.6846         8  0.877645  0.803877
   166      16      3262      3246   78.2106         0         -  0.803877
   167      16      3275      3259   78.0537        26  0.314105  0.812477
   168      16      3295      3279   78.0652        80   0.56345  0.817384
   169      16      3327      3311   78.3606       128  0.249936  0.814109
   170      16      3355      3339   78.5585       112   1.32396  0.813097
   171      16      3391      3375   78.9411       144  0.330479   0.80952
   172      16      3418      3402     79.11       108  0.282372  0.807161
   173      16      3460      3444   79.6237       168  0.264799  0.803095
   174      16      3478      3462   79.5799        72  0.295785  0.801565
   175      16      3502      3486   79.6737        96  0.759985  0.801485
   176      16      3523      3507   79.6982        84   1.16652  0.800712
   177      16      3538      3522   79.5869        60  0.280235   0.79978
   178      16      3552      3536   79.4544        56   1.62409  0.802847
   179      16      3567      3551   79.3457        60  0.374235  0.802646
2016-04-11 21:46:51.834943min lat: 0.0976373 max lat: 6.06883 avg lat: 0.803873
   sec Cur ops   started  finished  avg MB/s  cur MB/s  last lat   avg lat
   180      16      3582      3566   79.2382        60   1.60529  0.803873
   181      16      3593      3577   79.0434        44   1.87563  0.806639
   182      16      3604      3588   78.8509        44  0.800665  0.807658
   183      16      3607      3591   78.4856        12  0.890591  0.807681
   184      16      3627      3611   78.4938        80  0.508427  0.813012
   185      16      3670      3654   78.9991       172  0.402665  0.809794
   186      16      3703      3687    79.284       132  0.353136  0.806271
   187      16      3727      3711   79.3734        96  0.760333  0.804925
   188      16      3763      3747   79.7171       144   0.25275  0.802322
   189      16      3787      3771   79.8032        96  0.677843  0.800094
   190      16      3802      3786   79.6989        60  0.121378  0.799852
   191      16      3831      3815   79.8889       116  0.401711   0.80039
   192      16      3847      3831   79.8062        64   1.03852  0.799691
   193      16      3856      3840   79.5792        36  0.821905  0.799633
   194      16      3890      3874     79.87       136  0.326655  0.800338
   195      16      3898      3882   79.6245        32   1.07845  0.799786
   196      16      3914      3898   79.5447        64  0.620718  0.800988
   197      16      3915      3899   79.1612         4   2.02881  0.801303
   198      16      3915      3899   78.7614         0         -  0.801303
   199      16      3918      3902    78.426         6   4.61108  0.804052
2016-04-11 21:47:11.836484min lat: 0.0976373 max lat: 6.06883 avg lat: 0.81269
   sec Cur ops   started  finished  avg MB/s  cur MB/s  last lat   avg lat
   200      16      3951      3935   78.6938       132  0.206308   0.81269
   201      16      3988      3972   79.0385       148  0.468223  0.808955
   202      16      4027      4011   79.4195       156   0.39426  0.804617
   203      16      4070      4054   79.8755       172  0.474527  0.800375
   204      16      4097      4081   80.0133       108  0.748306   0.79864
   205      16      4124      4108   80.1498       108  0.579869  0.797251
   206      16      4161      4145   80.4791       148   0.34079  0.794278
   207      16      4170      4154   80.2642        36  0.507096  0.793515
   208      16      4196      4180   80.3783       104  0.592731  0.795335
   209      16      4209      4193   80.2425        52  0.186673  0.794064
   210      16      4218      4202   80.0318        36  0.277208  0.794613
   211      16      4235      4219   79.9747        68  0.269355  0.797234
   212      16      4252      4236   79.9182        68 0.0974118  0.798793
   213      16      4266      4250   79.8059        56  0.909096  0.799339
   214      16      4274      4258   79.5825        32  0.790703  0.799557
   215      16      4277      4261   79.2682        12  0.665379  0.799976
   216      16      4298      4282   79.2901        84  0.590817   0.80341
   217      16      4334      4318   79.5882       144  0.269244    0.8031
   218      16      4373      4357   79.9387       156  0.487171  0.799438
   219      16      4394      4378   79.9572        84  0.708007  0.798772
2016-04-11 21:47:31.837989min lat: 0.0974118 max lat: 6.06883 avg lat: 0.798092
   sec Cur ops   started  finished  avg MB/s  cur MB/s  last lat   avg lat
   220      16      4418      4402   80.0301        96  0.373803  0.798092
   221      16      4446      4430   80.1747       112  0.538332  0.797384
   222      16      4466      4450   80.1739        80  0.252258  0.795724
   223      16      4471      4455    79.904        20   1.09764  0.796344
   224      16      4500      4484   80.0651       116  0.215698  0.797738
   225      16      4515      4499   79.9759        60  0.456764  0.797936
   226      16      4528      4512   79.8521        52  0.171118  0.797647
   227      16      4544      4528   79.7823        64   1.13201  0.800554
   228      16      4548      4532   79.5025        16   1.17126  0.800798
   229      16      4578      4562   79.6793       120  0.478734  0.802543
   230      16      4591      4575    79.559        52  0.945377  0.801954
   231      16      4595      4579   79.2838        16  0.166211  0.801994
   232      16      4609      4593   79.1834        56   2.14085  0.806689
   233      16      4633      4617   79.2556        96   1.20105  0.806055
   234      16      4671      4655   79.5664       152  0.272793  0.803539
   235      16      4693      4677   79.6023        88   1.02802  0.801988
   236      16      4719      4703   79.7056       104   0.19358  0.801116
   237      16      4757      4741   80.0106       152  0.329709  0.799113
   238      16      4792      4776   80.2626       140  0.354648  0.796121
   239      16      4813      4797   80.2782        84  0.248337  0.794995
2016-04-11 21:47:51.839438min lat: 0.0974118 max lat: 6.06883 avg lat: 0.796123
   sec Cur ops   started  finished  avg MB/s  cur MB/s  last lat   avg lat
   240      16      4836      4820    80.327        92  0.211045  0.796123
   241      16      4853      4837   80.2759        68   1.10445  0.795241
   242      16      4871      4855   80.2417        72  0.962206  0.795789
   243      16      4904      4888   80.4546       132  0.554768  0.794597
   244      16      4924      4908   80.4527        80  0.633036  0.794221
   245      16      4932      4916   80.2549        32  0.922555  0.794204
   246      16      4950      4934   80.2214        72  0.888098  0.795156
   247      16      4974      4958   80.2852        96  0.923289  0.795744
   248      16      4987      4971   80.1711        52  0.194393  0.795205
   249      16      4987      4971   79.8492         0         -  0.795205
   250      16      5004      4988   79.8018        34   2.69147  0.799838
   251      16      5033      5017   79.9459       116  0.442059  0.799747
   252      16      5050      5034   79.8985        68  0.215241   0.79808
   253      16      5067      5051   79.8515        68  0.348284  0.798313
   254      16      5098      5082   80.0252       124  0.347771  0.798948
   255      16      5127      5111   80.1663       116  0.509402  0.797216
   256      16      5149      5133   80.1969        88   0.26372  0.795978
   257      16      5160      5144    80.056        44  0.314812  0.796199
   258      16      5184      5168   80.1178        96   1.00355  0.797546
   259      16      5209      5193   80.1945       100   1.06992  0.796509
2016-04-11 21:48:11.840977min lat: 0.0974118 max lat: 6.06883 avg lat: 0.796789
   sec Cur ops   started  finished  avg MB/s  cur MB/s  last lat   avg lat
   260      16      5215      5199   79.9784        24  0.257914  0.796789
   261      16      5240      5224    80.055       100  0.868465  0.798078
   262      16      5257      5241    80.009        68   1.05439  0.799279
   263      16      5264      5248   79.8113        28  0.863257   0.79908
   264      16      5279      5263   79.7362        60   1.81782  0.800482
   265      16      5311      5295   79.9183       128  0.253262  0.800284
   266      16      5330      5314   79.9035        76  0.353665  0.799955
   267      16      5346      5330   79.8439        64  0.239136  0.799536
   268      16      5377      5361   80.0087       124  0.232023  0.798817
   269      16      5410      5394   80.2019       132  0.401105  0.797021
   270      16      5441      5425   80.3641       124  0.392675  0.795236
   271      16      5465      5449   80.4217        96  0.193363  0.794415
   272      16      5480      5464   80.3466        60  0.111214  0.794054
   273      16      5512      5496   80.5212       128  0.603305  0.793982
   274      16      5541      5525   80.6506       116  0.577394  0.792912
   275      16      5552      5536   80.5173        44  0.772275   0.79279
   276      16      5567      5551    80.443        60   1.08601  0.793896
   277      16      5585      5569   80.4121        72  0.923454  0.794187
   278      16      5601      5585   80.3531        64    1.6405  0.794812
   279      16      5614      5598   80.2514        52  0.278523   0.79566
2016-04-11 21:48:31.843833min lat: 0.0974118 max lat: 6.06883 avg lat: 0.79552
   sec Cur ops   started  finished  avg MB/s  cur MB/s  last lat   avg lat
   280      16      5623      5607   80.0934        36  0.471312   0.79552
   281      16      5623      5607   79.8083         0         -   0.79552
   282      16      5629      5613   79.6104        12   3.48593  0.798903
   283      16      5660      5644   79.7673       124  0.518245  0.801851
   284      16      5684      5668   79.8244        96  0.937503  0.800796
   285      16      5703      5687   79.8109        76   1.00976  0.799867
   286      16      5731      5715   79.9235       112  0.270237  0.799863
   287      16      5760      5744   80.0491       116   0.59859  0.798655
   288      16      5784      5768   80.1045        96  0.577797  0.798182
   289      16      5798      5782   80.0211        56   1.12678  0.797916
   290      16      5815      5799   79.9796        68    1.3234  0.798484
   291      16      5837      5821   80.0071        88  0.955634  0.798702
   292      16      5851      5835   79.9249        56   1.19237   0.79881
   293      16      5876      5860   79.9934       100  0.276037  0.799198
   294      16      5903      5887   80.0886       108  0.581364   0.79825
   295      16      5926      5910    80.129        92  0.597033  0.797393
   296      16      5947      5931   80.1421        84  0.678002  0.797813
   297      16      5953      5937    79.953        24  0.853923  0.797703
   298      16      5956      5940    79.725        12   0.60588  0.797667
   299      16      5973      5957   79.6858        68   2.88364  0.800937
2016-04-11 21:48:51.845307min lat: 0.0974118 max lat: 6.06883 avg lat: 0.802088
   sec Cur ops   started  finished  avg MB/s  cur MB/s  last lat   avg lat
   300      16      5990      5974   79.6468        68  0.208424  0.802088
   301      16      6004      5988   79.5682        56  0.228371  0.802035
   302      16      6026      6010   79.5961        88  0.335867   0.80276
   303      16      6055      6039   79.7162       116  0.317779  0.802565
   304      16      6078      6062   79.7566        92  0.272897  0.801112
   305      16      6099      6083   79.7705        84  0.961962   0.80128
   306      16      6119      6103   79.7712        80  0.362079  0.800945
   307      16      6133      6117   79.6929        56  0.276089  0.801014
   308      16      6167      6151   79.8757       136    0.7151  0.800619
   309      16      6184      6168   79.8372        68  0.221725  0.800033
   310      16      6218      6202   80.0184       136  0.279228  0.799297
   311      16      6231      6215   79.9283        52   1.04206  0.799076
   312      16      6241      6225   79.8003        40   2.06452  0.799282
   313      16      6245      6229   79.5965        16   0.23745   0.79914
   314      16      6246      6230   79.3557         4   2.72351  0.799449
   315      16      6254      6238   79.2054        32    4.7824  0.800769
   316      16      6276      6260   79.2332        88   1.36573  0.806906
   317      16      6295      6279    79.223        76  0.652514  0.806636
   318      16      6320      6304   79.2883       100   0.50944  0.805498
   319      16      6344      6328   79.3406        96  0.604307  0.804174
2016-04-11 21:49:11.850165min lat: 0.0923315 max lat: 6.06883 avg lat: 0.804581
   sec Cur ops   started  finished  avg MB/s  cur MB/s  last lat   avg lat
   320      16      6358      6342   79.2677        56   1.11936  0.804581
   321      16      6373      6357   79.2077        60  0.279945  0.805657
   322      16      6408      6392   79.3964       140  0.495572  0.805454
   323      16      6429      6413   79.4106        84  0.597608  0.804777
   324      16      6443      6427   79.3384        56  0.270871  0.805046
   325      16      6478      6462    79.525       140  0.495891  0.804218
   326      16      6501      6485   79.5632        92   0.26016  0.803902
   327      16      6529      6513   79.6624       112  0.738808  0.802743
   328      16      6546      6530   79.6268        68  0.372033   0.80252
   329      16      6571      6555   79.6887       100  0.361983   0.80211
   330      16      6599      6583   79.7866       112  0.245813  0.801264
   331      16      6608      6592   79.6543        36  0.125404  0.800587
   332      16      6609      6593   79.4264         4   2.51257  0.800846
   333      16      6609      6593   79.1879         0         -  0.800846
   334      16      6609      6593   78.9508         0         -  0.800846
   335      16      6637      6621   79.0495   37.3333  0.608912   0.80901
   336      16      6655      6639   79.0285        72  0.306476  0.808614
   337      16      6694      6678   79.2568       156   0.24821  0.807136
   338      16      6721      6705   79.3419       108  0.553237  0.805532
   339      16      6754      6738   79.4972       132  0.285508  0.804579
2016-04-11 21:49:31.851726min lat: 0.0923315 max lat: 6.06883 avg lat: 0.803147
   sec Cur ops   started  finished  avg MB/s  cur MB/s  last lat   avg lat
   340      16      6784      6768   79.6163       120  0.266031  0.803147
   341      16      6808      6792   79.6643        96  0.374353  0.802186
   342      16      6824      6808   79.6185        64  0.390346  0.801608
   343      16      6830      6814   79.4563        24   1.13665  0.802061
   344      16      6841      6825   79.3532        44   2.02834  0.803116
   345      16      6849      6833    79.216        32   1.65084  0.804706
   346      16      6873      6857   79.2645        96  0.514764  0.806849
   347      16      6894      6878   79.2781        84  0.616865  0.806595
   348      16      6906      6890   79.1882        48  0.939862  0.806706
   349      16      6922      6906   79.1443        64   1.67645  0.807892
   350      16      6936      6920   79.0782        56  0.899628  0.808175
   351      16      6958      6942   79.1036        88  0.101119   0.80768
   352      16      6975      6959    79.072        68  0.201878  0.808241
   353      16      6993      6977    79.052        72   1.00975  0.808694
   354      16      7006      6990   78.9756        52  0.427645    0.8083
   355      16      7034      7018   79.0686       112   1.44641  0.808988
   356      16      7063      7047   79.1723       116  0.420274   0.80765
   357      16      7094      7078   79.2978       124  0.345958  0.806477
   358      16      7121      7105    79.378       108  0.245857  0.805641
   359      16      7141      7125   79.3797        80  0.631921  0.804811
2016-04-11 21:49:51.854676min lat: 0.0923315 max lat: 6.06883 avg lat: 0.805121
   sec Cur ops   started  finished  avg MB/s  cur MB/s  last lat   avg lat
   360      16      7163      7147   79.4036        88  0.726378  0.805121
   361      16      7193      7177    79.516       120  0.723627   0.80413
   362      16      7227      7211    79.672       136  0.464735  0.802723
   363      16      7250      7234    79.706        92  0.548646  0.801812
   364      16      7255      7239   79.5419        20   1.01635  0.802003
   365      16      7266      7250   79.4446        44  0.436245  0.803215
   366      16      7267      7251   79.2384         4   1.09241  0.803255
   367      16      7273      7257   79.0879        24   1.63515  0.805104
   368      16      7290      7274   79.0578        68   1.05944   0.80894
   369      16      7313      7297   79.0928        92  0.182451  0.808602
   370      16      7328      7312   79.0412        60  0.220083  0.808292
   371      16      7352      7336   79.0869        96  0.849108  0.808109
   372      16      7375      7359   79.1216        92  0.657893  0.808149
   373      16      7397      7381   79.1454        88  0.238351  0.807085
   374      16      7410      7394   79.0728        52  0.259282  0.807053
   375      16      7444      7428   79.2246       136  0.400005  0.807369
   376      16      7471      7455   79.3011       108  0.431647  0.806664
   377      16      7495      7479   79.3453        96  0.280904   0.80535
   378      16      7495      7479   79.1354         0         -   0.80535
   379      16      7511      7495   79.0955        32   2.22544  0.808457
2016-04-11 21:50:11.856257min lat: 0.0923315 max lat: 6.06883 avg lat: 0.807853
   sec Cur ops   started  finished  avg MB/s  cur MB/s  last lat   avg lat
   380      16      7537      7521    79.161       104  0.571763  0.807853
   381      16      7563      7547   79.2262       104  0.536208  0.807003
   382      16      7582      7566   79.2177        76  0.797717  0.806742
   383      16      7595      7579   79.1466        52  0.169817  0.807241
   384      16      7621      7605   79.2113       104  0.428506  0.807117
   385      16      7631      7615   79.1095        40   1.45472  0.807505
   386      16      7631      7615   78.9045         0         -  0.807505
   387      16      7640      7624   78.7937        18    2.5754  0.809755
   388      16      7674      7658   78.9411       136   0.26502  0.810346
   389      16      7693      7677   78.9335        76  0.803986  0.809532
   390      16      7724      7708    79.049       124  0.490467  0.809038
   391      16      7752      7736   79.1333       112  0.467988  0.808139
   392      16      7781      7765   79.2273       116  0.533135  0.807213
   393      16      7807      7791   79.2903       104  0.555412  0.806433
   394      16      7832      7816   79.3429       100  0.473119  0.806234
   395      16      7851      7835   79.3344        76  0.820786  0.806025
   396      16      7873      7857   79.3562        88  0.961379  0.805499
   397      16      7888      7872   79.3075        60   1.28265  0.805667
   398      16      7901      7885   79.2388        52   1.34666  0.806251
   399      16      7919      7903   79.2207        72  0.986874  0.806698
2016-04-11 21:50:31.857890min lat: 0.080691 max lat: 6.06883 avg lat: 0.806902
   sec Cur ops   started  finished  avg MB/s  cur MB/s  last lat   avg lat
   400      16      7942      7926   79.2526        92  0.260904  0.806902
   401      16      7969      7953   79.3243       108  0.470736  0.805738
   402      16      7981      7965   79.2464        48   1.41008  0.805761
   403      16      7997      7981   79.2085        64  0.609265  0.806623
   404      16      8001      7985   79.0521        16  0.208879  0.806369
   405      16      8001      7985   78.8569         0         -  0.806369
   406      16      8009      7993   78.7415        16  0.568825   0.80765
   407      16      8022      8006   78.6757        52   6.08836  0.811687
   408      16      8061      8045   78.8652       156  0.343091  0.811337
   409      16      8090      8074    78.956       116  0.314901  0.809566
   410      16      8116      8100   79.0171       104  0.246997  0.808146
   411      16      8137      8121   79.0292        84   0.31041  0.808255
   412      16      8175      8159   79.2063       152   0.31204  0.807339
   413      16      8197      8181   79.2275        88  0.962829  0.806661
   414      16      8220      8204   79.2584        92  0.683243  0.806644
   415      16      8247      8231   79.3276       108  0.605475  0.805924
   416      16      8268      8252   79.3388        84  0.759654  0.805833
   417      16      8290      8274   79.3596        88  0.986895  0.805256
   418      16      8315      8299   79.4089       100  0.671458   0.80554
   419      16      8330      8314   79.3626        60   1.07099  0.805542
2016-04-11 21:50:51.859397min lat: 0.080691 max lat: 6.08836 avg lat: 0.805545
   sec Cur ops   started  finished  avg MB/s  cur MB/s  last lat   avg lat
   420      16      8340      8324   79.2689        40  0.411524  0.805545
   421      16      8340      8324   79.0806         0         -  0.805545
   422      16      8342      8326   78.9122         4   3.92353   0.80624
   423      16      8356      8340    78.858        56   3.50958  0.810035
   424      16      8372      8356   78.8229        64  0.337146   0.81062
   425      16      8393      8377   78.8351        84  0.151033  0.810804
   426      16      8413      8397   78.8378        80  0.146155  0.810656
   427      16      8453      8437   79.0279       160  0.363867  0.809322
   428      16      8478      8462   79.0768       100  0.694307  0.808593
   429      16      8510      8494   79.1909       128  0.253639  0.807865
   430      16      8537      8521   79.2578       108  0.612341  0.806825
   431      16      8569      8553   79.3709       128  0.261051  0.805844
   432      16      8578      8562   79.2705        36  0.709553  0.805519
   433      16      8582      8566   79.1244        16    2.3259  0.805839
   434      16      8594      8578   79.0527        48   2.63308  0.807747
   435      16      8626      8610   79.1652       128  0.422482  0.807801
   436      16      8652      8636   79.2221       104   0.71612  0.807226
   437      16      8659      8643   79.1049        28   1.21624  0.807546
   438      16      8677      8661   79.0887        72   1.01161  0.808139
   439      16      8688      8672   79.0087        44  0.245408  0.808067
2016-04-11 21:51:11.860892min lat: 0.080691 max lat: 6.08836 avg lat: 0.808067
   sec Cur ops   started  finished  avg MB/s  cur MB/s  last lat   avg lat
   440      16      8688      8672   78.8292         0         -  0.808067
   441      16      8688      8672   78.6504         0         -  0.808067
   442      16      8696      8680   78.5449   10.6667   4.21204  0.811129
   443      16      8711      8695    78.503        60   7.30912  0.813734
   444      16      8747      8731   78.6505       144  0.407677  0.813519
   445      16      8780      8764   78.7703       132  0.331812  0.811822
   446      16      8820      8804   78.9524       160  0.293559  0.810191
   447      16      8840      8824   78.9548        80  0.428943  0.809903
   448      16      8865      8849   79.0017       100  0.581577  0.809527
   449      16      8887      8871   79.0217        88  0.538504   0.80905
   450      16      8912      8896   79.0683       100  0.123205  0.808497
   451      16      8936      8920   79.1059        96  0.280153  0.808197
   452      16      8963      8947   79.1698       108  0.238661  0.807329
   453      16      8982      8966   79.1628        76   0.67738  0.807268
   454      16      8997      8981   79.1205        60   0.95888  0.808008
   455      16      9012      8996   79.0784        60  0.652514  0.808169
   456      16      9021      9005    78.984        36   0.34221  0.808351
   457      16      9021      9005   78.8111         0         -  0.808351
   458      16      9037      9021   78.7788        32   2.51894  0.810724
   459      16      9058      9042   78.7901        84  0.798876  0.811857
2016-04-11 21:51:31.862904min lat: 0.080691 max lat: 7.30912 avg lat: 0.811093
   sec Cur ops   started  finished  avg MB/s  cur MB/s  last lat   avg lat
   460      16      9077      9061   78.7841        76  0.236697  0.811093
   461      16      9084      9068   78.6739        28    2.2682  0.810903
   462      16      9105      9089   78.6854        84  0.310669  0.811896
   463      16      9121      9105   78.6537        64   1.55478  0.812337
   464      16      9146      9130   78.6997       100  0.303001  0.812348
   465      16      9182      9166   78.8401       144  0.372862  0.811137
   466      16      9206      9190   78.8769        96   0.35454  0.810895
   467      16      9234      9218   78.9478       112  0.703257  0.810029
   468      16      9235      9219   78.7876         4    0.1712   0.80996
   469      16      9240      9224   78.6623        20  0.387847  0.810077
   470      16      9253      9237   78.6055        52   3.00928  0.811126
   471      16      9265      9249   78.5406        48   4.15979  0.812539
   472      16      9300      9284   78.6707       140  0.354105  0.812943
   473      16      9339      9323   78.8342       156  0.543033  0.811347
   474      16      9361      9345   78.8535        88  0.510048  0.810927
   475      16      9389      9373   78.9233       112  0.522583  0.810301
   476      16      9414      9398   78.9676       100   0.30809  0.809917
   477      16      9431      9415   78.9445        68  0.711084  0.810091
   478      16      9438      9422    78.838        28   1.04976  0.810152
   479      16      9444      9428   78.7235        24   2.81287  0.810889
2016-04-11 21:51:51.864582min lat: 0.080691 max lat: 7.30912 avg lat: 0.811874
   sec Cur ops   started  finished  avg MB/s  cur MB/s  last lat   avg lat
   480      16      9456      9440   78.6595        48   0.36738  0.811874
   481      16      9472      9456    78.629        64   1.94507  0.813256
   482      16      9503      9487   78.7231       124  0.359293  0.812519
   483      16      9534      9518   78.8168       124  0.516308  0.811444
   484      16      9556      9540   78.8358        88  0.739606  0.811263
   485      16      9584      9568   78.9041       112  0.798479  0.810847
   486      16      9607      9591   78.9311        92  0.944223  0.810195
   487      16      9626      9610    78.925        76  0.402012  0.809924
   488      16      9651      9635   78.9682       100  0.649051  0.809964
   489      16      9678      9662   79.0275       108  0.593177   0.80941
   490      16      9700      9684   79.0458        88   0.67281  0.809137
   491      16      9709      9693   78.9582        36   1.13946  0.809179
   492      16      9721      9705   78.8952        48  0.307398  0.809355
   493      16      9726      9710   78.7758        20   1.64624  0.809899
   494      16      9745      9729   78.7701        76  0.236255  0.810662
   495      16      9763      9747   78.7565        72  0.504264  0.811187
   496      16      9787      9771   78.7912        96  0.527958  0.811347
   497      16      9787      9771   78.6327         0         -  0.811347
   498      16      9790      9774   78.4989         6  0.164726  0.811546
   499      16      9796      9780   78.3897        24   3.29265  0.812918
2016-04-11 21:52:11.866142min lat: 0.080691 max lat: 7.30912 avg lat: 0.815384
   sec Cur ops   started  finished  avg MB/s  cur MB/s  last lat   avg lat
   500      16      9805      9789   78.3049        36   3.99279  0.815384
   501      16      9825      9809   78.3082        80   0.21022  0.816382
   502      16      9858      9842   78.4152       132  0.627475  0.815588
   503      16      9883      9867   78.4581       100  0.605334    0.8153
   504      16      9908      9892   78.5008       100   1.01027  0.814527
   505      16      9930      9914   78.5196        88  0.355914   0.81435
   506      16      9952      9936   78.5383        88  0.414287  0.814082
   507      16      9970      9954   78.5254        72  0.569938  0.813933
   508      16     10000      9984    78.607       120  0.635393  0.813471
   509      16     10017     10001   78.5862        68  0.831087   0.81372
   510      16     10048     10032   78.6752       124  0.533421  0.813128
   511      16     10071     10055   78.7013        92  0.782236  0.812663
   512      16     10079     10063   78.6101        32   1.33299   0.81293
   513      16     10104     10088   78.6517       100  0.658652  0.813462
   514      16     10126     10110   78.6699        88   0.49598  0.812608
   515      16     10131     10115    78.556        20  0.145909  0.812416
   516      16     10133     10117   78.4193         8  0.519173  0.812371
   517      16     10145     10129   78.3604        48  0.373154  0.814568
   518      16     10157     10141   78.3018        48    1.5807  0.815995
   519      16     10179     10163   78.3205        88    0.4347  0.816391
2016-04-11 21:52:31.867697min lat: 0.080691 max lat: 7.30912 avg lat: 0.815593
   sec Cur ops   started  finished  avg MB/s  cur MB/s  last lat   avg lat
   520      16     10214     10198   78.4391       140   0.24534  0.815593
   521      16     10231     10215    78.419        68  0.199473   0.81524
   522      16     10258     10242   78.4757       108  0.370969  0.815043
   523      16     10277     10261   78.4709        76  0.612836  0.814402
   524      16     10301     10285   78.5044        96  0.693411  0.814081
   525      16     10324     10308   78.5301        92  0.787925    0.8143
   526      16     10339     10323   78.4948        60  0.484911  0.814455
   527      16     10370     10354   78.5811       124  0.142648  0.813871
   528      16     10379     10363   78.5005        36   1.11966  0.813701
   529      16     10389     10373   78.4277        40  0.147799  0.813921
   530      16     10401     10385   78.3703        48   2.20416  0.815492
   531      16     10417     10401   78.3432        64   0.50654   0.81574
   532      16     10424     10408   78.2486        28   1.60064  0.815938
   533      16     10444     10428   78.2519        80  0.700664  0.816631
   534      16     10459     10443   78.2177        60  0.921778  0.817463
   535      16     10478     10462   78.2135        76  0.533912   0.81768
   536      16     10509     10493   78.2989       124  0.191297  0.817163
   537      16     10534     10518   78.3393       100  0.709491  0.816373
   538      16     10556     10540   78.3573        88  0.202691  0.816142
   539      16     10582     10566   78.4048       104   0.75996  0.815564
2016-04-11 21:52:51.869260min lat: 0.080691 max lat: 7.30912 avg lat: 0.815739
   sec Cur ops   started  finished  avg MB/s  cur MB/s  last lat   avg lat
   540      16     10598     10582   78.3781        64   0.47892  0.815739
   541      16     10619     10603   78.3885        84  0.465991  0.815902
   542      16     10651     10635     78.48       128  0.554138  0.815014
   543      16     10675     10659   78.5123        96  0.748762  0.814659
   544      16     10706     10690   78.5959       124  0.334526  0.813934
   545      16     10727     10711   78.6058        84  0.631147  0.813505
   546      16     10753     10737   78.6523       104  0.780383  0.813344
   547      16     10774     10758    78.662        84  0.476849   0.81277
   548      16     10781     10765   78.5696        28   1.25401  0.813032
   549      16     10802     10786   78.5795        84  0.816081  0.813511
   550      16     10812     10796   78.5093        40  0.701846  0.813841
   551      16     10826     10810   78.4685        56   1.29729  0.814554
   552      16     10833     10817    78.377        28   2.31139   0.81503
   553      16     10835     10819   78.2498         8   0.96303  0.815148
   554      16     10840     10824   78.1446        20  0.353129   0.81535
   555      16     10848     10832   78.0615        32   1.11677  0.817019
   556      16     10858     10842    77.993        40  0.150282   0.81875
   557      16     10882     10866   78.0253        96    0.2073  0.819605
   558      16     10924     10908   78.1865       168  0.465131  0.818401
   559      16     10953     10937   78.2542       116  0.553395  0.817376
2016-04-11 21:53:11.870815min lat: 0.080691 max lat: 7.30912 avg lat: 0.817441
   sec Cur ops   started  finished  avg MB/s  cur MB/s  last lat   avg lat
   560      16     10970     10954   78.2359        68   1.22703  0.817441
   561      16     10986     10970   78.2105        64  0.268525  0.817375
   562      16     11009     10993    78.235        92   0.89213   0.81741
   563      16     11028     11012    78.231        76  0.445422  0.817154
   564      16     11049     11033   78.2412        84  0.386755  0.817093
   565      16     11070     11054   78.2514        84  0.850612  0.817351
   566      16     11094     11078   78.2828        96  0.510056  0.817311
   567      16     11111     11095   78.2646        68   1.08294  0.817214
   568      16     11129     11113   78.2536        72  0.467194  0.817346
   569      16     11146     11130   78.2355        68  0.309354  0.817142
   570      16     11166     11150   78.2386        80   0.45442  0.817278
   571      16     11174     11158   78.1576        32  0.336048  0.817113
   572      16     11183     11167   78.0839        36   2.49144  0.818143
   573      16     11202     11186   78.0803        76   2.23412  0.819008
   574      16     11230     11214   78.1394       112  0.665007   0.81858
   575      16     11258     11242   78.1982       112  0.478168  0.817817
   576      16     11279     11263   78.2083        84  0.554203  0.817731
   577      16     11295     11279   78.1837        64  0.913299  0.817703
   578      16     11313     11297    78.173        72  0.236749  0.817841
   579      16     11339     11323   78.2176       104   0.61802   0.81767
2016-04-11 21:53:31.872293min lat: 0.080691 max lat: 7.30912 avg lat: 0.817523
   sec Cur ops   started  finished  avg MB/s  cur MB/s  last lat   avg lat
   580      16     11360     11344   78.2275        84  0.345842  0.817523
   581      16     11386     11370   78.2719       104  0.602089  0.817066
   582      16     11387     11371   78.1442         4   0.45144  0.817033
   583      16     11410     11394    78.168        92  0.464156  0.817771
   584      16     11433     11417   78.1917        92  0.305202  0.817621
   585      16     11452     11436   78.1879        76  0.883562  0.817752
   586      16     11462     11446   78.1227        40    1.4453  0.817849
   587      16     11475     11459   78.0782        52   1.44328  0.818656
   588      16     11491     11475   78.0543        64  0.479151  0.818713
   589      16     11497     11481   77.9625        24  0.593666  0.818596
   590      16     11497     11481   77.8304         0         -  0.818596
   591      16     11517     11501    77.834        40   0.18489  0.820682
   592      16     11537     11521   77.8377        80  0.213921  0.821717
   593      16     11576     11560   77.9695       156  0.220181  0.820515
   594      16     11608     11592   78.0537       128  0.537437  0.819589
   595      16     11637     11621   78.1174       116  0.402421  0.818912
   596      16     11669     11653   78.2011       128  0.280973  0.818128
   597      16     11687     11671   78.1907        72  0.880013   0.81818
   598      16     11703     11687    78.167        64  0.559198  0.818087
   599      16     11724     11708   78.1767        84  0.811669  0.818082
2016-04-11 21:53:51.873821min lat: 0.080691 max lat: 7.30912 avg lat: 0.81784
   sec Cur ops   started  finished  avg MB/s  cur MB/s  last lat   avg lat
   600      16     11744     11728   78.1797        80  0.515842   0.81784
   601      16     11763     11747   78.1761        76  0.194749  0.817987
   602      16     11783     11767   78.1791        80  0.265539  0.818066
   603      16     11804     11788   78.1888        84    1.3367  0.818104
   604      16     11814     11798   78.1255        40  0.537434  0.818108
   605      16     11832     11816   78.1154        72  0.827684  0.818766
   606      16     11846     11830   78.0789        56  0.884002  0.819162
   607      16     11849     11833     77.97        12   0.65708  0.819136
   608      16     11849     11833   77.8418         0         -  0.819136
   609      16     11860     11844   77.7862        22   3.26971  0.821321
   610      16     11876     11860   77.7636        64  0.361641  0.822342
   611      16     11912     11896    77.872       144  0.329607  0.821414
   612      16     11937     11921   77.9082       100  0.351348   0.82062
   613      16     11955     11939   77.8985        72  0.306061  0.820418
   614      16     11966     11950   77.8429        44   2.82742  0.820341
   615      16     11981     11965   77.8138        60   2.44412  0.820941
   616      16     11992     11976    77.759        44   1.23005  0.821706
   617      16     12013     11997   77.7691        84  0.111958  0.822534
   618      16     12042     12026   77.8309       116  0.519776  0.821818
   619      16     12069     12053   77.8796       108  0.499064  0.821374
2016-04-11 21:54:11.878651min lat: 0.080691 max lat: 7.30912 avg lat: 0.820664
   sec Cur ops   started  finished  avg MB/s  cur MB/s  last lat   avg lat
   620      16     12097     12081   77.9346       112  0.457145  0.820664
   621      16     12121     12105   77.9637        96  0.796128  0.820357
   622      16     12134     12118    77.922        52   1.40212  0.820581
   623      16     12159     12143   77.9574       100  0.850105  0.820641
   624      16     12163     12147   77.8581        16   0.82423  0.820613
   625      16     12165     12149   77.7463         8    0.2017  0.820546
   626      16     12183     12167   77.7372        72   3.07309  0.821926
   627      16     12201     12185    77.728        72   1.10381  0.822697
   628      16     12218     12202   77.7125        68  0.115368  0.822704
   629      16     12242     12226   77.7415        96  0.820335  0.822888
   630      16     12265     12249   77.7642        92  0.653483  0.822331
   631      16     12285     12269   77.7677        80  0.178991  0.822457
   632      16     12312     12296   77.8155       108  0.868005  0.821931
   633      16     12337     12321   77.8506       100  0.171202   0.82155
   634      16     12356     12340   77.8476        76  0.394973   0.82148
   635      16     12386     12370    77.914       120  0.974067  0.821154
   636      16     12403     12387   77.8984        68  0.846254  0.820898
   637      16     12434     12418   77.9708       124   0.34171  0.820628
   638      16     12452     12436   77.9614        72  0.764571  0.820443
   639      16     12460     12444   77.8895        32   1.03575  0.820451
2016-04-11 21:54:31.880239min lat: 0.080691 max lat: 7.30912 avg lat: 0.820374
   sec Cur ops   started  finished  avg MB/s  cur MB/s  last lat   avg lat
   640      16     12462     12446   77.7803         8  0.426809  0.820374
   641      16     12462     12446   77.6589         0         -  0.820374
   642      16     12462     12446    77.538         0         -  0.820374
   643      16     12469     12453   77.4609   9.33333    5.1388  0.822704
   644      16     12490     12474   77.4711        84  0.694146  0.825539
   645      16     12510     12494    77.475        80    1.0156  0.825343
   646      16     12514     12498   77.3798        16   1.54064   0.82558
   647      16     12534     12518   77.3838        80  0.320936  0.825819
   648      16     12566     12550   77.4619       128  0.375778  0.825786
   649      16     12591     12575   77.4967       100  0.177655   0.82516
   650      16     12608     12592    77.482        68   1.06287  0.825204
   651      16     12632     12616   77.5105        96  0.366004  0.824974
   652      16     12658     12642   77.5511       104  0.318691   0.82513
   653      16     12679     12663    77.561        84  0.784055  0.824667
   654      16     12702     12686    77.583        92  0.632781  0.824574
   655      16     12717     12701   77.5562        60  0.849944  0.824495
   656      16     12739     12723   77.5721        88  0.756588  0.824444
   657      16     12762     12746    77.594        92  0.736324  0.824479
   658      16     12782     12766   77.5977        80  0.843501  0.824183
   659      16     12801     12785   77.5952        76  0.276119  0.823998
2016-04-11 21:54:51.881760min lat: 0.080691 max lat: 7.30912 avg lat: 0.82417
   sec Cur ops   started  finished  avg MB/s  cur MB/s  last lat   avg lat
   660      16     12811     12795   77.5383        40  0.875783   0.82417
   661      16     12820     12804   77.4754        36   1.10129  0.824605
   662      16     12833     12817   77.4369        52   2.66449  0.825812
   663      16     12839     12823   77.3563        24  0.137617  0.825534
   664      16     12859     12843   77.3603        80  0.407257  0.826751
   665      16     12886     12870   77.4064       108   1.05022  0.826607
   666      16     12906     12890   77.4103        80   1.00569  0.826118
   667      16     12927     12911   77.4201        84  0.274674  0.826004
   668      16     12939     12923   77.3761        48    1.2071  0.826384
   669      16     12966     12950   77.4219       108  0.322959  0.826179
   670      16     12994     12978   77.4734       112  0.622398   0.82584
   671      16     13025     13009   77.5428       124  0.289895  0.824868
   672      16     13053     13037    77.594       112  0.412122  0.824172
   673      16     13065     13049   77.5501        48  0.241394  0.823929
   674      16     13083     13067   77.5418        72  0.698225  0.824156
   675      16     13092     13076   77.4803        36    1.6234  0.824886
   676      16     13094     13078   77.3775         8   1.91728  0.824942
   677      16     13099     13083   77.2927        20   3.08373   0.82539
   678      16     13114     13098   77.2672        60   4.12376  0.827701
   679      16     13131     13115   77.2536        68    0.7409  0.827852
2016-04-11 21:55:11.883237min lat: 0.080691 max lat: 7.30912 avg lat: 0.827953
   sec Cur ops   started  finished  avg MB/s  cur MB/s  last lat   avg lat
   680      16     13148     13132     77.24        68  0.422438  0.827953
   681      16     13175     13159   77.2851       108  0.624857  0.827774
   682      16     13193     13177   77.2773        72  0.339604  0.827553
   683      16     13201     13185   77.2111        32  0.162891  0.827246
   684      16     13222     13206    77.221        84  0.261992  0.828265
   685      16     13253     13237   77.2892       124  0.333451  0.827605
   686      16     13285     13269   77.3632       128  0.699483  0.826777
   687      16     13314     13298   77.4194       116  0.647914  0.826355
   688      16     13339     13323   77.4522       100   0.60286  0.825786
   689      16     13362     13346   77.4733        92  0.775045  0.825661
   690      16     13399     13383   77.5755       148  0.395779  0.824799
   691      16     13415     13399   77.5558        64  0.513415  0.824705
   692      16     13448     13432   77.6345       132  0.351846  0.824156
   693      16     13470     13454   77.6494        88  0.475403  0.823622
   694      16     13492     13476   77.6643        88  0.740962  0.823558
   695      16     13514     13498   77.6792        88   1.40486  0.823486
   696      16     13519     13503   77.5963        20    1.2728  0.823629
   697      16     13525     13509   77.5194        24   1.89811  0.823958
   698      16     13534     13518     77.46        36   3.10505  0.824807
   699      16     13544     13528   77.4063        40   1.27858  0.825598
2016-04-11 21:55:31.885270min lat: 0.080691 max lat: 7.30912 avg lat: 0.826128
   sec Cur ops   started  finished  avg MB/s  cur MB/s  last lat   avg lat
   700      16     13552     13536   77.3414        32  0.513496  0.826128
   701      16     13562     13546   77.2882        40    1.7948  0.827064
   702      16     13588     13572   77.3262       104  0.531944  0.827488
   703      16     13611     13595   77.3471        92  0.339617  0.826951
   704      16     13636     13620   77.3792       100  0.541234  0.826359
   705      16     13653     13637   77.3659        68    1.0576  0.826493
   706      16     13681     13665    77.415       112  0.275823  0.826358
   707      16     13702     13686   77.4243        84  0.678483  0.825969
   708      16     13711     13695   77.3658        36   1.75853   0.82592
   709      16     13728     13712   77.3525        68  0.563633   0.82616
   710      16     13759     13743   77.4182       124  0.365152  0.826367
   711      16     13793     13777   77.5006       136  0.603889    0.8256
   712      16     13816     13800   77.5209        92  0.675151  0.825089
   713      16     13828     13812   77.4795        48   1.18919  0.824949
   714      16     13832     13816   77.3934        16  0.244363  0.824807
   715      16     13832     13816   77.2852         0         -  0.824807
   716      16     13847     13831    77.261        30  0.728347  0.827275
   717      16     13861     13845   77.2314        56   1.52592  0.828158
   718      16     13882     13866   77.2408        84  0.968159  0.828225
   719      16     13900     13884   77.2335        72  0.935012  0.828372
2016-04-11 21:55:51.886868min lat: 0.080691 max lat: 7.30912 avg lat: 0.828498
   sec Cur ops   started  finished  avg MB/s  cur MB/s  last lat   avg lat
   720      16     13916     13900   77.2151        64   1.15113  0.828498
   721      16     13937     13921   77.2245        84  0.430743  0.828233
   722      16     13954     13938   77.2117        68  0.258071  0.828165
   723      16     13978     13962   77.2377        96  0.271783  0.828034
   724      16     14002     13986   77.2636        96   0.45864  0.828021
   725      16     14018     14002   77.2453        64   0.98644  0.827787
   726      16     14048     14032   77.3042       120  0.490757   0.82757
   727      16     14081     14065   77.3794       132  0.431112  0.826757
   728      16     14095     14079     77.35        56   1.09191  0.826603
   729      16     14102     14086   77.2824        28   1.68143  0.826717
   730      16     14118     14102   77.2642        64  0.584917  0.827383
   731      16     14145     14129   77.3062       108  0.307153  0.827575
   732      16     14155     14139   77.2552        40   1.01734  0.827288
   733      16     14156     14140   77.1553         4  0.584771  0.827271
   734      16     14164     14148   77.0938        32   3.03705  0.828486
   735      16     14179     14163   77.0705        60   0.55491  0.829652
   736      16     14202     14186   77.0908        92  0.206119  0.829918
   737      16     14226     14210   77.1164        96  0.526728  0.829579
   738      16     14241     14225   77.0932        60  0.122808  0.829287
   739      16     14249     14233   77.0322        32   1.71992  0.829589
2016-04-11 21:56:11.888360min lat: 0.080691 max lat: 7.30912 avg lat: 0.830027
   sec Cur ops   started  finished  avg MB/s  cur MB/s  last lat   avg lat
   740      16     14274     14258   77.0632       100   0.26548  0.830027
   741      16     14299     14283   77.0942       100   0.49087  0.829574
   742      16     14319     14303   77.0981        80  0.201742  0.829464
   743      16     14338     14322   77.0966        76  0.714448  0.829316
   744      16     14352     14336   77.0682        56   1.97795  0.829516
   745      16     14371     14355   77.0668        76   1.17218  0.830061
   746      16     14386     14370   77.0439        60   1.68368  0.829962
   747      16     14403     14387   77.0318        68   1.24837  0.830261
   748      16     14420     14404   77.0197        68  0.583625   0.83003
   749      16     14435     14419    76.997        60   1.05191  0.830327
   750      16     14455     14439    77.001        80  0.930321  0.830558
   751      16     14479     14463   77.0263        96  0.545389   0.83039
   752      16     14503     14487   77.0515        96  0.204064  0.830145
   753      16     14517     14501   77.0235        56  0.357676  0.829999
   754      16     14544     14528   77.0646       108  0.335267  0.830025
   755      16     14573     14557   77.1161       116   1.08608  0.829732
   756      16     14587     14571   77.0882        56  0.576887  0.829511
   757      16     14610     14594   77.1079        92  0.931641  0.829601
   758      16     14645     14629   77.1909       140  0.455083  0.828875
   759      16     14674     14658    77.242       116  0.538841   0.82831
2016-04-11 21:56:31.889919min lat: 0.0706643 max lat: 7.30912 avg lat: 0.827987
   sec Cur ops   started  finished  avg MB/s  cur MB/s  last lat   avg lat
   760      16     14696     14680   77.2561        88  0.633817  0.827987
   761      16     14720     14704   77.2807        96   1.07561  0.827703
   762      16     14738     14722   77.2737        72  0.347287  0.827442
   763      16     14750     14734   77.2354        48  0.354301  0.827245
   764      16     14761     14745   77.1919        44  0.741445  0.827571
   765      16     14770     14754    77.138        36  0.427571  0.827881
   766      16     14770     14754   77.0373         0         -  0.827881
   767      16     14777     14761   76.9734        14   3.49345  0.828982
   768      16     14792     14776   76.9513        60  0.777944  0.831055
   769      16     14813     14797   76.9604        84  0.236674  0.830931
   770      16     14825     14809   76.9228        48  0.191792  0.831036
   771      16     14851     14835   76.9579       104   0.53951   0.83119
   772      16     14881     14865   77.0137       120  0.431809  0.830508
   773      16     14906     14890   77.0434       100  0.246462   0.83023
   774      16     14932     14916   77.0782       104  0.541591  0.830148
   775      16     14948     14932   77.0613        64   0.33654  0.829902
   776      16     14966     14950   77.0548        72  0.311255  0.830075
   777      16     14988     14972   77.0689        88   1.03173  0.829897
   778      16     15009     14993   77.0778        84  0.395496  0.829917
   779      16     15026     15010   77.0661        68  0.969187   0.82992
2016-04-11 21:56:51.891920min lat: 0.0706643 max lat: 7.66703 avg lat: 0.830039
   sec Cur ops   started  finished  avg MB/s  cur MB/s  last lat   avg lat
   780      16     15041     15025   77.0442        60   1.05412  0.830039
   781      16     15058     15042   77.0327        68  0.870424  0.830466
   782      16     15065     15049     76.97        28  0.325186  0.830216
   783      16     15081     15065   76.9534        64  0.210897  0.830965
   784      16     15117     15101   77.0389       144  0.238961  0.830596
   785      16     15152     15136   77.1191       140  0.472529  0.829584
   786      16     15161     15145   77.0668        36  0.473943   0.82946
   787      16     15184     15168   77.0857        92  0.555267  0.829829
   788      16     15206     15190   77.0996        88  0.438535  0.829935
   789      16     15234     15218   77.1438       112  0.462001  0.829417
   790      16     15255     15239   77.1525        84  0.267957   0.82918
   791      16     15270     15254   77.1308        60  0.149282  0.828721
   792      16     15283     15267    77.099        52  0.268219  0.829281
   793      16     15303     15287   77.1027        80  0.553114  0.829152
   794      16     15318     15302   77.0811        60  0.564198   0.82917
   795      16     15336     15320   77.0747        72   1.88973  0.829386
   796      16     15351     15335   77.0533        60   1.00463  0.829443
   797      16     15363     15347   77.0168        48  0.164044  0.829403
   798      16     15369     15353   76.9504        24   2.35371  0.829339
   799      16     15370     15354   76.8591         4  0.240581  0.829301
2016-04-11 21:57:11.893474min lat: 0.0706643 max lat: 7.71327 avg lat: 0.831127
   sec Cur ops   started  finished  avg MB/s  cur MB/s  last lat   avg lat
   800      16     15379     15363    76.808        36   3.03994  0.831127
   801      16     15415     15399   76.8919       144  0.397154  0.831983
   802      16     15445     15429   76.9456       120  0.559845  0.831343
   803      16     15463     15447   76.9395        72  0.628487  0.831285
   804      16     15480     15464   76.9283        68  0.165087  0.831421
   805      16     15515     15499   77.0067       140  0.371979  0.830784
   806      16     15533     15517   77.0004        72  0.909838  0.830599
   807      16     15565     15549   77.0636       128  0.476799  0.830192
   808      16     15593     15577   77.1069       112   0.44551  0.829795
   809      16     15613     15597   77.1104        80  0.744299  0.829512
   810      16     15631     15615   77.1041        72  0.351739  0.829682
   811      16     15642     15626   77.0633        44   1.09643    0.8297
   812      16     15665     15649   77.0817        92  0.259191  0.829774
   813      16     15680     15664   77.0607        60   0.24309  0.829769
   814      16     15697     15681   77.0495        68   1.42149  0.830159
   815      16     15721     15705   77.0728        96  0.644291  0.830081
   816      16     15741     15725   77.0763        80  0.958543  0.830029
   817      16     15754     15738   77.0456        52  0.677555  0.829983
   818      16     15771     15755   77.0346        68  0.690092  0.830332
   819      16     15790     15774   77.0333        76  0.743671   0.83027
2016-04-11 21:57:31.894947min lat: 0.0706643 max lat: 7.71327 avg lat: 0.830244
   sec Cur ops   started  finished  avg MB/s  cur MB/s  last lat   avg lat
   820      16     15803     15787   77.0028        52    0.6571  0.830244
   821      16     15808     15792   76.9333        20   2.07552  0.830457
   822      16     15821     15805    76.903        52  0.203001   0.83103
   823      16     15828     15812   76.8436        28   1.26585  0.831637
   824      16     15854     15838   76.8765       104  0.281717  0.832343
   825      16     15885     15869   76.9336       124  0.367178  0.831594
   826      16     15893     15877   76.8792        32  0.166605  0.831398
   827      16     15923     15907   76.9314       120   0.58668   0.83158
   828      16     15939     15923   76.9157        64   1.01054  0.831808
   829      16     15965     15949   76.9484       104  0.294385  0.831443
   830      16     15988     15972   76.9665        92   0.51555  0.830976
   831      16     16013     15997   76.9942       100   0.66238  0.830923
   832      16     16032     16016    76.993        76  0.789646   0.83082
   833      16     16051     16035   76.9918        76  0.180133  0.830916
   834      16     16072     16056   77.0002        84  0.688392  0.830875
   835      16     16079     16063   76.9416        28  0.156866  0.830716
   836      16     16095     16079   76.9261        64  0.586498  0.831265
   837      16     16108     16092   76.8963        52   1.09639  0.831496
   838      16     16124     16108   76.8809        64  0.800968  0.831652
   839      16     16149     16133   76.9084       100  0.550851  0.831843
2016-04-11 21:57:51.896444min lat: 0.0706643 max lat: 7.71327 avg lat: 0.831617
   sec Cur ops   started  finished  avg MB/s  cur MB/s  last lat   avg lat
   840      16     16171     16155   76.9216        88  0.219812  0.831617
   841      16     16202     16186   76.9776       124   0.71601  0.831039
   842      16     16233     16217   77.0334       124  0.510276  0.830647
   843      16     16263     16247   77.0841       120  0.475599  0.830093
   844      16     16293     16277   77.1349       120  0.603682  0.829451
   845      16     16309     16293   77.1193        64  0.751454  0.829288
   846      16     16324     16308   77.0991        60   0.78397   0.82942
   847      16     16338     16322   77.0742        56   1.75388  0.829807
   848      16     16357     16341   77.0729        76  0.355826  0.829784
   849      16     16376     16360   77.0716        76  0.186904  0.829635
   850      16     16398     16382   77.0845        88  0.448151  0.829567
   851      16     16413     16397   77.0644        60  0.336194  0.829775
   852      16     16428     16412   77.0444        60   0.40013  0.829966
   853      16     16432     16416   76.9728        16  0.130255  0.830025
   854      16     16432     16416   76.8827         0         -  0.830025
   855      16     16436     16420   76.8115         8   0.25683   0.83047
   856      16     16450     16434   76.7872        56  0.265587  0.831869
   857      16     16451     16435   76.7022         4  0.123365  0.831826
   858      16     16487     16471   76.7806       144  0.241925  0.833385
   859      16     16524     16508   76.8635       148  0.399546  0.832529
2016-04-11 21:58:11.901715min lat: 0.0706643 max lat: 7.71327 avg lat: 0.831995
   sec Cur ops   started  finished  avg MB/s  cur MB/s  last lat   avg lat
   860      16     16548     16532   76.8858        96  0.335863  0.831995
   861      16     16570     16554   76.8987        88  0.511542  0.831965
   862      16     16585     16569   76.8791        60   1.15163  0.831988
   863      16     16590     16574   76.8132        20   1.76427  0.832115
   864      16     16604     16588   76.7891        56   1.74803  0.833087
   865      16     16625     16609   76.7974        84  0.636338  0.833003
   866      16     16647     16631   76.8103        88  0.392968  0.832892
   867      16     16666     16650   76.8094        76  0.319711   0.83271
   868      16     16698     16682   76.8683       128  0.530529  0.832149
   869      16     16717     16701   76.8673        76   1.12568  0.832269
   870      16     16739     16723   76.8801        88  0.264827  0.832217
   871      16     16760     16744   76.8883        84   1.13828  0.832169
   872      16     16782     16766    76.901        88  0.333546   0.83185
   873      16     16806     16790   76.9229        96  0.572813  0.831799
   874      16     16830     16814   76.9447        96  0.560949  0.831369
   875      16     16850     16834   76.9482        80  0.920226  0.831409
   876      16     16869     16853   76.9471        76  0.772616  0.831355
   877      16     16893     16877   76.9688        96  0.612727  0.831287
   878      16     16910     16894   76.9586        68   0.60872   0.83115
   879      16     16934     16918   76.9803        96  0.918034  0.830984
2016-04-11 21:58:31.903281min lat: 0.0706643 max lat: 7.71327 avg lat: 0.830958
   sec Cur ops   started  finished  avg MB/s  cur MB/s  last lat   avg lat
   880      16     16952     16936   76.9746        72   1.14697  0.830958
   881      16     16973     16957   76.9826        84   1.06298  0.831072
   882      16     16985     16969   76.9497        48  0.399088  0.830987
   883      16     17003     16987   76.9439        72  0.311069  0.831077
   884      16     17012     16996   76.8976        36  0.855747  0.830924
   885      16     17028     17012    76.883        64  0.482588  0.831051
   886      16     17043     17027   76.8639        60  0.703915  0.831727
   887      16     17066     17050    76.881        92  0.189751  0.832135
   888      16     17086     17070   76.8845        80  0.795747  0.831796
   889      16     17104     17088    76.879        72  0.258724  0.831886
   890      16     17112     17096   76.8286        32  0.946089  0.831874
   891      16     17131     17115   76.8276        76  0.633684  0.832587
   892      16     17146     17130   76.8087        60  0.769572  0.832631
   893      16     17165     17149   76.8078        76  0.397313   0.83266
   894      16     17191     17175   76.8382       104  0.621206  0.832791
   895      16     17210     17194   76.8373        76  0.626749  0.832557
   896      16     17227     17211   76.8274        68   1.32377  0.832572
   897      16     17239     17223   76.7953        48    1.6061   0.83272
   898      16     17264     17248   76.8211       100  0.316979  0.832804
   899      16     17281     17265   76.8113        68  0.924204  0.832824
2016-04-11 21:58:51.907178min lat: 0.0706643 max lat: 7.71327 avg lat: 0.832634
   sec Cur ops   started  finished  avg MB/s  cur MB/s  last lat   avg lat
   900      16     17302     17286   76.8193        84  0.211065  0.832634
   901      16     17324     17308   76.8317        88   0.43142   0.83267
   902      16     17350     17334   76.8618       104  0.622278   0.83229
   903      16     17362     17346   76.8298        48   1.17861  0.832358
   904      16     17375     17359   76.8024        52  0.236775  0.832427
   905      16     17395     17379   76.8059        80  0.921358  0.832768
   906      16     17411     17395   76.7917        64   1.53136  0.832819
   907      16     17424     17408   76.7644        52  0.268397  0.832871
   908      16     17451     17435   76.7988       108  0.675961  0.833058
   909      16     17468     17452   76.7891        68  0.188398  0.832955
   910      16     17496     17480   76.8278       112  0.469213  0.832787
   911      16     17516     17500   76.8313        80  0.814676  0.832572
   912      16     17535     17519   76.8304        76   0.70478  0.832449
   913      16     17546     17530   76.7944        44   0.53723  0.832467
   914      16     17550     17534   76.7279        16   1.77647  0.832601
   915      16     17571     17555   76.7358        84  0.315509  0.833597
   916      16     17578     17562   76.6826        28  0.537001  0.833553
   917      16     17579     17563   76.6033         4  0.191658  0.833516
   918      16     17585     17569    76.546        24   3.51874  0.834035
   919      16     17612     17596   76.5803       108  0.477866  0.835473
2016-04-11 21:59:11.908764min lat: 0.0706643 max lat: 7.71327 avg lat: 0.83454
   sec Cur ops   started  finished  avg MB/s  cur MB/s  last lat   avg lat
   920      16     17652     17636   76.6709       160  0.327946   0.83454
   921      16     17672     17656   76.6745        80  0.186672  0.834187
   922      16     17703     17687   76.7258       124  0.291241  0.833901
   923      16     17719     17703   76.7121        64  0.786911  0.833782
   924      16     17739     17723   76.7156        80  0.599605  0.833832
   925      16     17757     17741   76.7105        72   1.09115  0.833846
   926      16     17776     17760   76.7097        76    0.2112   0.83371
   927      16     17794     17778   76.7046        72  0.636279  0.833705
   928      16     17813     17797   76.7039        76  0.594222  0.834132
   929      16     17833     17817   76.7074        80   0.92355  0.833959
   930      16     17849     17833   76.6937        64   1.14669  0.834091
   931      16     17862     17846   76.6672        52  0.701419  0.834126
   932      16     17882     17866   76.6708        80  0.165447  0.834142
   933      16     17905     17889   76.6872        92  0.225545  0.834216
   934      16     17919     17903   76.6651        56  0.187418   0.83404
   935      16     17932     17916   76.6387        52  0.467178  0.834147
   936      16     17935     17919   76.5696        12   2.57822  0.834425
   937      16     17960     17944   76.5946       100  0.282066  0.835123
   938      16     17993     17977   76.6537       132  0.292592  0.834684
   939      16     18017     18001   76.6743        96  0.270561  0.834308
2016-04-11 21:59:31.910258min lat: 0.0706643 max lat: 7.71327 avg lat: 0.834398
   sec Cur ops   started  finished  avg MB/s  cur MB/s  last lat   avg lat
   940      16     18034     18018    76.665        68  0.968838  0.834398
   941      16     18060     18044   76.6941       104  0.771893  0.834321
   942      16     18071     18055   76.6594        44  0.481203  0.834172
   943      16     18094     18078   76.6756        92  0.451347  0.834002
   944      16     18109     18093    76.658        60   1.64988   0.83406
   945      16     18136     18120   76.6911       108  0.261709  0.834122
   946      16     18151     18135   76.6735        60   0.98724  0.834092
   947      16     18172     18156   76.6812        84     1.092   0.83412
   948      16     18187     18171   76.6636        60  0.443609   0.83411
   949      16     18197     18181    76.625        40  0.230456  0.833937
   950      16     18199     18183   76.5527         8  0.182697  0.833863
   951      16     18213     18197   76.5311        56   0.31692   0.83506
   952      16     18232     18216   76.5305        76   0.66699  0.835938
   953      16     18255     18239   76.5468        92  0.704601  0.835784
   954      16     18275     18259   76.5504        80  0.705311  0.835667
   955      16     18301     18285   76.5791       104  0.383165  0.835583
   956      16     18328     18312    76.612       108  0.699893  0.835142
   957      16     18356     18340   76.6489       112  0.408275  0.834727
   958      16     18377     18361   76.6566        84   0.81851  0.834481
   959      16     18394     18378   76.6476        68  0.998599   0.83451
2016-04-11 21:59:51.911750min lat: 0.0706643 max lat: 7.71327 avg lat: 0.834264
   sec Cur ops   started  finished  avg MB/s  cur MB/s  last lat   avg lat
   960      16     18423     18407   76.6886       116  0.754217  0.834264
   961      16     18446     18430   76.7045        92  0.591795  0.834124
   962      16     18463     18447   76.6954        68  0.288525  0.833966
   963      16     18490     18474   76.7279       108  0.588452  0.833885
   964      16     18507     18491   76.7189        68   1.01926   0.83389
   965      16     18530     18514   76.7347        92  0.480776  0.833581
   966      16     18553     18537   76.7505        92  0.781195  0.833612
   967      16     18571     18555   76.7456        72  0.187184  0.833254
   968      16     18592     18576   76.7531        84  0.427015  0.833525
   969      16     18596     18580   76.6904        16   1.39379  0.833521
   970      16     18602     18586    76.636        24  0.650326  0.833774
   971      16     18622     18606   76.6395        80  0.368076  0.834719
   972      16     18633     18617   76.6059        44   1.08469   0.83462
   973      16     18648     18632   76.5888        60  0.917074   0.83493
   974      16     18653     18637   76.5307        20   2.20536  0.835086
   975      16     18655     18639   76.4605         8   1.16173  0.835126
   976      16     18663     18647   76.4149        32   3.75623  0.836183
   977      16     18688     18672    76.439       100  0.717186  0.836937
   978      16     18718     18702   76.4836       120  0.319761  0.836528
   979      16     18745     18729   76.5157       108  0.630216  0.836142
2016-04-11 22:00:11.913279min lat: 0.0706643 max lat: 7.71327 avg lat: 0.836046
   sec Cur ops   started  finished  avg MB/s  cur MB/s  last lat   avg lat
   980      16     18764     18748   76.5152        76    1.2509  0.836046
   981      16     18790     18774   76.5432       104  0.556296  0.835823
   982      16     18825     18809   76.6078       140  0.408585  0.835238
   983      16     18855     18839    76.652       120  0.369072  0.834621
   984      16     18878     18862   76.6676        92   1.28943   0.83467
   985      16     18882     18866    76.606        16   1.16425  0.834663
   986      16     18900     18884   76.6013        72  0.801766  0.835088
   987      16     18915     18899   76.5845        60  0.623558  0.835114
   988      16     18933     18917   76.5798        72  0.444594  0.835235
   989      16     18946     18930    76.555        52   1.94976  0.835527
   990      16     18969     18953   76.5706        92  0.924539  0.835635
   991      16     18978     18962   76.5296        36  0.170788  0.835357
   992      16     19000     18984   76.5412        88  0.181193  0.835305
   993      16     19021     19005   76.5487        84  0.262024  0.835485
   994      16     19037     19021    76.536        64   1.33918  0.835739
   995      16     19046     19030   76.4953        36  0.450995  0.835791
   996      16     19084     19068   76.5711       152  0.434134  0.835578
   997      16     19109     19093   76.5946       100  0.688044  0.835328
   998      16     19131     19115    76.606        88   0.53485  0.835134
   999      16     19156     19140   76.6294       100  0.512295  0.834988
2016-04-11 22:00:31.914792min lat: 0.0706643 max lat: 7.71327 avg lat: 0.834864
   sec Cur ops   started  finished  avg MB/s  cur MB/s  last lat   avg lat
  1000      16     19176     19160   76.6328        80  0.519046  0.834864
  1001       4     19177     19173   76.6082        52   1.00253  0.834962
  1002       4     19177     19173   76.5317         0         -  0.834962
 Total time run:         1002.514336
Total writes made:      19177
Write size:             4194304
Bandwidth (MB/sec):     76.516 

Stddev Bandwidth:       36.5732
Max bandwidth (MB/sec): 184
Min bandwidth (MB/sec): 0
Average Latency:        0.835348
Stddev Latency:         0.693162
Max latency:            7.71327
Min latency:            0.0706643
