   sec Cur ops   started  finished  avg MB/s  cur MB/s  last lat   avg lat
     0       0         0         0         0         0         -         0
     1      16        69        53    211.97       212 0.0734319  0.186933
     2      16       119       103   205.978       200 0.0913994    0.2733
     3      16       165       149   198.647       184 0.0664282  0.282818
     4      16       224       208   207.981       236  0.141556  0.288978
     5      16       289       273   218.381       260  0.268831  0.279043
     6      16       339       323   215.315       2000.00429506  0.280272
     7      15       402       387   221.125       256  0.431798  0.277193
     8      16       461       445   222.482       232  0.142442  0.277193
     9      16       513       497   220.871       208 0.0816649  0.280666
    10      16       569       553   221.182       224 0.0505432  0.279483
    11      16       636       620   225.437       268   0.14298  0.277204
    12      16       696       680   226.649       240  0.659613  0.275836
    13      16       757       741   227.982       244  0.056687  0.275916
    14      16       828       812   231.982       284  0.113212  0.271244
    15      16       897       881   234.915       276  0.224214  0.268761
    16      16       974       958   239.481       308  0.111724   0.26408
    17      16      1044      1028   241.863       280    0.1623  0.260677
    18      16      1109      1093    242.87       260  0.380357  0.259607
    19      16      1187      1171   246.507       312  0.237871  0.257135
2016-04-11 22:24:02.480285min lat: 0.00284296 max lat: 1.70914 avg lat: 0.255173
   sec Cur ops   started  finished  avg MB/s  cur MB/s  last lat   avg lat
    20      16      1258      1242   248.381       284  0.180902  0.255173
    21      16      1329      1313   250.076       284  0.131004  0.253821
    22      16      1405      1389   252.526       304 0.0459704  0.251172
    23      16      1485      1469   255.458       320 0.0847608  0.248445
    24      16      1549      1533    255.48       256 0.0799905  0.247239
    25      16      1625      1609    257.42       304 0.0855276  0.246046
    26      15      1698      1683   258.903       2960.00318858  0.243893
    27      16      1757      1741   257.906       232  0.671627  0.243615
    28      16      1821      1805   257.837       256 0.0645554  0.244845
    29      16      1888      1872   258.187       268  0.134963  0.245363
    30      16      1968      1952   260.247       320 0.0875094   0.24411
    31      16      2036      2020   260.625       272  0.105474  0.242785
    32      16      2099      2083   260.355       252 0.0854686    0.2413
    33      16      2173      2157   261.434       296   2.07838  0.241802
    34      16      2260      2244    263.98       348  0.352618  0.240831
    35      16      2337      2321   265.237       308  0.469654  0.239749
    36      16      2422      2406   267.313       340  0.134419  0.238112
    37      16      2507      2491   269.277       340 0.0573448  0.236176
    38      16      2592      2576   271.137       3400.00300765  0.234216
    39      16      2652      2636   270.338       240  0.109002   0.23444
2016-04-11 22:24:22.481807min lat: 0.00284296 max lat: 2.07838 avg lat: 0.234466
   sec Cur ops   started  finished  avg MB/s  cur MB/s  last lat   avg lat
    40      16      2728      2712   271.179       3040.00367609  0.234466
    41      16      2814      2798   272.955       344 0.0651819  0.233152
    42      16      2911      2895   275.693       388 0.0990444   0.23083
    43      16      2987      2971   276.351       304  0.249753  0.230396
    44      16      3084      3068   278.888       388 0.0982657  0.228279
    45      16      3174      3158    280.69       3600.00402321  0.226917
    46      16      3256      3240   281.718       3280.00319939  0.225582
    47      16      3340      3324   282.872       336  0.188761  0.224996
    48      16      3448      3432   285.978       432  0.188765  0.222871
    49      16      3529      3513   286.754       324  0.168404  0.221812
    50      16      3598      3582   286.538       276  0.209687  0.221731
    51      16      3677      3661   287.116       316  0.117755   0.22153
    52      16      3768      3752   288.594       364  0.328154  0.220747
    53      16      3865      3849   290.469       388 0.0517389  0.219384
    54      16      3939      3923   290.571       296 0.0459213  0.219242
    55      16      4026      4010   291.614       348  0.480605  0.218389
    56      16      4108      4092   292.264       328 0.0553551  0.217752
    57      16      4201      4185   293.662       3720.00284199  0.216512
    58      16      4297      4281   295.219       3840.00342903  0.215866
    59      16      4371      4355   295.232       296    0.1025  0.214909
2016-04-11 22:24:42.483282min lat: 0.00270682 max lat: 2.07838 avg lat: 0.215308
   sec Cur ops   started  finished  avg MB/s  cur MB/s  last lat   avg lat
    60      16      4441      4425   294.978       280 0.0534008  0.215308
    61      16      4532      4516   296.109       364  0.106471  0.215134
    62      16      4604      4588   295.978       288 0.0531248  0.214556
    63      16      4697      4681   297.184       372  0.453408  0.214351
    64      16      4782      4766   297.852       340  0.431193  0.213921
    65      16      4879      4863   299.239       388 0.0811826  0.213084
    66      16      4975      4959   300.523       384  0.476803   0.21187
    67      16      5071      5055   301.768       384 0.0557897  0.211132
    68      16      5153      5137   302.154       328  0.096397  0.210784
    69      16      5278      5262    305.02       5000.00321045  0.209046
    70      16      5378      5362   306.377       400  0.394845  0.208009
    71      16      5479      5463   307.751       404  0.110626  0.207035
    72      15      5585      5570   309.421       428  0.261609  0.206028
    73      16      5692      5676    310.99       424    0.1208  0.204994
    74      16      5794      5778   312.301       408  0.146605  0.204147
    75      16      5881      5865   312.777       348 0.0366913  0.203771
    76      16      6009      5993   315.397       512 0.0500561  0.202186
    77      16      6104      6088   316.236       3800.00436523  0.201626
    78      16      6220      6204    318.13       4640.00293082  0.200366
    79      16      6336      6320   319.976       464 0.0864975  0.199118
2016-04-11 22:25:02.484747min lat: 0.00264478 max lat: 2.07838 avg lat: 0.198548
   sec Cur ops   started  finished  avg MB/s  cur MB/s  last lat   avg lat
    80      16      6435      6419   320.926       396 0.0474508  0.198548
    81      16      6537      6521   322.001       4080.00284587  0.197737
    82      16      6655      6639   323.829       472   0.10549  0.196938
    83      16      6768      6752   325.373       452 0.0610457  0.195911
    84      16      6890      6874   327.309       488   0.00291  0.194815
    85      15      7018      7003   329.528       5160.00370001  0.193538
    86      16      7126      7110   330.673       4280.00387011  0.192693
    87      16      7247      7231   332.435       4840.00313617  0.191681
    88      16      7347      7331   333.202       4000.00291183  0.191194
    89      16      7454      7438   334.267       428  0.301898  0.190777
    90      16      7546      7530   334.641       368 0.0574305  0.190509
    91      16      7639      7623   335.052       372 0.0447424  0.189841
    92      16      7727      7711   335.236       352  0.452382  0.190237
    93      16      7815      7799   335.416       352  0.003226  0.189568
    94      16      7927      7911   336.613       448  0.255882  0.189412
    95      16      8022      8006   337.069       380  0.231349  0.189169
    96      16      8121      8105   337.683       3960.00279782   0.18876
    97      16      8239      8223   339.067       472  0.171281  0.187983
    98      16      8346      8330   339.974       428  0.283619  0.187592
    99      16      8448      8432   340.661       4080.00286197  0.187245
2016-04-11 22:25:22.486277min lat: 0.00264478 max lat: 2.07838 avg lat: 0.186623
   sec Cur ops   started  finished  avg MB/s  cur MB/s  last lat   avg lat
   100      16      8559      8543   341.694       444 0.0894565  0.186623
   101      16      8684      8668   343.261       500 0.0027728   0.18579
   102      16      8812      8796   344.915       512  0.213422   0.18489
   103      16      8932      8916   346.226       4800.00360747  0.184217
   104      16      9051      9035   347.474       4760.00297951   0.18354
   105      16      9157      9141   348.202       424 0.0528325  0.183047
   106      16      9260      9244   348.804       412 0.0928993   0.18273
   107      16      9375      9359   349.843       460   0.29041  0.182314
   108      16      9472      9456   350.196       3880.00288444  0.181884
   109      16      9575      9559   350.763       412  0.220865  0.181776
   110      16      9666      9650   350.883       364 0.0558517   0.18163
   111      16      9756      9740   350.965       360 0.0941483  0.181495
   112      16      9844      9828   350.974       352 0.0569047  0.181648
   113      16      9919      9903   350.522       300  0.434995  0.181749
   114      16     10054     10038   352.184       540  0.116472  0.181086
   115      16     10156     10140   352.669       408 0.0868558  0.180587
   116      16     10254     10238   353.008       392 0.0415974  0.180626
   117      16     10369     10353   353.922       460 0.0590684  0.180184
   118      16     10479     10463   354.651       440  0.227197  0.179837
   119      16     10590     10574   355.402       444  0.428215  0.179429
2016-04-11 22:25:42.487735min lat: 0.00264478 max lat: 2.07838 avg lat: 0.179034
   sec Cur ops   started  finished  avg MB/s  cur MB/s  last lat   avg lat
   120      16     10704     10688    356.24       4560.00309858  0.179034
   121      16     10804     10788   356.601       4000.00282107  0.178694
   122      16     10905     10889    356.99       404 0.0787329  0.178434
   123      16     10986     10970   356.721       324  0.607212  0.178642
   124      15     11106     11091   357.747       484  0.121353  0.178305
   125      16     11218     11202   358.437       444 0.0863583  0.177832
   126      16     11337     11321    359.37       476 0.0325202  0.177516
   127      16     11462     11446   360.477       500  0.202974  0.176975
   128      16     11589     11573   361.629       5080.00382106  0.176427
   129      16     11696     11680   362.144       428   0.11124  0.175971
   130      16     11798     11782   362.496       408  0.111115  0.175953
   131      16     11897     11881   362.752       396 0.0683653  0.175773
   132      16     12007     11991   363.336       440  0.254821  0.175354
   133      16     12130     12114   364.304       492  0.276268  0.175018
   134      16     12258     12242   365.406       512 0.0601861  0.174514
   135      16     12368     12352   365.958       4400.00284104  0.174213
   136      16     12450     12434   365.679       328   1.18796  0.174295
   137      16     12578     12562   366.746       512 0.0578134  0.173955
   138      16     12703     12687   367.712       500 0.0471013  0.173441
   139      16     12812     12796   368.203       436 0.0529365   0.17323
2016-04-11 22:26:02.489200min lat: 0.00264478 max lat: 2.07838 avg lat: 0.172943
   sec Cur ops   started  finished  avg MB/s  cur MB/s  last lat   avg lat
   140      16     12924     12908   368.772       448  0.553489  0.172943
   141      16     13056     13040   369.901       528   0.11156  0.172357
   142      16     13171     13155   370.536       460  0.388432  0.172151
   143      16     13276     13260   370.881       4200.00278745  0.171997
   144      16     13385     13369   371.333       436  0.108466  0.171728
   145      16     13494     13478   371.779       4360.00294381  0.171437
   146      15     13591     13576   371.917       392 0.0324502  0.171391
   147      16     13696     13680   372.217       416 0.0913716  0.171402
   148      16     13804     13788   372.621       432  0.131102   0.17106
   149      16     13928     13912   373.449       496 0.0710479  0.170706
   150      16     14043     14027   374.025       4600.00281693    0.1705
   151      16     14114     14098   373.429       284 0.0469251  0.170461
   152      16     14188     14172    372.92       296  0.688595  0.170869
   153      16     14312     14296   373.724       4960.00286125  0.170715
   154      16     14423     14407    374.18       4440.00318804  0.170413
   155      16     14546     14530    374.94       492  0.105791  0.170108
   156      16     14679     14663   375.946       532  0.177847  0.169623
   157      15     14779     14764   376.125       404  0.107988  0.169587
   158      16     14885     14869   376.402       420  0.209111  0.169438
   159      16     14992     14976   376.727       428 0.0405239  0.169245
2016-04-11 22:26:22.490678min lat: 0.00264478 max lat: 2.07838 avg lat: 0.168988
   sec Cur ops   started  finished  avg MB/s  cur MB/s  last lat   avg lat
   160      16     15113     15097   377.397       484 0.0932852  0.168988
   161      16     15214     15198   377.562       404  0.423567  0.168787
   162      16     15339     15323   378.317       500  0.194251  0.168608
   163      16     15444     15428   378.573       4200.00368464  0.168333
   164      16     15551     15535   378.874       428 0.0814503  0.168214
   165      16     15685     15669   379.826       536  0.433102  0.167964
   166      16     15795     15779   380.188       440 0.0846935  0.167771
   167      16     15901     15885   380.451       4240.00278803  0.167649
   168      16     16027     16011   381.186       5040.00278074  0.167291
   169      16     16137     16121   381.534       440    0.4464  0.167118
   170      16     16247     16231   381.877       440  0.233781  0.167021
   171      16     16382     16366   382.802       540  0.102601  0.166655
   172      16     16506     16490    383.46       496 0.0028051  0.166267
   173      16     16633     16617   384.179       508  0.125968  0.166033
   174      15     16730     16715   384.224       392  0.746687  0.165876
   175      16     16823     16807   384.131       3680.00285999  0.165923
   176      16     16936     16920   384.517       4520.00286956  0.165848
   177      16     17062     17046   385.192       504 0.0907889  0.165562
   178      16     17182     17166   385.724       480 0.0781548  0.165228
   179      16     17285     17269   385.871       412  0.778866  0.165212
2016-04-11 22:26:42.492180min lat: 0.00264478 max lat: 2.07838 avg lat: 0.165108
   sec Cur ops   started  finished  avg MB/s  cur MB/s  last lat   avg lat
   180      16     17395     17379   386.171       440 0.0353504  0.165108
   181      16     17515     17499   386.689       4800.00549787  0.164966
   182      16     17632     17616   387.136       4680.00276186  0.164746
   183      16     17732     17716   387.206       400  0.298226  0.164644
   184      16     17836     17820   387.362       416 0.0751249  0.164622
   185      16     17970     17954   388.166       536  0.112884  0.164372
   186      16     18092     18076   388.702       488  0.148212   0.16415
   187      15     18204     18189    389.04       4520.00284649  0.163973
   188      16     18326     18310   389.545       484 0.0429051  0.163707
   189      16     18440     18424   389.897       456   0.19002  0.163511
   190      16     18577     18561   390.729       548 0.0979137   0.16328
   191      16     18709     18693   391.447       528  0.128019  0.162984
   192      16     18823     18807   391.783       456 0.0028403  0.162808
   193      15     18928     18913    391.95       424   0.42672  0.162731
   194      16     19052     19036   392.465       492 0.0600582  0.162521
   195      16     19168     19152   392.832       4640.00328623  0.162386
   196      16     19292     19276   393.358       4960.00286228  0.162181
   197      16     19410     19394   393.757       472 0.0573226  0.161972
   198      16     19532     19516   394.233       488 0.0599868  0.161766
   199      16     19661     19645   394.845       516 0.0446509  0.161572
2016-04-11 22:27:02.493713min lat: 0.00264478 max lat: 2.07838 avg lat: 0.161375
   sec Cur ops   started  finished  avg MB/s  cur MB/s  last lat   avg lat
   200      16     19771     19755    395.07       440 0.0993042  0.161375
   201      16     19867     19851   395.015       384 0.0526751  0.161406
   202      16     19959     19943   394.881       368 0.0938186  0.161456
   203      16     20059     20043   394.906       400  0.331608  0.161525
   204      16     20169     20153   395.127       440 0.0396321  0.161399
   205      16     20272     20256   395.209       4120.00320797    0.1614
   206      16     20393     20377    395.64       484 0.0299444  0.161242
   207      16     20507     20491   395.932       4560.00286692  0.161079
   208      16     20642     20626   396.624       540  0.132521   0.16086
   209      16     20774     20758   397.253       5280.00275617  0.160587
   210      16     20897     20881   397.704       492 0.0888308  0.160392
   211      16     21025     21009   398.245       512  0.357803  0.160182
   212      15     21147     21132   398.687       4920.00344819  0.160002
   213      16     21251     21235    398.75       4120.00323989   0.15997
   214      16     21353     21337   398.793       4080.00520143  0.159888
   215      16     21461     21445   398.947       432 0.0473566  0.159842
   216      16     21558     21542   398.896       388  0.251544   0.15989
   217      16     21699     21683   399.657       564 0.0511973  0.159618
   218      16     21825     21809   400.135       5040.00292976  0.159435
   219      16     21931     21915   400.244       424   0.19902   0.15932
2016-04-11 22:27:22.495139min lat: 0.00264478 max lat: 2.07838 avg lat: 0.159155
   sec Cur ops   started  finished  avg MB/s  cur MB/s  last lat   avg lat
   220      16     22064     22048   400.843       532  0.131194  0.159155
   221      16     22197     22181   401.436       5320.00295805  0.158897
   222      16     22304     22288   401.556       428 0.0076911  0.158885
   223      16     22407     22391   401.602       4120.00331116  0.158844
   224      16     22529     22513   401.988       488  0.110071  0.158704
   225      16     22653     22637   402.406       4960.00359179  0.158525
   226      16     22771     22755   402.713       472 0.0454681  0.158356
   227      16     22867     22851   402.631       3840.00314317  0.158432
   228      16     22981     22965   402.865       4560.00333446  0.158367
   229      16     23125     23109   403.621       5760.00309897  0.158082
   230      16     23232     23216   403.726       428  0.092863  0.157949
   231      16     23353     23337   404.074       484  0.108824  0.157886
   232      16     23473     23457   404.401       480 0.0649937  0.157727
   233      16     23599     23583   404.828       504  0.300377  0.157561
   234      16     23713     23697   405.047       456  0.492636  0.157387
   235      16     23797     23781   404.753       336  0.175701  0.157563
   236      16     23913     23897   405.004       464  0.476894  0.157503
   237      16     24047     24031   405.556       536  0.084701  0.157296
   238      16     24167     24151   405.869       480  0.154113  0.157143
   239      16     24267     24251   405.844       400 0.0853435  0.157103
2016-04-11 22:27:42.496599min lat: 0.00264478 max lat: 2.07838 avg lat: 0.156898
   sec Cur ops   started  finished  avg MB/s  cur MB/s  last lat   avg lat
   240      16     24415     24399    406.62       5920.00285074  0.156898
   241      15     24540     24525   407.024       504  0.161855    0.1567
   242      16     24637     24621   406.928       3840.00278257  0.156669
   243      16     24749     24733   407.097       448 0.0156238  0.156609
   244      16     24888     24872   407.707       556  0.709989  0.156444
   245      16     25020     25004   408.198       528  0.332073  0.156301
   246      16     25134     25118   408.392       456  0.220408  0.156202
   247      15     25276     25261   409.055       5720.00410411  0.155983
   248      16     25395     25379   409.308       472 0.0468411  0.155785
   249      16     25508     25492    409.48       452  0.116357  0.155801
   250      16     25648     25632   410.082       560  0.720105  0.155522
   251      16     25769     25753   410.376       484 0.0822882  0.155468
   252      16     25909     25893   410.969       5600.00357544  0.155229
   253      16     26035     26019   411.337       504 0.0133519  0.155093
   254      16     26140     26124   411.371       420 0.0440446  0.155067
   255      16     26271     26255   411.813       524 0.0554706  0.154893
   256      16     26367     26351   411.704       384  0.137819  0.154861
   257      16     26491     26475   412.026       496 0.0029628  0.154837
   258      16     26590     26574   411.964       396   0.13938  0.154831
   259      16     26719     26703   412.365       516 0.0173508  0.154663
2016-04-11 22:28:02.501615min lat: 0.00264478 max lat: 2.07838 avg lat: 0.154554
   sec Cur ops   started  finished  avg MB/s  cur MB/s  last lat   avg lat
   260      16     26847     26831   412.748       512  0.391735  0.154554
   261      16     26978     26962   413.174       524  0.352616  0.154387
   262      16     27117     27101   413.719       5560.00284726  0.154179
   263      16     27228     27212   413.834       4440.00268827  0.154134
   264      16     27331     27315   413.827       412 0.0461937  0.154102
   265      15     27448     27433   414.047       472   0.11526  0.154078
   266      15     27562     27547   414.204       456  0.463089  0.154013
   267      16     27692     27676   414.585       5160.00277465  0.153859
   268      16     27811     27795   414.814       4760.00282664  0.153796
   269      16     27940     27924    415.19       516  0.136831  0.153654
   270      16     28074     28058   415.638       536   0.14949  0.153462
   271      16     28212     28196   416.141       552  0.132579  0.153308
   272      16     28332     28316   416.375       480  0.198351  0.153223
   273      16     28471     28455   416.887       556  0.170737  0.153033
   274      16     28597     28581   417.204       504 0.0582695  0.152877
   275      16     28703     28687   417.229       424  0.224266  0.152895
   276      16     28799     28783   417.109       3840.00285849  0.152808
   277      16     28933     28917   417.538       536  0.103949  0.152808
   278      16     29059     29043   417.848       504   0.23246  0.152668
   279      16     29160     29144   417.799       404  0.381311  0.152698
2016-04-11 22:28:22.503114min lat: 0.00264478 max lat: 2.07838 avg lat: 0.152577
   sec Cur ops   started  finished  avg MB/s  cur MB/s  last lat   avg lat
   280      16     29285     29269   418.092       500  0.311409  0.152577
   281      16     29403     29387   418.284       472 0.0518837  0.152516
   282      16     29538     29522   418.715       540  0.253477  0.152365
   283      16     29661     29645   418.974       492  0.722742  0.152256
   284      16     29795     29779   419.386       536 0.0774499  0.152098
   285      16     29932     29916   419.837       5480.00371342  0.151946
   286      16     30074     30058   420.355       5680.00311895  0.151768
   287      16     30185     30169   420.437       444  0.602258  0.151702
   288      16     30319     30303   420.839       5360.00287087  0.151588
   289      16     30451     30435   421.209       528   0.13543  0.151449
   290      16     30547     30531   421.081       384 0.0400624   0.15147
   291      16     30661     30645   421.201       456  0.378523  0.151426
   292      16     30787     30771   421.484       5040.00321523  0.151359
   293      16     30927     30911   421.957       560  0.302509  0.151181
   294      16     31059     31043   422.317       528  0.113494  0.151059
   295      16     31191     31175   422.675       528  0.359797  0.150931
   296      16     31318     31302   422.963       508 0.0318761  0.150804
   297      16     31421     31405   422.926       412 0.0760753  0.150726
   298      16     31531     31515   422.984       440 0.0393104  0.150799
   299      16     31675     31659   423.495       5760.00294609  0.150627
2016-04-11 22:28:42.504611min lat: 0.00264478 max lat: 2.07838 avg lat: 0.150583
   sec Cur ops   started  finished  avg MB/s  cur MB/s  last lat   avg lat
   300      16     31792     31776   423.643       468 0.0727297  0.150583
   301      16     31893     31877   423.578       404  0.064348  0.150553
   302      16     32009     31993   423.712       464 0.0815102  0.150528
   303      16     32125     32109   423.845       4640.00282574  0.150474
   304      16     32244     32228   424.016       476 0.0955223   0.15044
   305      16     32357     32341   424.108       452  0.352667  0.150409
   306      16     32483     32467   424.369       504  0.393315  0.150307
   307      16     32624     32608   424.823       564  0.246879  0.150175
   308      16     32757     32741   425.171       532  0.079052  0.150043
   309      16     32879     32863   425.375       488  0.053795  0.149926
   310      16     32985     32969    425.37       424 0.0455319  0.149915
   311      16     33111     33095   425.623       504 0.0523442  0.149865
   312      16     33231     33215   425.797       480 0.0523661  0.149742
   313      16     33351     33335    425.97       480  0.532973  0.149702
   314      16     33444     33428   425.798       372 0.0931854  0.149739
   315      16     33552     33536   425.818       432 0.0872447  0.149812
   316      16     33670     33654   425.964       4720.00293303   0.14975
   317      16     33792     33776   426.159       488 0.0615311  0.149679
   318      16     33904     33888   426.228       4480.00278937  0.149606
   319      15     34027     34012   426.446       496  0.146225  0.149596
2016-04-11 22:29:02.506047min lat: 0.00264478 max lat: 2.07838 avg lat: 0.149532
   sec Cur ops   started  finished  avg MB/s  cur MB/s  last lat   avg lat
   320      16     34143     34127   426.551       4600.00297424  0.149532
   321      16     34238     34222   426.406       380  0.045232  0.149494
   322      15     34366     34351   426.684       516  0.314182  0.149511
   323      16     34472     34456   426.663       420  0.340915  0.149479
   324      16     34607     34591   427.013       540 0.0538689  0.149401
   325      16     34740     34724   427.336       532 0.0494846  0.149265
   326      16     34854     34838   427.424       456  0.384199  0.149234
   327      16     34981     34965    427.67       508 0.0489769  0.149169
   328      16     35109     35093   427.927       512   0.28586  0.149075
   329      16     35236     35220    428.17       508  0.368819  0.148985
   330      16     35386     35370   428.691       6000.00286547  0.148819
   331      16     35493     35477   428.689       4280.00289163  0.148787
   332      16     35569     35553   428.313       304 0.0612193  0.148863
   333      16     35693     35677   428.516       4960.00273971  0.148849
   334      16     35821     35805   428.766       512  0.271636  0.148783
   335      16     35924     35908   428.716       412  0.345996  0.148773
   336      16     36055     36039   428.999       524   0.29234  0.148698
   337      16     36182     36166   429.234       5080.00307376  0.148606
   338      16     36284     36268   429.171       408 0.0449661  0.148622
   339      16     36399     36383   429.262       4600.00318899  0.148607
2016-04-11 22:29:22.507523min lat: 0.00264478 max lat: 2.07838 avg lat: 0.148456
   sec Cur ops   started  finished  avg MB/s  cur MB/s  last lat   avg lat
   340      15     36544     36529   429.717       584  0.192889  0.148456
   341      16     36655     36639   429.747       440  0.072488  0.148428
   342      16     36779     36763    429.94       496 0.0562114  0.148369
   343      16     36888     36872   429.958       436 0.0339833  0.148309
   344      16     37007     36991   430.092       476  0.057163  0.148295
   345      16     37126     37110   430.225       4760.00368124  0.148261
   346      16     37238     37222   430.276       448  0.786874  0.148239
   347      16     37358     37342   430.419       480  0.295905  0.148183
   348      16     37483     37467   430.619       500  0.325678  0.148147
   349      16     37610     37594    430.84       508 0.0560687  0.148052
   350      16     37731     37715   430.992       484   0.51819   0.14797
   351      15     37853     37838   431.166       492  0.304619  0.147959
   352      16     37977     37961   431.339       492 0.0693112  0.147865
   353      16     38108     38092   431.601       524   0.30338  0.147798
   354      16     38254     38238   432.031       584  0.205351  0.147658
   355      15     38407     38392    432.55       616 0.0667316  0.147486
   356      16     38543     38527   432.851       5400.00309556  0.147371
   357      16     38670     38654   433.062       5080.00303424  0.147315
   358      16     38778     38762   433.059       432 0.0580698  0.147234
   359      16     38865     38849   432.822       348  0.624099  0.147309
2016-04-11 22:29:42.508993min lat: 0.00264478 max lat: 2.07838 avg lat: 0.14735
   sec Cur ops   started  finished  avg MB/s  cur MB/s  last lat   avg lat
   360      16     38973     38957   432.819       432 0.0376969   0.14735
   361      16     39077     39061   432.773       416 0.0501111   0.14737
   362      16     39184     39168   432.759       428 0.0324611  0.147349
   363      16     39283     39267   432.658       396  0.196363  0.147403
   364      16     39405     39389    432.81       488 0.0801135  0.147392
   365      16     39523     39507   432.917       472  0.129508  0.147326
   366      16     39647     39631   433.089       4960.00307372  0.147279
   367      16     39764     39748   433.184       468  0.843611  0.147259
   368      16     39890     39874   433.377       504  0.047113  0.147203
   369      16     40021     40005   433.622       5240.00365207  0.147104
   370      16     40159     40143   433.942       552 0.0397568  0.146986
   371      16     40277     40261   434.045       472 0.0389211  0.146967
   372      16     40394     40378   434.136       468 0.0748828  0.146916
   373      16     40516     40500    434.28       4880.00375472  0.146878
   374      16     40636     40620   434.402       480  0.172612  0.146866
   375      16     40759     40743   434.556       492  0.031663  0.146782
   376      16     40882     40866   434.708       492 0.0439863  0.146736
   377      16     41024     41008   435.062       568  0.111786  0.146618
   378      16     41122     41106   434.948       392  0.068652   0.14661
   379      16     41248     41232    435.13       504 0.0626966  0.146584
2016-04-11 22:30:02.510464min lat: 0.00264478 max lat: 2.07838 avg lat: 0.146544
   sec Cur ops   started  finished  avg MB/s  cur MB/s  last lat   avg lat
   380      16     41352     41336   435.079       416 0.0562628  0.146544
   381      15     41472     41457   435.208       4840.00282246  0.146564
   382      16     41607     41591   435.472       536  0.174701  0.146477
   383      16     41742     41726   435.744       540  0.132436  0.146406
   384      16     41878     41862   436.026       544  0.102107  0.146297
   385      16     42003     41987   436.192       500 0.0545332  0.146221
   386      16     42123     42107   436.306       480 0.0577626  0.146203
   387      16     42266     42250   436.656       572  0.104074  0.146092
   388      16     42405     42389   436.964       556 0.0679021  0.145994
   389      16     42537     42521   437.197       528 0.0595737  0.145903
   390      16     42655     42639   437.287       4720.00295686   0.14584
   391      16     42775     42759   437.396       4800.00300668  0.145811
   392      15     42909     42894   437.657       5400.00317652  0.145725
   393      16     43033     43017   437.796       4920.00294667  0.145713
   394      16     43183     43167   438.207       600  0.236888  0.145581
   395      16     43317     43301   438.455       536 0.0674063  0.145465
   396      16     43450     43434   438.691       532  0.154818  0.145428
   397      16     43606     43590   439.157       624 0.0935088  0.145274
   398      16     43739     43723   439.391       532 0.0438105  0.145153
   399      16     43880     43864   439.703       5640.00312258  0.145083
2016-04-11 22:30:22.512017min lat: 0.00264478 max lat: 2.07838 avg lat: 0.144979
   sec Cur ops   started  finished  avg MB/s  cur MB/s  last lat   avg lat
   400      16     44014     43998   439.943       5360.00348428  0.144979
   401      16     44129     44113   439.993       460 0.0028775  0.144947
   402      16     44264     44248   440.242       540  0.111708  0.144892
   403      16     44378     44362   440.281       456 0.0864475  0.144877
   404      16     44533     44517   440.726       620  0.259966  0.144747
   405      16     44645     44629   440.744       448 0.0739455   0.14472
   406      16     44773     44757   440.919       512  0.258305  0.144678
   407      16     44908     44892   441.162       540  0.260327  0.144605
   408      15     45036     45021   441.346       516  0.118729  0.144524
   409      16     45178     45162   441.646       564  0.533405  0.144417
   410      16     45290     45274   441.661       4480.00300877  0.144412
   411      16     45440     45424   442.046       600   0.47278  0.144318
   412      16     45568     45552   442.216       512  0.261316  0.144244
   413      16     45696     45680   442.385       5120.00451266   0.14419
   414      16     45823     45807   442.543       508 0.0418972  0.144134
   415      16     45937     45921   442.575       456  0.544665  0.144124
   416      16     46046     46030   442.559       4360.00275854  0.144132
   417      16     46159     46143   442.582       452  0.189995  0.144136
   418      16     46306     46290    442.93       588 0.0693687   0.14403
   419      16     46429     46413   443.047       492  0.047035  0.143969
2016-04-11 22:30:42.513533min lat: 0.00264478 max lat: 2.07838 avg lat: 0.143956
   sec Cur ops   started  finished  avg MB/s  cur MB/s  last lat   avg lat
   420      16     46546     46530   443.106       468  0.116776  0.143956
   421      16     46660     46644   443.137       4560.00287644  0.143892
   422      16     46780     46764   443.224       480 0.0502297  0.143904
   423      16     46895     46879   443.264       4600.00284212  0.143912
   424      16     46997     46981    443.18       408 0.0520134  0.143882
   425      16     47116     47100   443.257       476  0.154203  0.143911
   426      16     47256     47240   443.531       5600.00291898  0.143816
   427      16     47353     47337   443.401       388    0.1502  0.143827
   428      16     47484     47468    443.59       5240.00808219  0.143811
   429      16     47587     47571   443.516       4120.00292388  0.143808
   430      16     47712     47696   443.647       5000.00355072  0.143784
   431      15     47844     47829   443.852       532 0.0854608  0.143723
   432      16     47966     47950   443.945       484  0.212384   0.14366
   433      16     48086     48070   444.028       480 0.0536885  0.143634
   434      16     48163     48147   443.715       3080.00290811  0.143685
   435      16     48264     48248   443.623       404  0.310128  0.143752
   436      16     48376     48360   443.633       448  0.212114  0.143777
   437      15     48494     48479   443.707       476  0.127281  0.143775
   438      16     48617     48601   443.808       488  0.196507  0.143733
   439      16     48731     48715   443.836       4560.00356641  0.143703
2016-04-11 22:31:02.515029min lat: 0.00264478 max lat: 2.07838 avg lat: 0.143695
   sec Cur ops   started  finished  avg MB/s  cur MB/s  last lat   avg lat
   440      16     48846     48830   443.872       4600.00315055  0.143695
   441      15     48977     48962   444.063       528  0.105676  0.143645
   442      16     49105     49089   444.208       5080.00290745  0.143591
   443      16     49233     49217   444.361       512  0.157037  0.143557
   444      15     49371     49356   444.612       556 0.0488338  0.143476
   445      16     49494     49478   444.709       488  0.133285  0.143443
   446      16     49640     49624   445.022       584  0.118511  0.143346
   447      16     49773     49757   445.216       532   0.27111  0.143284
   448      16     49896     49880    445.32       492  0.122059  0.143211
   449      16     50005     49989     445.3       436   0.34643  0.143252
   450      16     50126     50110   445.386       484  0.112135  0.143199
   451      16     50249     50233   445.489       492  0.212608  0.143187
   452      16     50380     50364   445.662       524 0.0356454  0.143127
   453      16     50505     50489   445.782       500  0.131803  0.143097
   454      16     50641     50625   445.999       544 0.0715547  0.143034
   455      16     50771     50755   446.161       520 0.0029682  0.142982
   456      16     50879     50863    446.13       432   0.30252  0.142978
   457      16     51020     51004   446.388       5640.00296193  0.142907
   458      16     51166     51150   446.688       584 0.0406295   0.14281
   459      16     51266     51250   446.586       400  0.508021  0.142808
2016-04-11 22:31:22.516545min lat: 0.00264478 max lat: 2.07838 avg lat: 0.142848
   sec Cur ops   started  finished  avg MB/s  cur MB/s  last lat   avg lat
   460      16     51361     51345   446.442       3800.00289275  0.142848
   461      16     51487     51471   446.566       5040.00290032   0.14285
   462      15     51627     51612    446.82       564 0.0474422  0.142751
   463      16     51749     51733   446.901       484  0.173613  0.142744
   464      16     51893     51877   447.179       576 0.0620917  0.142656
   465      16     52028     52012   447.378       540 0.0566182   0.14257
   466      16     52152     52136   447.483       4960.00282581  0.142532
   467      16     52268     52252   447.518       4640.00291781  0.142527
   468      16     52399     52383   447.681       5240.00306216  0.142478
   469      16     52534     52518   447.878       5400.00316561  0.142434
   470      16     52642     52626   447.844       432  0.403035  0.142416
   471      16     52761     52745   447.904       476 0.0506752  0.142409
   472      16     52897     52881   448.107       544  0.106091  0.142361
   473      16     53016     53000   448.166       4760.00282284  0.142303
   474      16     53137     53121   448.242       484 0.0696176  0.142282
   475      16     53240     53224   448.165       412 0.0287381  0.142323
   476      16     53354     53338   448.182       456  0.121205  0.142311
   477      16     53460     53444   448.131       424  0.479401  0.142319
   478      16     53582     53566   448.214       488  0.108749  0.142304
   479      16     53720     53704   448.431       5520.00286838  0.142256
2016-04-11 22:31:42.518025min lat: 0.00264478 max lat: 2.07838 avg lat: 0.142199
   sec Cur ops   started  finished  avg MB/s  cur MB/s  last lat   avg lat
   480      16     53853     53837   448.605       532  0.366549  0.142199
   481      16     53983     53967   448.753       520  0.107907  0.142143
   482      16     54080     54064   448.627       3880.00329771  0.142135
   483      16     54177     54161   448.502       388  0.052642  0.142208
   484      16     54282     54266   448.443       4200.00281548   0.14223
   485      16     54400     54384   448.491       472  0.143296  0.142234
   486      16     54536     54520   448.688       5440.00297551  0.142171
   487      16     54663     54647   448.809       508 0.0930298  0.142118
   488      16     54807     54791    449.07       576  0.268691  0.142054
   489      16     54919     54903   449.068       4480.00393807   0.14203
   490      16     55041     55025   449.147       4880.00307201   0.14203
   491      16     55163     55147   449.226       4880.00332097  0.141954
   492      16     55307     55291   449.484       576  0.205892  0.141926
   493      16     55432     55416   449.586       500  0.111721   0.14188
   494      16     55562     55546   449.728       520 0.0998389  0.141852
   495      16     55710     55694   450.016       5920.00298026  0.141737
   496      16     55802     55786    449.85       368 0.0481226  0.141766
   497      16     55928     55912   449.959       5040.00292841  0.141759
   498      16     56038     56022   449.939       440  0.042391  0.141741
   499      16     56168     56152    450.08       520 0.0029373  0.141726
2016-04-11 22:32:02.519508min lat: 0.00264478 max lat: 2.07838 avg lat: 0.141672
   sec Cur ops   started  finished  avg MB/s  cur MB/s  last lat   avg lat
   500      16     56299     56283   450.227       524 0.0463496  0.141672
   501      16     56424     56408   450.327       500 0.0708391  0.141641
   502      16     56554     56538   450.465       520 0.0681215  0.141602
   503      16     56660     56644   450.413       4240.00374525  0.141585
   504      16     56771     56755     450.4       444  0.270337  0.141625
   505      15     56904     56889   450.569       536  0.275062   0.14158
   506      16     57044     57028   450.778       556  0.194028  0.141511
   507      16     57182     57166   450.977       552  0.132903   0.14145
   508      16     57310     57294   451.097       512 0.0032728  0.141394
   509      16     57432     57416    451.17       4880.00286811  0.141381
   510      16     57562     57546   451.304       5200.00320245  0.141302
   511      15     57673     57658   451.298       448  0.273074  0.141349
   512      16     57776     57760   451.213       408  0.233032  0.141364
   513      15     57925     57910   451.501       600  0.138602   0.14129
   514      16     58061     58045   451.674       540  0.106666  0.141229
   515      16     58183     58167   451.744       488  0.178133  0.141206
   516      16     58326     58310   451.977       572 0.0500352  0.141135
   517      16     58447     58431   452.039       4840.00319617  0.141113
   518      16     58554     58538   451.992       428   0.29367  0.141107
   519      16     58685     58669   452.131       524  0.251949  0.141088
2016-04-11 22:32:22.523031min lat: 0.00264478 max lat: 2.07838 avg lat: 0.141061
   sec Cur ops   started  finished  avg MB/s  cur MB/s  last lat   avg lat
   520      16     58801     58785   452.154       464 0.0815762  0.141061
   521      16     58902     58886   452.061       404 0.0654439  0.141085
   522      16     59023     59007   452.122       4840.00281192  0.141065
   523      16     59137     59121    452.13       456 0.0939291  0.141081
   524      16     59268     59252   452.267       524  0.132964  0.141044
   525      16     59399     59383   452.403       524  0.064698  0.141004
   526      16     59524     59508   452.494       500  0.224714  0.140967
   527      15     59643     59628   452.546       4800.00391326  0.140936
   528      16     59783     59767   452.742       556  0.166766  0.140892
   529      16     59909     59893   452.839       5040.00309142  0.140868
   530      16     60034     60018   452.928       500  0.378589  0.140838
   531      16     60154     60138   452.978       480 0.0740696  0.140818
   532      15     60290     60275   453.157       548 0.0616337  0.140777
   533      16     60436     60420   453.395       5800.00383697  0.140688
   534      16     60575     60559   453.587       5560.00287436  0.140635
   535      16     60704     60688   453.704       516  0.128935  0.140596
   536      16     60806     60790   453.618       408 0.0404206    0.1406
   537      16     60906     60890   453.518       400   0.33919  0.140618
   538      16     61025     61009    453.56       476 0.0519265  0.140633
   539      15     61161     61146   453.735       548 0.0037936  0.140584
2016-04-11 22:32:42.524600min lat: 0.00264478 max lat: 2.07838 avg lat: 0.140512
   sec Cur ops   started  finished  avg MB/s  cur MB/s  last lat   avg lat
   540      16     61303     61287   453.939       5640.00323968  0.140512
   541      16     61431     61415   454.046       512   0.13064  0.140477
   542      16     61539     61523   454.006       432 0.0038121  0.140482
   543      16     61650     61634   453.987       4440.00288225   0.14051
   544      15     61807     61792   454.314       632  0.160137  0.140416
   545      15     61942     61927   454.472       5400.00378372  0.140358
   546      16     62070     62054   454.569       508   0.21993  0.140327
   547      16     62186     62170   454.587       464  0.532512  0.140298
   548      16     62304     62288   454.618       472   0.21341  0.140303
   549      16     62427     62411   454.686       492  0.142755  0.140266
   550      16     62561     62545   454.834       536  0.284086  0.140238
   551      16     62693     62677   454.967       5280.00463041  0.140203
   552      16     62799     62783   454.911       4240.00305712  0.140209
   553      16     62921     62905   454.971       488  0.443851  0.140196
   554      16     63046     63030   455.052       500  0.768222  0.140174
   555      16     63185     63169   455.234       5560.00283664  0.140119
   556      16     63297     63281   455.221       4480.00289702  0.140127
   557      16     63400     63384   455.143       412 0.0237226   0.14009
   558      16     63502     63486   455.058       4080.00311187  0.140176
   559      16     63638     63622   455.217       544  0.138436   0.14013
2016-04-11 22:33:02.526049min lat: 0.00264478 max lat: 2.07838 avg lat: 0.14007
   sec Cur ops   started  finished  avg MB/s  cur MB/s  last lat   avg lat
   560      16     63780     63764   455.419       568  0.395037   0.14007
   561      16     63911     63895   455.541       5240.00744806  0.140034
   562      16     64053     64037   455.741       568  0.233993  0.139974
   563      16     64176     64160   455.805       492  0.316571  0.139953
   564      16     64286     64270   455.777       440 0.0448188  0.139934
   565      16     64386     64370   455.678       400   1.04645  0.139959
   566      15     64493     64478   455.636       432  0.114655  0.139997
   567      16     64619     64603   455.715       500  0.613339  0.139969
   568      16     64748     64732   455.821       516 0.0316562  0.139938
   569      16     64865     64849   455.842       468 0.0515096  0.139894
   570      16     64962     64946   455.723       3880.00281766  0.139946
   571      16     65106     65090   455.934       576  0.201438  0.139914
   572      16     65245     65229   456.108       556  0.287265  0.139855
   573      16     65370     65354   456.185       500 0.0491422  0.139836
   574      16     65507     65491   456.345       548  0.113406  0.139773
   575      16     65642     65626    456.49       540  0.180108  0.139731
   576      16     65748     65732   456.434       424  0.132091  0.139742
   577      16     65862     65846   456.433       456  0.285455  0.139746
   578      16     66008     65992   456.654       584 0.0029809  0.139686
   579      16     66144     66128   456.804       544  0.406956  0.139638
2016-04-11 22:33:22.527542min lat: 0.00264478 max lat: 2.07838 avg lat: 0.139633
   sec Cur ops   started  finished  avg MB/s  cur MB/s  last lat   avg lat
   580      16     66265     66249   456.851       484 0.0909106  0.139633
   581      16     66396     66380   456.967       5240.00328272  0.139582
   582      16     66501     66485   456.903       420 0.0255109  0.139599
   583      16     66626     66610   456.977       500  0.361828  0.139593
   584      16     66769     66753   457.174       572 0.0640027  0.139522
   585      16     66890     66874    457.22       484  0.324857   0.13951
   586      16     67023     67007   457.347       532  0.227089  0.139468
   587      16     67141     67125   457.372       472 0.0375382  0.139436
   588      16     67241     67225   457.275       400 0.0497242   0.13947
   589      16     67371     67355   457.381       520 0.0231235  0.139466
   590      16     67494     67478    457.44       4920.00280977  0.139436
   591      16     67634     67618   457.613       560  0.103917  0.139399
   592      16     67768     67752   457.745       5360.00290537  0.139343
   593      16     67868     67852   457.648       400 0.0469949  0.139338
   594      16     67995     67979   457.733       508 0.0444693  0.139355
   595      16     68116     68100   457.777       484 0.0029991  0.139331
   596      16     68243     68227   457.861       508 0.0381207  0.139319
   597      16     68385     68369   458.045       5680.00292041  0.139268
   598      16     68517     68501   458.162       5280.00471318  0.139227
   599      16     68666     68650   458.392       596 0.0457572   0.13915
2016-04-11 22:33:42.529045min lat: 0.00264478 max lat: 2.07838 avg lat: 0.139142
   sec Cur ops   started  finished  avg MB/s  cur MB/s  last lat   avg lat
   600      16     68776     68760   458.362       440 0.0275761  0.139142
   601      15     68888     68873   458.351       452  0.407865  0.139165
   602      16     69033     69017   458.546       576 0.0537387  0.139113
   603      16     69179     69163   458.754       584  0.265668   0.13905
   604      16     69298     69282   458.783       476   0.54878  0.139028
   605      16     69416     69400   458.805       472 0.0587637  0.139013
   606      16     69527     69511    458.78       444 0.0595362  0.139032
   607      16     69643     69627   458.789       464  0.189717  0.139029
   608      16     69779     69763   458.929       544 0.0027589     0.139
   609      16     69910     69894   459.035       524  0.238554  0.138955
   610      16     70044     70028   459.162       536  0.101791  0.138921
   611      16     70145     70129   459.071       404  0.445487   0.13895
   612      16     70273     70257   459.158       5120.00364731  0.138926
   613      16     70403     70387   459.257       5200.00332734  0.138901
   614      16     70542     70526   459.414       556 0.0467881   0.13884
   615      16     70645     70629   459.337       4120.00318995  0.138837
   616      16     70771     70755    459.41       504 0.0589888  0.138827
   617      16     70882     70866   459.385       4440.00322541  0.138839
   618      16     70975     70959   459.243       372  0.282856  0.138873
   619      15     71090     71075   459.251       464  0.046643  0.138889
2016-04-11 22:34:02.530519min lat: 0.00264478 max lat: 2.07838 avg lat: 0.138901
   sec Cur ops   started  finished  avg MB/s  cur MB/s  last lat   avg lat
   620      16     71203     71187   459.233       448  0.235052  0.138901
   621      16     71336     71320    459.35       532  0.110448  0.138857
   622      16     71465     71449   459.441       516 0.0608367  0.138832
   623      16     71595     71579   459.538       5200.00322452  0.138809
   624      16     71728     71712   459.654       532  0.391576  0.138777
   625      16     71858     71842    459.75       520  0.285467  0.138738
   626      16     71998     71982   459.911       560 0.0438664  0.138683
   627      16     72135     72119   460.051       548 0.0324987  0.138646
   628      16     72277     72261   460.223       568  0.103432  0.138599
   629      16     72413     72397   460.356       544   0.11584  0.138566
   630      16     72542     72526   460.444       516    0.1979  0.138544
   631      16     72665     72649   460.494       492  0.104851  0.138521
   632      16     72795     72779   460.588       520  0.185332  0.138489
   633      16     72909     72893   460.581       4560.00305184  0.138477
   634      16     73020     73004   460.555       4440.00305424  0.138492
   635      16     73138     73122   460.573       472 0.0428195  0.138483
   636      16     73243     73227   460.509       4200.00483171  0.138509
   637      16     73376     73360   460.621       5320.00362802  0.138481
   638      16     73493     73477   460.633       468  0.518532  0.138475
   639      16     73610     73594   460.644       468  0.390356  0.138478
2016-04-11 22:34:22.531996min lat: 0.00264478 max lat: 2.07838 avg lat: 0.138439
   sec Cur ops   started  finished  avg MB/s  cur MB/s  last lat   avg lat
   640      16     73744     73728   460.762       536  0.232842  0.138439
   641      16     73855     73839   460.735       444  0.314335  0.138442
   642      16     73991     73975   460.865       544 0.0951932  0.138403
   643      16     74111     74095   460.895       4800.00344549  0.138404
   644      16     74234     74218   460.943       492  0.476215  0.138387
   645      16     74366     74350   461.047       528  0.402464  0.138347
   646      16     74494     74478   461.126       512  0.246326  0.138323
   647      16     74638     74622   461.303       5760.00356395  0.138279
   648      16     74751     74735   461.289       452  0.170486  0.138274
   649      16     74875     74859   461.342       496 0.0427886  0.138264
   650      15     75005     74990   461.439       5240.00338741  0.138239
   651      15     75140     75125   461.559       540 0.0952357  0.138203
   652      16     75281     75265    461.71       560  0.139768  0.138156
   653      16     75401     75385   461.738       480  0.316088  0.138144
   654      15     75531     75516   461.833       524  0.057829  0.138109
   655      16     75626     75610   461.702       3760.00471524  0.138149
   656      16     75752     75736   461.767       5040.00296329   0.13814
   657      16     75879     75863   461.837       508  0.169252  0.138114
   658      16     75997     75981   461.852       472   0.13104  0.138114
   659      16     76121     76105   461.904       496   0.18646  0.138086
2016-04-11 22:34:42.533498min lat: 0.00264478 max lat: 2.07838 avg lat: 0.138075
   sec Cur ops   started  finished  avg MB/s  cur MB/s  last lat   avg lat
   660      16     76236     76220   461.901       460 0.0377924  0.138075
   661      16     76366     76350   461.989       520 0.0313334  0.138056
   662      16     76475     76459    461.95       4360.00286322  0.138083
   663      16     76618     76602   462.116       572 0.0572649  0.138038
   664      15     76745     76730   462.191       5120.00311227  0.138001
   665      15     76871     76856   462.253       5040.00304872  0.137984
   666      16     77004     76988   462.352       5280.00292489  0.137962
   667      16     77152     77136   462.546       592 0.0505764  0.137892
   668      16     77255     77239   462.471       412 0.0329747  0.137907
   669      16     77354     77338   462.371       396  0.153209  0.137957
   670      16     77482     77466   462.445       5120.00425912  0.137934
   671      16     77610     77594   462.519       512  0.151599  0.137919
   672      16     77735     77719   462.575       500  0.208925  0.137884
   673      16     77852     77836   462.583       4680.00298208  0.137886
   674      16     77976     77960   462.632       496  0.046203  0.137885
   675      16     78115     78099   462.771       556  0.123553  0.137834
   676      16     78228     78212   462.755       452  0.298083  0.137819
   677      16     78359     78343   462.845       524   0.31871  0.137818
   678      16     78473     78457   462.835       456  0.148293  0.137815
   679      16     78601     78585   462.907       512  0.157946  0.137798
2016-04-11 22:35:02.534977min lat: 0.00264478 max lat: 2.07838 avg lat: 0.137737
   sec Cur ops   started  finished  avg MB/s  cur MB/s  last lat   avg lat
   680      16     78747     78731   463.085       584   0.43583  0.137737
   681      16     78870     78854   463.128       4920.00285162  0.137719
   682      16     78976     78960    463.07       424 0.0373765  0.137746
   683      16     79114     79098     463.2       552  0.292284  0.137704
   684      16     79244     79228   463.283       520 0.0035404  0.137665
   685      16     79378     79362   463.389       536 0.0620303  0.137657
   686      16     79526     79510   463.577       5920.00323191  0.137598
   687      16     79644     79628   463.589       472  0.126883  0.137589
   688      16     79763     79747   463.607       476 0.0858237  0.137575
   689      16     79889     79873   463.666       504  0.449278  0.137569
   690      16     80021     80005   463.759       528  0.032445  0.137537
   691      16     80159     80143   463.886       552 0.0028269   0.13751
   692      16     80280     80264   463.915       484   0.14147  0.137484
   693      16     80412     80396   464.008       528  0.341907  0.137472
   694      16     80541     80525   464.083       516  0.361966  0.137448
   695      16     80683     80667   464.232       5680.00311419  0.137389
   696      16     80804     80788   464.261       4840.00310625  0.137383
   697      16     80904     80888   464.168       400 0.0326489  0.137401
   698      16     81015     80999   464.139       444 0.0956283  0.137404
   699      16     81149     81133   464.242       536 0.0563987  0.137398
2016-04-11 22:35:22.536464min lat: 0.00264478 max lat: 2.07838 avg lat: 0.137367
   sec Cur ops   started  finished  avg MB/s  cur MB/s  last lat   avg lat
   700      16     81284     81268    464.35       540  0.174755  0.137367
   701      16     81427     81411   464.504       572 0.0666604  0.137321
   702      16     81565     81549   464.628       5520.00290554  0.137289
   703      16     81691     81675   464.684       504 0.0699499  0.137256
   704      16     81821     81805   464.763       520  0.153674  0.137254
   705      16     81945     81929   464.807       4960.00308194  0.137225
   706      16     82061     82045   464.806       464 0.0508403  0.137232
   707      16     82206     82190   464.969       580  0.191193  0.137183
   708      16     82346     82330   465.103       5600.00281413   0.13715
   709      16     82479     82463   465.197       532  0.152418  0.137117
   710      16     82605     82589   465.252       5040.00343197  0.137101
   711      16     82721     82705    465.25       464  0.351196  0.137091
   712      16     82847     82831   465.304       504 0.0373748  0.137083
   713      16     82974     82958   465.364       5080.00301709   0.13706
   714      16     83090     83074   465.362       464 0.0049894  0.137058
   715      15     83210     83195   465.388       4840.00311881  0.137057
   716      16     83355     83339   465.543       5760.00300987   0.13702
   717      16     83471     83455    465.54       464  0.041908  0.137012
   718      16     83603     83587   465.627       528  0.177788  0.136993
   719      16     83725     83709   465.658       488  0.325939  0.136982
2016-04-11 22:35:42.538015min lat: 0.00264478 max lat: 2.07838 avg lat: 0.13697
   sec Cur ops   started  finished  avg MB/s  cur MB/s  last lat   avg lat
   720      16     83841     83825   465.656       464 0.0357563   0.13697
   721      16     83961     83945   465.676       480  0.239252  0.136969
   722      15     84061     84046    465.59       404  0.289132  0.136993
   723      16     84181     84165   465.605       4760.00297373  0.136987
   724      16     84302     84286    465.63       484  0.300321  0.136989
   725      16     84430     84414   465.694       512  0.143389  0.136943
   726      15     84559     84544   465.769       520  0.120416  0.136946
   727      16     84677     84661   465.772       468 0.0488059  0.136928
   728      16     84796     84780   465.786       476  0.091731  0.136926
   729      16     84900     84884   465.718       416 0.0454819  0.136953
   730      16     85006     84990    465.66       424 0.0713657  0.136949
   731      16     85114     85098   465.614       432 0.0520798  0.136956
   732      16     85217     85201   465.541       412  0.117134  0.136987
   733      16     85346     85330    465.61       516 0.0860148  0.136998
   734      16     85470     85454   465.651       496  0.216985  0.136986
   735      16     85565     85549   465.535       3800.00350741  0.136996
   736      16     85668     85652   465.462       412 0.0549875  0.137008
   737      16     85774     85758   465.405       424 0.0029975  0.137038
   738      15     85903     85888   465.479       520  0.111217  0.137038
   739      16     86026     86010    465.51       4880.00390932  0.137027
2016-04-11 22:36:02.539544min lat: 0.00264478 max lat: 2.07838 avg lat: 0.137023
   sec Cur ops   started  finished  avg MB/s  cur MB/s  last lat   avg lat
   740      16     86136     86120   465.475       440 0.0515538  0.137023
   741      16     86270     86254    465.57       536  0.314228   0.13701
   742      16     86375     86359   465.509       420 0.0494447  0.137005
   743      16     86495     86479   465.528       480  0.356883   0.13702
   744      16     86616     86600   465.553       484  0.152222  0.137003
   745      16     86725     86709   465.513       436 0.0550753  0.137019
   746      16     86831     86815   465.458       4240.00279331  0.137004
   747      16     86964     86948   465.547       532  0.117613  0.137007
   748      16     87101     87085   465.657       5480.00309698  0.136978
   749      16     87242     87226   465.788       564 0.0856723  0.136944
   750      16     87372     87356    465.86       520  0.151694  0.136925
   751      16     87515     87499   466.002       572 0.0551402  0.136879
   752      16     87641     87625   466.052       5040.00296183  0.136847
   753      16     87753     87737   466.028       448 0.0684908  0.136862
   754      16     87879     87863   466.078       504 0.0029981  0.136846
   755      15     87996     87981   466.086       472   0.17852  0.136847
   756      16     88128     88112   466.163       5240.00303154  0.136816
   757      16     88234     88218   466.107       424 0.0693689  0.136852
   758      16     88354     88338   466.125       480  0.564887  0.136831
   759      16     88469     88453   466.117       460 0.0120609  0.136851
2016-04-11 22:36:22.541021min lat: 0.00264478 max lat: 2.07838 avg lat: 0.136815
   sec Cur ops   started  finished  avg MB/s  cur MB/s  last lat   avg lat
   760      16     88604     88588   466.214       540 0.0677194  0.136815
   761      16     88723     88707   466.227       476  0.187658  0.136813
   762      16     88830     88814   466.177       428 0.0608053  0.136821
   763      16     88981     88965   466.358       604 0.0032613  0.136774
   764      16     89103     89087   466.386       4880.00342351  0.136758
   765      16     89217     89201   466.372       456 0.0694344  0.136759
   766      16     89317     89301   466.286       400   0.11823  0.136776
   767      16     89444     89428    466.34       5080.00501689  0.136785
   768      16     89578     89562   466.431       536 0.0344903  0.136756
   769      16     89717     89701   466.547       556  0.453425  0.136716
   770      16     89842     89826    466.59       500  0.101418  0.136704
   771      16     89979     89963   466.696       548 0.0472498  0.136655
   772      16     90103     90087   466.734       496  0.293103  0.136655
   773      16     90239     90223   466.834       5440.00316009   0.13664
   774      16     90359     90343   466.851       480 0.0800439  0.136629
   775      16     90488     90472   466.914       516  0.117061  0.136609
   776      16     90623     90607   467.008       540 0.0620495  0.136581
   777      15     90761     90746   467.123       556  0.108809  0.136555
   778      16     90873     90857   467.093       444  0.109291  0.136545
   779      16     90971     90955   466.997       392 0.0450066  0.136561
2016-04-11 22:36:42.542448min lat: 0.00264478 max lat: 2.07838 avg lat: 0.136546
   sec Cur ops   started  finished  avg MB/s  cur MB/s  last lat   avg lat
   780      16     91117     91101   467.146       5840.00288785  0.136546
   781      16     91259     91243   467.276       568  0.333144  0.136499
   782      16     91377     91361   467.282       472 0.0538918  0.136503
   783      16     91514     91498   467.385       548 0.0349984  0.136472
   784      16     91634     91618   467.401       4800.00327071  0.136468
   785      16     91768     91752   467.488       536  0.102512  0.136446
   786      16     91889     91873   467.509       4840.00370641  0.136438
   787      16     92018     92002    467.57       516 0.0549059  0.136425
   788      16     92141     92125   467.601       492 0.0572381  0.136402
   789      16     92249     92233   467.556       432 0.0538697  0.136385
   790      16     92358     92342   467.516       4360.00311087  0.136422
   791      16     92468     92452   467.481       4400.00286607  0.136424
   792      16     92573     92557   467.422       420 0.0643069   0.13645
   793      15     92693     92678   467.442       484  0.488542  0.136455
   794      16     92819     92803   467.483       500 0.0028232   0.13644
   795      16     92937     92921   467.489       472  0.134313   0.13645
   796      16     93040     93024   467.419       412  0.179567  0.136446
   797      16     93140     93124   467.335       400 0.0809096  0.136489
   798      16     93282     93266   467.461       568  0.223138  0.136459
   799      16     93416     93400   467.546       536  0.048753  0.136426
2016-04-11 22:37:02.543857min lat: 0.00264478 max lat: 2.07838 avg lat: 0.136407
   sec Cur ops   started  finished  avg MB/s  cur MB/s  last lat   avg lat
   800      16     93551     93535   467.637       540   0.17688  0.136407
   801      16     93683     93667   467.712       5280.00314281  0.136374
   802      16     93812     93796   467.772       5160.00282446  0.136354
   803      16     93930     93914   467.778       472  0.257821  0.136361
   804      16     94051     94035   467.798       4840.00311105  0.136338
   805      16     94135     94119   467.634       3360.00285418  0.136372
   806      16     94249     94233    467.62       4560.00308646  0.136391
   807      16     94393     94377   467.754       576  0.312923  0.136369
   808      16     94510     94494   467.754       468 0.0573978  0.136367
   809      16     94633     94617   467.784       492 0.0832754  0.136357
   810      16     94761     94745   467.838       512  0.210675  0.136339
   811      16     94879     94863   467.844       472   0.10753  0.136335
   812      16     94995     94979   467.839       464  0.361846  0.136339
   813      16     95103     95087   467.795       432 0.0543854  0.136333
   814      16     95214     95198   467.765       444 0.0511858  0.136359
   815      16     95353     95337   467.874       5560.00321143  0.136338
   816      16     95482     95466   467.933       516   0.17307  0.136321
   817      16     95610     95594   467.986       5120.00289993  0.136306
   818      16     95742     95726    468.06       5280.00314826  0.136279
   819      16     95874     95858   468.133       528 0.0739476   0.13625
2016-04-11 22:37:22.545363min lat: 0.00264478 max lat: 2.07838 avg lat: 0.136231
   sec Cur ops   started  finished  avg MB/s  cur MB/s  last lat   avg lat
   820      15     96009     95994   468.225       5440.00353748  0.136231
   821      16     96137     96121   468.274       508 0.0725456  0.136215
   822      16     96266     96250   468.332       516  0.144977  0.136197
   823      15     96403     96388   468.433       552 0.0941575  0.136166
   824      16     96523     96507   468.443       4760.00279148  0.136134
   825      16     96637     96621   468.427       4560.00284226  0.136166
   826      16     96763     96747    468.47       5040.00287289  0.136161
   827      16     96884     96868   468.489       484  0.200622  0.136152
   828      15     97003     96988   468.503       4800.00431683  0.136128
   829      16     97126     97110   468.526       488   0.33949  0.136138
   830      16     97264     97248   468.627       5520.00283424  0.136117
   831      16     97385     97369   468.645       4840.00289343  0.136105
   832      16     97518     97502   468.722       532  0.182242  0.136091
   833      16     97639     97623    468.74       484 0.0317727  0.136069
   834      16     97729     97713   468.609       3600.00397281  0.136051
   835      16     97833     97817   468.546       416  0.220487  0.136133
   836      16     97946     97930   468.527       452 0.0733922  0.136133
   837      16     98084     98068   468.626       552  0.148584  0.136111
   838      16     98215     98199   468.692       524 0.0536251  0.136079
   839      16     98356     98340   468.806       564  0.100519  0.136069
2016-04-11 22:37:42.546880min lat: 0.00264478 max lat: 2.07838 avg lat: 0.136052
   sec Cur ops   started  finished  avg MB/s  cur MB/s  last lat   avg lat
   840      16     98476     98460   468.819       480 0.0485557  0.136052
   841      16     98618     98602   468.937       568  0.170467  0.136028
   842      16     98742     98726   468.969       496 0.0386294  0.136005
   843      16     98871     98855   469.025       5160.00291605  0.136001
   844      16     98979     98963   468.981       4320.00323256  0.136001
   845      16     99096     99080    468.98       468 0.0032139  0.135995
   846      16     99199     99183   468.912       412  0.143598  0.136004
   847      16     99325     99309   468.954       504  0.047518  0.136007
   848      16     99464     99448   469.056       5560.00321649  0.135987
   849      16     99609     99593   469.187       580  0.305404   0.13595
   850      16     99717     99701   469.143       432 0.0376117   0.13596
   851      16     99840     99824    469.17       4920.00336134  0.135942
   852      16     99956     99940   469.164       464 0.0648662  0.135941
   853      16    100060    100044   469.102       416 0.0919041  0.135962
   854      16    100209    100193    469.25       596  0.121002  0.135936
   855      16    100352    100336    469.37       572   0.17774  0.135901
   856      15    100494    100479    469.49       5720.00340709  0.135856
   857      16    100612    100596   469.488       468  0.463254  0.135858
   858      16    100722    100706   469.454       440  0.244336   0.13587
   859      16    100804    100788   469.289       328 0.0665294  0.135907
2016-04-11 22:38:02.548304min lat: 0.00264478 max lat: 2.07838 avg lat: 0.135915
   sec Cur ops   started  finished  avg MB/s  cur MB/s  last lat   avg lat
   860      16    100918    100902   469.274       4560.00283535  0.135915
   861      16    101045    101029   469.319       508 0.0701577  0.135912
   862      16    101171    101155   469.359       5040.00328399  0.135892
   863      16    101310    101294   469.459       556 0.0298695  0.135871
   864      16    101447    101431    469.55       548  0.115623  0.135842
   865      16    101595    101579   469.692       592  0.253896  0.135806
   866      16    101706    101690   469.662       444 0.0560406  0.135806
   867      16    101848    101832   469.775       5680.00295966   0.13578
   868      16    101984    101968   469.861       5440.00294951  0.135757
   869      16    102127    102111   469.978       572  0.264945  0.135722
   870      16    102217    102201   469.852       360 0.0534224  0.135735
   871      16    102306    102290   469.721       356 0.0331068  0.135765
   872      16    102422    102406   469.714       4640.00304771  0.135779
   873      16    102536    102520   469.699       4560.00555573  0.135797
   874      16    102663    102647   469.742       508  0.344485  0.135791
   875      16    102798    102782   469.823       540  0.224215  0.135764
   876      16    102921    102905   469.848       492 0.0520462  0.135749
   877      16    103058    103042   469.937       548  0.210237  0.135736
   878      16    103192    103176   470.012       536  0.349311   0.13571
   879      16    103332    103316   470.114       5600.00319163  0.135682
2016-04-11 22:38:22.549802min lat: 0.00264478 max lat: 2.07838 avg lat: 0.135679
   sec Cur ops   started  finished  avg MB/s  cur MB/s  last lat   avg lat
   880      16    103441    103425   470.076       436  0.039697  0.135679
   881      16    103547    103531   470.023       424  0.129358  0.135692
   882      16    103681    103665   470.098       536   0.16285   0.13569
   883      16    103821    103805     470.2       560 0.0834273  0.135657
   884      16    103965    103949   470.319       576  0.148056  0.135621
   885      15    104080    104065   470.312       464 0.0385045  0.135614
   886      16    104209    104193   470.359       5120.00350326  0.135611
   887      16    104330    104314   470.375       484 0.0776291  0.135609
   888      16    104448    104432   470.376       472  0.132004  0.135604
   889      15    104588    104573   470.482       564 0.0710411  0.135573
   890      16    104690    104674   470.407       404  0.374382  0.135594
   891      16    104782    104766   470.292       3680.00290592  0.135616
   892      16    104905    104889   470.316       492  0.229171  0.135619
   893      16    105027    105011   470.336       488  0.397967  0.135619
   894      16    105159    105143     470.4       528   0.34161  0.135592
   895      16    105270    105254   470.371       444  0.399274  0.135608
   896      16    105410    105394   470.471       560  0.337379  0.135582
   897      16    105508    105492   470.383       392 0.0641982  0.135592
   898      16    105627    105611    470.39       4760.00357578  0.135603
   899      16    105745    105729   470.391       472 0.0027404  0.135589
2016-04-11 22:38:42.551370min lat: 0.00264478 max lat: 2.07838 avg lat: 0.135599
   sec Cur ops   started  finished  avg MB/s  cur MB/s  last lat   avg lat
   900      16    105865    105849   470.402       4800.00295387  0.135599
   901      16    105991    105975   470.439       504   0.13099  0.135584
   902      16    106138    106122    470.57       588  0.374477  0.135553
   903      16    106249    106233    470.54       4440.00294533  0.135555
   904      16    106373    106357   470.568       496 0.0368265  0.135543
   905      16    106487    106471   470.552       4560.00295002   0.13553
   906      16    106595    106579    470.51       432  0.152976  0.135531
   907      16    106692    106676   470.418       388  0.322526  0.135565
   908      16    106791    106775   470.336       396  0.662702  0.135605
   909      16    106877    106861   470.197       3440.00300173  0.135635
   910      16    107008    106992   470.257       524  0.411918  0.135636
   911      16    107140    107124    470.32       528  0.217071  0.135623
   912      16    107288    107272   470.453       5920.00340571  0.135572
   913      16    107399    107383   470.424       444 0.0708846  0.135593
   914      16    107546    107530   470.553       5880.00740923  0.135555
   915      16    107678    107662   470.616       5280.00293675  0.135538
   916      16    107810    107794   470.678       528  0.210656  0.135515
   917      16    107937    107921   470.719       5080.00366042  0.135506
   918      16    108071    108055    470.79       536 0.0450684  0.135481
   919      16    108196    108180   470.822       500  0.333881  0.135475
2016-04-11 22:39:02.552836min lat: 0.00264478 max lat: 2.07838 avg lat: 0.135456
   sec Cur ops   started  finished  avg MB/s  cur MB/s  last lat   avg lat
   920      16    108332    108316   470.901       544  0.255833  0.135456
   921      16    108458    108442   470.937       504  0.101932  0.135446
   922      16    108589    108573   470.995       524  0.118925  0.135431
   923      15    108718    108703   471.048       520  0.155591  0.135409
   924      16    108838    108822   471.053       4760.00329472  0.135409
   925      16    108969    108953    471.11       524  0.478202    0.1354
   926      16    109110    109094    471.21       564  0.151821  0.135371
   927      16    109237    109221    471.25       508 0.0505118  0.135346
   928      16    109355    109339   471.251       472  0.193839  0.135354
   929      16    109487    109471   471.312       528  0.039896   0.13533
   930      16    109617    109601   471.364       520 0.0580765  0.135316
   931      16    109732    109716   471.352       460    0.2205  0.135321
   932      16    109859    109843   471.391       508  0.166538  0.135316
   933      16    109968    109952   471.353       436 0.0499311  0.135319
   934      16    110093    110077   471.384       500 0.0743284  0.135305
   935      16    110221    110205   471.427       512  0.105708  0.135301
   936      16    110346    110330   471.458       500  0.216621  0.135298
   937      16    110478    110462   471.518       528  0.106474  0.135274
   938      15    110607    110592    471.57       520  0.274356  0.135248
   939      16    110739    110723   471.626       524 0.0767026  0.135242
2016-04-11 22:39:22.554329min lat: 0.00264478 max lat: 2.07838 avg lat: 0.135237
   sec Cur ops   started  finished  avg MB/s  cur MB/s  last lat   avg lat
   940      16    110859    110843   471.634       480 0.0066936  0.135237
   941      16    110966    110950   471.588       428 0.0532684  0.135238
   942      16    111083    111067   471.584       468  0.229017  0.135245
   943      16    111217    111201   471.652       5360.00285567  0.135233
   944      16    111344    111328   471.691       5080.00651279  0.135228
   945      16    111474    111458   471.742       520  0.180392  0.135213
   946      16    111592    111576   471.742       4720.00308151  0.135206
   947      16    111718    111702   471.776       504  0.223311  0.135201
   948      16    111849    111833   471.831       5240.00299074  0.135188
   949      16    111968    111952   471.836       476   0.18422  0.135178
   950      16    112087    112071    471.84       476   0.15898  0.135174
   951      16    112207    112191   471.849       480  0.186036  0.135172
   952      16    112333    112317   471.882       504 0.0805926  0.135171
   953      16    112459    112443   471.916       504  0.337682  0.135166
   954      16    112584    112568   471.945       500  0.352232  0.135145
   955      15    112698    112683   471.933       460  0.234319  0.135157
   956      16    112839    112823   472.025       560 0.0502257  0.135127
   957      16    112972    112956   472.087       5320.00295693  0.135103
   958      16    113084    113068   472.062       448 0.0449134  0.135121
   959      16    113207    113191   472.083       492 0.0323389  0.135105
2016-04-11 22:39:42.555855min lat: 0.00264478 max lat: 2.07838 avg lat: 0.135106
   sec Cur ops   started  finished  avg MB/s  cur MB/s  last lat   avg lat
   960      16    113326    113310   472.087       476  0.100814  0.135106
   961      16    113455    113439   472.133       5160.00305939  0.135092
   962      16    113571    113555   472.124       4640.00348372  0.135105
   963      16    113714    113698   472.228       5720.00316873  0.135076
   964      16    113842    113826   472.269       5120.00367887  0.135061
   965      16    113980    113964   472.352       552  0.182318  0.135031
   966      16    114135    114119   472.505       620 0.0410955  0.134995
   967      16    114267    114251   472.562       528  0.134984  0.134981
   968      16    114388    114372   472.574       484 0.0501744  0.134972
   969      16    114529    114513   472.668       564   0.32595   0.13495
   970      16    114663    114647   472.733       536 0.0334773  0.134921
   971      16    114792    114776   472.778       516  0.228749  0.134916
   972      16    114904    114888   472.752       448  0.420267   0.13492
   973      15    115042    115027   472.838       556  0.144515  0.134897
   974      16    115165    115149   472.853       488  0.208484  0.134878
   975      16    115292    115276   472.889       508   0.12085  0.134884
   976      15    115443    115428   473.028       6080.00373539  0.134846
   977      16    115559    115543   473.014       460 0.0537744  0.134841
   978      16    115694    115678   473.083       540 0.0043106   0.13483
   979      16    115830    115814   473.155       544  0.172444  0.134802
2016-04-11 22:40:02.557362min lat: 0.00264478 max lat: 2.07838 avg lat: 0.134804
   sec Cur ops   started  finished  avg MB/s  cur MB/s  last lat   avg lat
   980      16    115953    115937   473.174       492  0.225293  0.134804
   981      16    116092    116076   473.259       556 0.0461122  0.134774
   982      16    116219    116203   473.294       508 0.0394906  0.134766
   983      16    116369    116353   473.423       6000.00338575  0.134738
   984      16    116487    116471   473.421       472  0.609979  0.134719
   985      16    116577    116561   473.306       3600.00305182  0.134733
   986      16    116687    116671   473.272       4400.00311772  0.134776
   987      16    116796    116780   473.235       436 0.0556236  0.134784
   988      16    116939    116923   473.335       572 0.0498348  0.134758
   989      16    117058    117042   473.337       476 0.0462873  0.134752
   990      16    117173    117157   473.324       460  0.165941  0.134758
   991      16    117282    117266   473.286       436  0.111425  0.134752
   992      16    117401    117385   473.289       476 0.0974619  0.134756
   993      16    117527    117511    473.32       504  0.126165  0.134753
   994      16    117641    117625   473.302       4560.00313132  0.134764
   995      16    117757    117741   473.293       4640.00293789  0.134758
   996      16    117873    117857   473.283       464 0.0484426  0.134765
   997      16    117997    117981   473.306       496  0.198129  0.134768
   998      16    118119    118103   473.321       488 0.0540525  0.134753
   999      16    118266    118250   473.436       5880.00316935   0.13473
2016-04-11 22:40:22.558837min lat: 0.00264478 max lat: 2.07838 avg lat: 0.134712
   sec Cur ops   started  finished  avg MB/s  cur MB/s  last lat   avg lat
  1000      14    118388    118374   473.458       496  0.181924  0.134712
 Total time run:        1000.180839
Total reads made:     118388
Read size:            4194304
Bandwidth (MB/sec):    473.466 

Average Latency:       0.134731
Max latency:           2.07838
Min latency:           0.00264478
