   sec Cur ops   started  finished  avg MB/s  cur MB/s  last lat   avg lat
     0       0         0         0         0         0         -         0
     1      16       176       160  0.624935     0.625  0.050612 0.0938261
     2      16       369       353  0.689395  0.753906  0.109442 0.0877278
     3      16       572       556  0.723902  0.792969 0.0577359  0.084708
     4      16       776       760  0.742132  0.796875 0.0123617 0.0828892
     5      16       993       977  0.763226  0.847656 0.0436522 0.0812794
     6      16      1206      1190  0.774684  0.832031 0.0418921 0.0798426
     7      16      1419      1403  0.782869  0.832031  0.131093 0.0792738
     8      16      1617      1601  0.781683  0.773438 0.0268393 0.0794575
     9      16      1831      1815  0.787705  0.835938  0.225253 0.0787121
    10      16      2050      2034  0.794476  0.855469   0.05404 0.0781213
    11      16      2264      2248   0.79824  0.835938  0.113031 0.0777677
    12      16      2468      2452  0.798122  0.796875 0.0418556 0.0779953
    13      16      2682      2666  0.801027  0.835938 0.0191722 0.0776897
    14      16      2910      2894  0.807423  0.890625  0.028417 0.0771011
    15      16      3139      3123  0.813226  0.894531 0.0682969 0.0765674
 Total time run:        15.108262
Total reads made:     3140
Read size:            4096
Bandwidth (MB/sec):    0.812 

Average Latency:       0.0769638
Max latency:           0.488715
Min latency:           0.000168147
